2026-02-10 18:54:02,943 INFO org.apache.hadoop.mapreduce.v2.hs.JobHistoryServer: STARTUP_MSG: 
/************************************************************
STARTUP_MSG: Starting JobHistoryServer
STARTUP_MSG:   user = ubuntu
STARTUP_MSG:   host = 5f3efe19-7567-48d5-b729-3a098a5f313e-wcslice.novalocal/127.0.1.1
STARTUP_MSG:   args = []
STARTUP_MSG:   version = 2.8.1
STARTUP_MSG:   classpath = /home/ubuntu/hadoop-2.8.1/etc/hadoop:/home/ubuntu/hadoop-2.8.1/share/hadoop/common/lib/jetty-util-6.1.26.jar:/home/ubuntu/hadoop-2.8.1/share/hadoop/common/lib/commons-io-2.4.jar:/home/ubuntu/hadoop-2.8.1/share/hadoop/common/lib/xmlenc-0.52.jar:/home/ubuntu/hadoop-2.8.1/share/hadoop/common/lib/jcip-annotations-1.0.jar:/home/ubuntu/hadoop-2.8.1/share/hadoop/common/lib/commons-digester-1.8.jar:/home/ubuntu/hadoop-2.8.1/share/hadoop/common/lib/htrace-core4-4.0.1-incubating.jar:/home/ubuntu/hadoop-2.8.1/share/hadoop/common/lib/commons-collections-3.2.2.jar:/home/ubuntu/hadoop-2.8.1/share/hadoop/common/lib/junit-4.11.jar:/home/ubuntu/hadoop-2.8.1/share/hadoop/common/lib/commons-cli-1.2.jar:/home/ubuntu/hadoop-2.8.1/share/hadoop/common/lib/commons-beanutils-core-1.8.0.jar:/home/ubuntu/hadoop-2.8.1/share/hadoop/common/lib/jets3t-0.9.0.jar:/home/ubuntu/hadoop-2.8.1/share/hadoop/common/lib/api-asn1-api-1.0.0-M20.jar:/home/ubuntu/hadoop-2.8.1/share/hadoop/common/lib/servlet-api-2.5.jar:/home/ubuntu/hadoop-2.8.1/share/hadoop/common/lib/jetty-sslengine-6.1.26.jar:/home/ubuntu/hadoop-2.8.1/share/hadoop/common/lib/protobuf-java-2.5.0.jar:/home/ubuntu/hadoop-2.8.1/share/hadoop/common/lib/xz-1.0.jar:/home/ubuntu/hadoop-2.8.1/share/hadoop/common/lib/jaxb-api-2.2.2.jar:/home/ubuntu/hadoop-2.8.1/share/hadoop/common/lib/jaxb-impl-2.2.3-1.jar:/home/ubuntu/hadoop-2.8.1/share/hadoop/common/lib/paranamer-2.3.jar:/home/ubuntu/hadoop-2.8.1/share/hadoop/common/lib/activation-1.1.jar:/home/ubuntu/hadoop-2.8.1/share/hadoop/common/lib/jackson-jaxrs-1.9.13.jar:/home/ubuntu/hadoop-2.8.1/share/hadoop/common/lib/nimbus-jose-jwt-3.9.jar:/home/ubuntu/hadoop-2.8.1/share/hadoop/common/lib/zookeeper-3.4.6.jar:/home/ubuntu/hadoop-2.8.1/share/hadoop/common/lib/httpclient-4.5.2.jar:/home/ubuntu/hadoop-2.8.1/share/hadoop/common/lib/slf4j-api-1.7.10.jar:/home/ubuntu/hadoop-2.8.1/share/hadoop/common/lib/jersey-core-1.9.jar:/home/ubuntu/hadoop-2.8.1/share/hadoop/common/lib/apacheds-kerberos-codec-2.0.0-M15.jar:/home/ubuntu/hadoop-2.8.1/share/hadoop/common/lib/hamcrest-core-1.3.jar:/home/ubuntu/hadoop-2.8.1/share/hadoop/common/lib/gson-2.2.4.jar:/home/ubuntu/hadoop-2.8.1/share/hadoop/common/lib/stax-api-1.0-2.jar:/home/ubuntu/hadoop-2.8.1/share/hadoop/common/lib/commons-logging-1.1.3.jar:/home/ubuntu/hadoop-2.8.1/share/hadoop/common/lib/asm-3.2.jar:/home/ubuntu/hadoop-2.8.1/share/hadoop/common/lib/jsch-0.1.51.jar:/home/ubuntu/hadoop-2.8.1/share/hadoop/common/lib/curator-client-2.7.1.jar:/home/ubuntu/hadoop-2.8.1/share/hadoop/common/lib/guava-11.0.2.jar:/home/ubuntu/hadoop-2.8.1/share/hadoop/common/lib/hadoop-annotations-2.8.1.jar:/home/ubuntu/hadoop-2.8.1/share/hadoop/common/lib/mockito-all-1.8.5.jar:/home/ubuntu/hadoop-2.8.1/share/hadoop/common/lib/commons-compress-1.4.1.jar:/home/ubuntu/hadoop-2.8.1/share/hadoop/common/lib/commons-math3-3.1.1.jar:/home/ubuntu/hadoop-2.8.1/share/hadoop/common/lib/apacheds-i18n-2.0.0-M15.jar:/home/ubuntu/hadoop-2.8.1/share/hadoop/common/lib/jersey-server-1.9.jar:/home/ubuntu/hadoop-2.8.1/share/hadoop/common/lib/log4j-1.2.17.jar:/home/ubuntu/hadoop-2.8.1/share/hadoop/common/lib/jsr305-3.0.0.jar:/home/ubuntu/hadoop-2.8.1/share/hadoop/common/lib/httpcore-4.4.4.jar:/home/ubuntu/hadoop-2.8.1/share/hadoop/common/lib/avro-1.7.4.jar:/home/ubuntu/hadoop-2.8.1/share/hadoop/common/lib/hadoop-auth-2.8.1.jar:/home/ubuntu/hadoop-2.8.1/share/hadoop/common/lib/jersey-json-1.9.jar:/home/ubuntu/hadoop-2.8.1/share/hadoop/common/lib/jsp-api-2.1.jar:/home/ubuntu/hadoop-2.8.1/share/hadoop/common/lib/curator-framework-2.7.1.jar:/home/ubuntu/hadoop-2.8.1/share/hadoop/common/lib/snappy-java-1.0.4.1.jar:/home/ubuntu/hadoop-2.8.1/share/hadoop/common/lib/commons-net-3.1.jar:/home/ubuntu/hadoop-2.8.1/share/hadoop/common/lib/commons-codec-1.4.jar:/home/ubuntu/hadoop-2.8.1/share/hadoop/common/lib/slf4j-log4j12-1.7.10.jar:/home/ubuntu/hadoop-2.8.1/share/hadoop/common/lib/jackson-core-asl-1.9.13.jar:/home/ubuntu/hadoop-2.8.1/share/hadoop/common/lib/jetty-6.1.26.jar:/home/ubuntu/hadoop-2.8.1/share/hadoop/common/lib/commons-lang-2.6.jar:/home/ubuntu/hadoop-2.8.1/share/hadoop/common/lib/commons-beanutils-1.7.0.jar:/home/ubuntu/hadoop-2.8.1/share/hadoop/common/lib/jackson-xc-1.9.13.jar:/home/ubuntu/hadoop-2.8.1/share/hadoop/common/lib/netty-3.6.2.Final.jar:/home/ubuntu/hadoop-2.8.1/share/hadoop/common/lib/commons-configuration-1.6.jar:/home/ubuntu/hadoop-2.8.1/share/hadoop/common/lib/curator-recipes-2.7.1.jar:/home/ubuntu/hadoop-2.8.1/share/hadoop/common/lib/jackson-mapper-asl-1.9.13.jar:/home/ubuntu/hadoop-2.8.1/share/hadoop/common/lib/json-smart-1.1.1.jar:/home/ubuntu/hadoop-2.8.1/share/hadoop/common/lib/api-util-1.0.0-M20.jar:/home/ubuntu/hadoop-2.8.1/share/hadoop/common/lib/jettison-1.1.jar:/home/ubuntu/hadoop-2.8.1/share/hadoop/common/lib/java-xmlbuilder-0.4.jar:/home/ubuntu/hadoop-2.8.1/share/hadoop/common/hadoop-nfs-2.8.1.jar:/home/ubuntu/hadoop-2.8.1/share/hadoop/common/hadoop-common-2.8.1.jar:/home/ubuntu/hadoop-2.8.1/share/hadoop/common/hadoop-common-2.8.1-tests.jar:/home/ubuntu/hadoop-2.8.1/share/hadoop/hdfs:/home/ubuntu/hadoop-2.8.1/share/hadoop/hdfs/lib/jetty-util-6.1.26.jar:/home/ubuntu/hadoop-2.8.1/share/hadoop/hdfs/lib/commons-io-2.4.jar:/home/ubuntu/hadoop-2.8.1/share/hadoop/hdfs/lib/xmlenc-0.52.jar:/home/ubuntu/hadoop-2.8.1/share/hadoop/hdfs/lib/htrace-core4-4.0.1-incubating.jar:/home/ubuntu/hadoop-2.8.1/share/hadoop/hdfs/lib/xercesImpl-2.9.1.jar:/home/ubuntu/hadoop-2.8.1/share/hadoop/hdfs/lib/commons-cli-1.2.jar:/home/ubuntu/hadoop-2.8.1/share/hadoop/hdfs/lib/xml-apis-1.3.04.jar:/home/ubuntu/hadoop-2.8.1/share/hadoop/hdfs/lib/servlet-api-2.5.jar:/home/ubuntu/hadoop-2.8.1/share/hadoop/hdfs/lib/protobuf-java-2.5.0.jar:/home/ubuntu/hadoop-2.8.1/share/hadoop/hdfs/lib/netty-all-4.0.23.Final.jar:/home/ubuntu/hadoop-2.8.1/share/hadoop/hdfs/lib/jersey-core-1.9.jar:/home/ubuntu/hadoop-2.8.1/share/hadoop/hdfs/lib/leveldbjni-all-1.8.jar:/home/ubuntu/hadoop-2.8.1/share/hadoop/hdfs/lib/okhttp-2.4.0.jar:/home/ubuntu/hadoop-2.8.1/share/hadoop/hdfs/lib/commons-logging-1.1.3.jar:/home/ubuntu/hadoop-2.8.1/share/hadoop/hdfs/lib/asm-3.2.jar:/home/ubuntu/hadoop-2.8.1/share/hadoop/hdfs/lib/guava-11.0.2.jar:/home/ubuntu/hadoop-2.8.1/share/hadoop/hdfs/lib/jersey-server-1.9.jar:/home/ubuntu/hadoop-2.8.1/share/hadoop/hdfs/lib/log4j-1.2.17.jar:/home/ubuntu/hadoop-2.8.1/share/hadoop/hdfs/lib/jsr305-3.0.0.jar:/home/ubuntu/hadoop-2.8.1/share/hadoop/hdfs/lib/commons-codec-1.4.jar:/home/ubuntu/hadoop-2.8.1/share/hadoop/hdfs/lib/jackson-core-asl-1.9.13.jar:/home/ubuntu/hadoop-2.8.1/share/hadoop/hdfs/lib/jetty-6.1.26.jar:/home/ubuntu/hadoop-2.8.1/share/hadoop/hdfs/lib/commons-lang-2.6.jar:/home/ubuntu/hadoop-2.8.1/share/hadoop/hdfs/lib/commons-daemon-1.0.13.jar:/home/ubuntu/hadoop-2.8.1/share/hadoop/hdfs/lib/netty-3.6.2.Final.jar:/home/ubuntu/hadoop-2.8.1/share/hadoop/hdfs/lib/jackson-mapper-asl-1.9.13.jar:/home/ubuntu/hadoop-2.8.1/share/hadoop/hdfs/lib/okio-1.4.0.jar:/home/ubuntu/hadoop-2.8.1/share/hadoop/hdfs/lib/hadoop-hdfs-client-2.8.1.jar:/home/ubuntu/hadoop-2.8.1/share/hadoop/hdfs/hadoop-hdfs-client-2.8.1-tests.jar:/home/ubuntu/hadoop-2.8.1/share/hadoop/hdfs/hadoop-hdfs-native-client-2.8.1.jar:/home/ubuntu/hadoop-2.8.1/share/hadoop/hdfs/hadoop-hdfs-nfs-2.8.1.jar:/home/ubuntu/hadoop-2.8.1/share/hadoop/hdfs/hadoop-hdfs-2.8.1.jar:/home/ubuntu/hadoop-2.8.1/share/hadoop/hdfs/hadoop-hdfs-2.8.1-tests.jar:/home/ubuntu/hadoop-2.8.1/share/hadoop/hdfs/hadoop-hdfs-native-client-2.8.1-tests.jar:/home/ubuntu/hadoop-2.8.1/share/hadoop/hdfs/hadoop-hdfs-client-2.8.1.jar:/home/ubuntu/hadoop-2.8.1/share/hadoop/yarn/lib/guice-3.0.jar:/home/ubuntu/hadoop-2.8.1/share/hadoop/yarn/lib/jetty-util-6.1.26.jar:/home/ubuntu/hadoop-2.8.1/share/hadoop/yarn/lib/objenesis-2.1.jar:/home/ubuntu/hadoop-2.8.1/share/hadoop/yarn/lib/commons-io-2.4.jar:/home/ubuntu/hadoop-2.8.1/share/hadoop/yarn/lib/jersey-guice-1.9.jar:/home/ubuntu/hadoop-2.8.1/share/hadoop/yarn/lib/javassist-3.18.1-GA.jar:/home/ubuntu/hadoop-2.8.1/share/hadoop/yarn/lib/commons-collections-3.2.2.jar:/home/ubuntu/hadoop-2.8.1/share/hadoop/yarn/lib/fst-2.24.jar:/home/ubuntu/hadoop-2.8.1/share/hadoop/yarn/lib/aopalliance-1.0.jar:/home/ubuntu/hadoop-2.8.1/share/hadoop/yarn/lib/commons-cli-1.2.jar:/home/ubuntu/hadoop-2.8.1/share/hadoop/yarn/lib/servlet-api-2.5.jar:/home/ubuntu/hadoop-2.8.1/share/hadoop/yarn/lib/protobuf-java-2.5.0.jar:/home/ubuntu/hadoop-2.8.1/share/hadoop/yarn/lib/xz-1.0.jar:/home/ubuntu/hadoop-2.8.1/share/hadoop/yarn/lib/jaxb-api-2.2.2.jar:/home/ubuntu/hadoop-2.8.1/share/hadoop/yarn/lib/jaxb-impl-2.2.3-1.jar:/home/ubuntu/hadoop-2.8.1/share/hadoop/yarn/lib/activation-1.1.jar:/home/ubuntu/hadoop-2.8.1/share/hadoop/yarn/lib/jackson-jaxrs-1.9.13.jar:/home/ubuntu/hadoop-2.8.1/share/hadoop/yarn/lib/zookeeper-3.4.6.jar:/home/ubuntu/hadoop-2.8.1/share/hadoop/yarn/lib/jersey-core-1.9.jar:/home/ubuntu/hadoop-2.8.1/share/hadoop/yarn/lib/guice-servlet-3.0.jar:/home/ubuntu/hadoop-2.8.1/share/hadoop/yarn/lib/commons-math-2.2.jar:/home/ubuntu/hadoop-2.8.1/share/hadoop/yarn/lib/leveldbjni-all-1.8.jar:/home/ubuntu/hadoop-2.8.1/share/hadoop/yarn/lib/stax-api-1.0-2.jar:/home/ubuntu/hadoop-2.8.1/share/hadoop/yarn/lib/commons-logging-1.1.3.jar:/home/ubuntu/hadoop-2.8.1/share/hadoop/yarn/lib/asm-3.2.jar:/home/ubuntu/hadoop-2.8.1/share/hadoop/yarn/lib/curator-client-2.7.1.jar:/home/ubuntu/hadoop-2.8.1/share/hadoop/yarn/lib/jersey-client-1.9.jar:/home/ubuntu/hadoop-2.8.1/share/hadoop/yarn/lib/guava-11.0.2.jar:/home/ubuntu/hadoop-2.8.1/share/hadoop/yarn/lib/commons-compress-1.4.1.jar:/home/ubuntu/hadoop-2.8.1/share/hadoop/yarn/lib/curator-test-2.7.1.jar:/home/ubuntu/hadoop-2.8.1/share/hadoop/yarn/lib/jersey-server-1.9.jar:/home/ubuntu/hadoop-2.8.1/share/hadoop/yarn/lib/log4j-1.2.17.jar:/home/ubuntu/hadoop-2.8.1/share/hadoop/yarn/lib/jsr305-3.0.0.jar:/home/ubuntu/hadoop-2.8.1/share/hadoop/yarn/lib/jersey-json-1.9.jar:/home/ubuntu/hadoop-2.8.1/share/hadoop/yarn/lib/commons-codec-1.4.jar:/home/ubuntu/hadoop-2.8.1/share/hadoop/yarn/lib/jackson-core-asl-1.9.13.jar:/home/ubuntu/hadoop-2.8.1/share/hadoop/yarn/lib/jetty-6.1.26.jar:/home/ubuntu/hadoop-2.8.1/share/hadoop/yarn/lib/commons-lang-2.6.jar:/home/ubuntu/hadoop-2.8.1/share/hadoop/yarn/lib/jackson-xc-1.9.13.jar:/home/ubuntu/hadoop-2.8.1/share/hadoop/yarn/lib/zookeeper-3.4.6-tests.jar:/home/ubuntu/hadoop-2.8.1/share/hadoop/yarn/lib/netty-3.6.2.Final.jar:/home/ubuntu/hadoop-2.8.1/share/hadoop/yarn/lib/javax.inject-1.jar:/home/ubuntu/hadoop-2.8.1/share/hadoop/yarn/lib/jackson-mapper-asl-1.9.13.jar:/home/ubuntu/hadoop-2.8.1/share/hadoop/yarn/lib/jettison-1.1.jar:/home/ubuntu/hadoop-2.8.1/share/hadoop/yarn/hadoop-yarn-server-resourcemanager-2.8.1.jar:/home/ubuntu/hadoop-2.8.1/share/hadoop/yarn/hadoop-yarn-applications-distributedshell-2.8.1.jar:/home/ubuntu/hadoop-2.8.1/share/hadoop/yarn/hadoop-yarn-server-applicationhistoryservice-2.8.1.jar:/home/ubuntu/hadoop-2.8.1/share/hadoop/yarn/hadoop-yarn-common-2.8.1.jar:/home/ubuntu/hadoop-2.8.1/share/hadoop/yarn/hadoop-yarn-api-2.8.1.jar:/home/ubuntu/hadoop-2.8.1/share/hadoop/yarn/hadoop-yarn-server-common-2.8.1.jar:/home/ubuntu/hadoop-2.8.1/share/hadoop/yarn/hadoop-yarn-server-web-proxy-2.8.1.jar:/home/ubuntu/hadoop-2.8.1/share/hadoop/yarn/hadoop-yarn-client-2.8.1.jar:/home/ubuntu/hadoop-2.8.1/share/hadoop/yarn/hadoop-yarn-server-nodemanager-2.8.1.jar:/home/ubuntu/hadoop-2.8.1/share/hadoop/yarn/hadoop-yarn-registry-2.8.1.jar:/home/ubuntu/hadoop-2.8.1/share/hadoop/yarn/hadoop-yarn-server-tests-2.8.1.jar:/home/ubuntu/hadoop-2.8.1/share/hadoop/yarn/hadoop-yarn-server-sharedcachemanager-2.8.1.jar:/home/ubuntu/hadoop-2.8.1/share/hadoop/yarn/hadoop-yarn-server-timeline-pluginstorage-2.8.1.jar:/home/ubuntu/hadoop-2.8.1/share/hadoop/yarn/hadoop-yarn-applications-unmanaged-am-launcher-2.8.1.jar:/home/ubuntu/hadoop-2.8.1/share/hadoop/mapreduce/lib/guice-3.0.jar:/home/ubuntu/hadoop-2.8.1/share/hadoop/mapreduce/lib/commons-io-2.4.jar:/home/ubuntu/hadoop-2.8.1/share/hadoop/mapreduce/lib/jersey-guice-1.9.jar:/home/ubuntu/hadoop-2.8.1/share/hadoop/mapreduce/lib/junit-4.11.jar:/home/ubuntu/hadoop-2.8.1/share/hadoop/mapreduce/lib/aopalliance-1.0.jar:/home/ubuntu/hadoop-2.8.1/share/hadoop/mapreduce/lib/protobuf-java-2.5.0.jar:/home/ubuntu/hadoop-2.8.1/share/hadoop/mapreduce/lib/xz-1.0.jar:/home/ubuntu/hadoop-2.8.1/share/hadoop/mapreduce/lib/paranamer-2.3.jar:/home/ubuntu/hadoop-2.8.1/share/hadoop/mapreduce/lib/jersey-core-1.9.jar:/home/ubuntu/hadoop-2.8.1/share/hadoop/mapreduce/lib/guice-servlet-3.0.jar:/home/ubuntu/hadoop-2.8.1/share/hadoop/mapreduce/lib/hamcrest-core-1.3.jar:/home/ubuntu/hadoop-2.8.1/share/hadoop/mapreduce/lib/leveldbjni-all-1.8.jar:/home/ubuntu/hadoop-2.8.1/share/hadoop/mapreduce/lib/asm-3.2.jar:/home/ubuntu/hadoop-2.8.1/share/hadoop/mapreduce/lib/hadoop-annotations-2.8.1.jar:/home/ubuntu/hadoop-2.8.1/share/hadoop/mapreduce/lib/commons-compress-1.4.1.jar:/home/ubuntu/hadoop-2.8.1/share/hadoop/mapreduce/lib/jersey-server-1.9.jar:/home/ubuntu/hadoop-2.8.1/share/hadoop/mapreduce/lib/log4j-1.2.17.jar:/home/ubuntu/hadoop-2.8.1/share/hadoop/mapreduce/lib/avro-1.7.4.jar:/home/ubuntu/hadoop-2.8.1/share/hadoop/mapreduce/lib/snappy-java-1.0.4.1.jar:/home/ubuntu/hadoop-2.8.1/share/hadoop/mapreduce/lib/jackson-core-asl-1.9.13.jar:/home/ubuntu/hadoop-2.8.1/share/hadoop/mapreduce/lib/netty-3.6.2.Final.jar:/home/ubuntu/hadoop-2.8.1/share/hadoop/mapreduce/lib/javax.inject-1.jar:/home/ubuntu/hadoop-2.8.1/share/hadoop/mapreduce/lib/jackson-mapper-asl-1.9.13.jar:/home/ubuntu/hadoop-2.8.1/share/hadoop/mapreduce/hadoop-mapreduce-client-hs-plugins-2.8.1.jar:/home/ubuntu/hadoop-2.8.1/share/hadoop/mapreduce/hadoop-mapreduce-examples-2.8.1.jar:/home/ubuntu/hadoop-2.8.1/share/hadoop/mapreduce/hadoop-mapreduce-client-jobclient-2.8.1.jar:/home/ubuntu/hadoop-2.8.1/share/hadoop/mapreduce/hadoop-mapreduce-client-core-2.8.1.jar:/home/ubuntu/hadoop-2.8.1/share/hadoop/mapreduce/hadoop-mapreduce-client-common-2.8.1.jar:/home/ubuntu/hadoop-2.8.1/share/hadoop/mapreduce/hadoop-mapreduce-client-jobclient-2.8.1-tests.jar:/home/ubuntu/hadoop-2.8.1/share/hadoop/mapreduce/hadoop-mapreduce-client-shuffle-2.8.1.jar:/home/ubuntu/hadoop-2.8.1/share/hadoop/mapreduce/hadoop-mapreduce-client-hs-2.8.1.jar:/home/ubuntu/hadoop-2.8.1/share/hadoop/mapreduce/hadoop-mapreduce-client-app-2.8.1.jar:/home/ubuntu/hadoop-2.8.1/contrib/capacity-scheduler/*.jar:/home/ubuntu/hadoop-2.8.1/contrib/capacity-scheduler/*.jar:/home/ubuntu/hadoop-2.8.1/share/hadoop/mapreduce/hadoop-mapreduce-client-app-2.8.1.jar:/home/ubuntu/hadoop-2.8.1/share/hadoop/mapreduce/hadoop-mapreduce-client-common-2.8.1.jar:/home/ubuntu/hadoop-2.8.1/share/hadoop/mapreduce/hadoop-mapreduce-client-core-2.8.1.jar:/home/ubuntu/hadoop-2.8.1/share/hadoop/mapreduce/hadoop-mapreduce-client-hs-2.8.1.jar:/home/ubuntu/hadoop-2.8.1/share/hadoop/mapreduce/hadoop-mapreduce-client-hs-plugins-2.8.1.jar:/home/ubuntu/hadoop-2.8.1/share/hadoop/mapreduce/hadoop-mapreduce-client-jobclient-2.8.1-tests.jar:/home/ubuntu/hadoop-2.8.1/share/hadoop/mapreduce/hadoop-mapreduce-client-jobclient-2.8.1.jar:/home/ubuntu/hadoop-2.8.1/share/hadoop/mapreduce/hadoop-mapreduce-client-shuffle-2.8.1.jar:/home/ubuntu/hadoop-2.8.1/share/hadoop/mapreduce/hadoop-mapreduce-examples-2.8.1.jar:/home/ubuntu/hadoop-2.8.1/share/hadoop/yarn/hadoop-yarn-api-2.8.1.jar:/home/ubuntu/hadoop-2.8.1/share/hadoop/yarn/hadoop-yarn-applications-distributedshell-2.8.1.jar:/home/ubuntu/hadoop-2.8.1/share/hadoop/yarn/hadoop-yarn-applications-unmanaged-am-launcher-2.8.1.jar:/home/ubuntu/hadoop-2.8.1/share/hadoop/yarn/hadoop-yarn-client-2.8.1.jar:/home/ubuntu/hadoop-2.8.1/share/hadoop/yarn/hadoop-yarn-common-2.8.1.jar:/home/ubuntu/hadoop-2.8.1/share/hadoop/yarn/hadoop-yarn-registry-2.8.1.jar:/home/ubuntu/hadoop-2.8.1/share/hadoop/yarn/hadoop-yarn-server-applicationhistoryservice-2.8.1.jar:/home/ubuntu/hadoop-2.8.1/share/hadoop/yarn/hadoop-yarn-server-common-2.8.1.jar:/home/ubuntu/hadoop-2.8.1/share/hadoop/yarn/hadoop-yarn-server-nodemanager-2.8.1.jar:/home/ubuntu/hadoop-2.8.1/share/hadoop/yarn/hadoop-yarn-server-resourcemanager-2.8.1.jar:/home/ubuntu/hadoop-2.8.1/share/hadoop/yarn/hadoop-yarn-server-sharedcachemanager-2.8.1.jar:/home/ubuntu/hadoop-2.8.1/share/hadoop/yarn/hadoop-yarn-server-tests-2.8.1.jar:/home/ubuntu/hadoop-2.8.1/share/hadoop/yarn/hadoop-yarn-server-timeline-pluginstorage-2.8.1.jar:/home/ubuntu/hadoop-2.8.1/share/hadoop/yarn/hadoop-yarn-server-web-proxy-2.8.1.jar:/home/ubuntu/hadoop-2.8.1/share/hadoop/mapreduce/lib/aopalliance-1.0.jar:/home/ubuntu/hadoop-2.8.1/share/hadoop/mapreduce/lib/asm-3.2.jar:/home/ubuntu/hadoop-2.8.1/share/hadoop/mapreduce/lib/avro-1.7.4.jar:/home/ubuntu/hadoop-2.8.1/share/hadoop/mapreduce/lib/commons-compress-1.4.1.jar:/home/ubuntu/hadoop-2.8.1/share/hadoop/mapreduce/lib/commons-io-2.4.jar:/home/ubuntu/hadoop-2.8.1/share/hadoop/mapreduce/lib/guice-3.0.jar:/home/ubuntu/hadoop-2.8.1/share/hadoop/mapreduce/lib/guice-servlet-3.0.jar:/home/ubuntu/hadoop-2.8.1/share/hadoop/mapreduce/lib/hadoop-annotations-2.8.1.jar:/home/ubuntu/hadoop-2.8.1/share/hadoop/mapreduce/lib/hamcrest-core-1.3.jar:/home/ubuntu/hadoop-2.8.1/share/hadoop/mapreduce/lib/jackson-core-asl-1.9.13.jar:/home/ubuntu/hadoop-2.8.1/share/hadoop/mapreduce/lib/jackson-mapper-asl-1.9.13.jar:/home/ubuntu/hadoop-2.8.1/share/hadoop/mapreduce/lib/javax.inject-1.jar:/home/ubuntu/hadoop-2.8.1/share/hadoop/mapreduce/lib/jersey-core-1.9.jar:/home/ubuntu/hadoop-2.8.1/share/hadoop/mapreduce/lib/jersey-guice-1.9.jar:/home/ubuntu/hadoop-2.8.1/share/hadoop/mapreduce/lib/jersey-server-1.9.jar:/home/ubuntu/hadoop-2.8.1/share/hadoop/mapreduce/lib/junit-4.11.jar:/home/ubuntu/hadoop-2.8.1/share/hadoop/mapreduce/lib/leveldbjni-all-1.8.jar:/home/ubuntu/hadoop-2.8.1/share/hadoop/mapreduce/lib/log4j-1.2.17.jar:/home/ubuntu/hadoop-2.8.1/share/hadoop/mapreduce/lib/netty-3.6.2.Final.jar:/home/ubuntu/hadoop-2.8.1/share/hadoop/mapreduce/lib/paranamer-2.3.jar:/home/ubuntu/hadoop-2.8.1/share/hadoop/mapreduce/lib/protobuf-java-2.5.0.jar:/home/ubuntu/hadoop-2.8.1/share/hadoop/mapreduce/lib/snappy-java-1.0.4.1.jar:/home/ubuntu/hadoop-2.8.1/share/hadoop/mapreduce/lib/xz-1.0.jar:/home/ubuntu/hadoop-2.8.1/modules/*.jar
STARTUP_MSG:   build = https://git-wip-us.apache.org/repos/asf/hadoop.git -r 20fe5304904fc2f5a18053c389e43cd26f7a70fe; compiled by 'vinodkv' on 2017-06-02T06:14Z
STARTUP_MSG:   java = 1.8.0_452
************************************************************/
2026-02-10 18:54:02,947 INFO org.apache.hadoop.mapreduce.v2.hs.JobHistoryServer: registered UNIX signal handlers for [TERM, HUP, INT]
2026-02-10 18:54:03,319 INFO org.apache.hadoop.metrics2.impl.MetricsConfig: loaded properties from hadoop-metrics2.properties
2026-02-10 18:54:03,359 INFO org.apache.hadoop.metrics2.impl.MetricsSystemImpl: Scheduled Metric snapshot period at 10 second(s).
2026-02-10 18:54:03,359 INFO org.apache.hadoop.metrics2.impl.MetricsSystemImpl: JobHistoryServer metrics system started
2026-02-10 18:54:03,362 INFO org.apache.hadoop.mapreduce.v2.hs.JobHistory: JobHistory Init
2026-02-10 18:54:03,605 INFO org.apache.hadoop.mapreduce.v2.jobhistory.JobHistoryUtils: Default file system [hdfs://localhost:9000]
2026-02-10 18:54:03,728 INFO org.apache.hadoop.mapreduce.v2.hs.HistoryFileManager: Perms after creating 504, Expected: 504
2026-02-10 18:54:03,739 INFO org.apache.hadoop.mapreduce.v2.jobhistory.JobHistoryUtils: Default file system [hdfs://localhost:9000]
2026-02-10 18:54:03,744 INFO org.apache.hadoop.mapreduce.v2.hs.HistoryFileManager: Perms after creating 493, Expected: 1023
2026-02-10 18:54:03,744 INFO org.apache.hadoop.mapreduce.v2.hs.HistoryFileManager: Explicitly setting permissions to : 1023, rwxrwxrwt
2026-02-10 18:54:13,751 INFO org.apache.hadoop.mapreduce.v2.hs.HistoryFileManager: Initializing Existing Jobs...
2026-02-10 18:54:13,764 INFO org.apache.hadoop.mapreduce.v2.hs.CachedHistoryStorage: CachedHistoryStorage Init
2026-02-10 18:54:13,776 INFO org.apache.hadoop.ipc.CallQueueManager: Using callQueue: class java.util.concurrent.LinkedBlockingQueue queueCapacity: 100 scheduler: class org.apache.hadoop.ipc.DefaultRpcScheduler
2026-02-10 18:54:13,780 INFO org.apache.hadoop.ipc.Server: Starting Socket Reader #1 for port 10033
2026-02-10 18:54:13,854 INFO org.apache.hadoop.security.token.delegation.AbstractDelegationTokenSecretManager: Updating the current master key for generating delegation tokens
2026-02-10 18:54:13,855 INFO org.apache.hadoop.util.JvmPauseMonitor: Starting JVM pause monitor
2026-02-10 18:54:13,858 INFO org.apache.hadoop.security.token.delegation.AbstractDelegationTokenSecretManager: Starting expired delegation token remover thread, tokenRemoverScanInterval=60 min(s)
2026-02-10 18:54:13,858 INFO org.apache.hadoop.security.token.delegation.AbstractDelegationTokenSecretManager: Updating the current master key for generating delegation tokens
2026-02-10 18:54:13,893 INFO org.mortbay.log: Logging to org.slf4j.impl.Log4jLoggerAdapter(org.mortbay.log) via org.mortbay.log.Slf4jLog
2026-02-10 18:54:13,899 INFO org.apache.hadoop.security.authentication.server.AuthenticationFilter: Unable to initialize FileSignerSecretProvider, falling back to use random secrets.
2026-02-10 18:54:13,901 INFO org.apache.hadoop.http.HttpRequestLog: Http request log for http.requests.jobhistory is not defined
2026-02-10 18:54:13,904 INFO org.apache.hadoop.http.HttpServer2: Added global filter 'safety' (class=org.apache.hadoop.http.HttpServer2$QuotingInputFilter)
2026-02-10 18:54:13,905 INFO org.apache.hadoop.http.HttpServer2: Added filter static_user_filter (class=org.apache.hadoop.http.lib.StaticUserWebFilter$StaticUserFilter) to context jobhistory
2026-02-10 18:54:13,905 INFO org.apache.hadoop.http.HttpServer2: Added filter static_user_filter (class=org.apache.hadoop.http.lib.StaticUserWebFilter$StaticUserFilter) to context static
2026-02-10 18:54:13,905 INFO org.apache.hadoop.http.HttpServer2: Added filter static_user_filter (class=org.apache.hadoop.http.lib.StaticUserWebFilter$StaticUserFilter) to context logs
2026-02-10 18:54:13,907 INFO org.apache.hadoop.http.HttpServer2: adding path spec: /jobhistory/*
2026-02-10 18:54:13,907 INFO org.apache.hadoop.http.HttpServer2: adding path spec: /ws/*
2026-02-10 18:54:14,051 INFO org.apache.hadoop.yarn.webapp.WebApps: Registered webapp guice modules
2026-02-10 18:54:14,052 INFO org.apache.hadoop.http.HttpServer2: Jetty bound to port 19888
2026-02-10 18:54:14,052 INFO org.mortbay.log: jetty-6.1.26
2026-02-10 18:54:14,063 INFO org.mortbay.log: Extract jar:file:/home/ubuntu/hadoop-2.8.1/share/hadoop/yarn/hadoop-yarn-common-2.8.1.jar!/webapps/jobhistory to /tmp/Jetty_0_0_0_0_19888_jobhistory____.djq1tw/webapp
2026-02-10 18:54:14,463 INFO org.mortbay.log: Started HttpServer2$SelectChannelConnectorWithSafeStartup@0.0.0.0:19888
2026-02-10 18:54:14,463 INFO org.apache.hadoop.yarn.webapp.WebApps: Web app jobhistory started at 19888
2026-02-10 18:54:14,474 INFO org.apache.hadoop.ipc.CallQueueManager: Using callQueue: class java.util.concurrent.LinkedBlockingQueue queueCapacity: 1000 scheduler: class org.apache.hadoop.ipc.DefaultRpcScheduler
2026-02-10 18:54:14,477 INFO org.apache.hadoop.ipc.Server: Starting Socket Reader #1 for port 10020
2026-02-10 18:54:14,486 INFO org.apache.hadoop.yarn.factories.impl.pb.RpcServerFactoryPBImpl: Adding protocol org.apache.hadoop.mapreduce.v2.api.HSClientProtocolPB to the server
2026-02-10 18:54:14,491 INFO org.apache.hadoop.ipc.Server: IPC Server listener on 10020: starting
2026-02-10 18:54:14,491 INFO org.apache.hadoop.ipc.Server: IPC Server Responder: starting
2026-02-10 18:54:14,498 INFO org.apache.hadoop.mapreduce.v2.hs.HistoryClientService: Instantiated HistoryClientService at 5f3efe19-7567-48d5-b729-3a098a5f313e-wcslice.novalocal/127.0.1.1:10020
2026-02-10 18:54:14,498 INFO org.apache.hadoop.ipc.Server: IPC Server Responder: starting
2026-02-10 18:54:14,498 INFO org.apache.hadoop.ipc.Server: IPC Server listener on 10033: starting
2026-02-10 18:54:43,859 INFO org.apache.hadoop.mapreduce.v2.hs.JobHistory: History Cleaner started
2026-02-10 18:54:43,862 INFO org.apache.hadoop.mapreduce.v2.hs.JobHistory: History Cleaner complete
2026-02-10 18:57:13,858 INFO org.apache.hadoop.mapreduce.v2.hs.JobHistory: Starting scan to move intermediate done files
2026-02-10 19:00:13,858 INFO org.apache.hadoop.mapreduce.v2.hs.JobHistory: Starting scan to move intermediate done files
2026-02-10 19:03:13,858 INFO org.apache.hadoop.mapreduce.v2.hs.JobHistory: Starting scan to move intermediate done files
2026-02-10 19:06:13,858 INFO org.apache.hadoop.mapreduce.v2.hs.JobHistory: Starting scan to move intermediate done files
2026-02-10 19:09:13,858 INFO org.apache.hadoop.mapreduce.v2.hs.JobHistory: Starting scan to move intermediate done files
2026-02-10 19:12:13,858 INFO org.apache.hadoop.mapreduce.v2.hs.JobHistory: Starting scan to move intermediate done files
2026-02-10 19:15:13,858 INFO org.apache.hadoop.mapreduce.v2.hs.JobHistory: Starting scan to move intermediate done files
2026-02-10 19:18:13,858 INFO org.apache.hadoop.mapreduce.v2.hs.JobHistory: Starting scan to move intermediate done files
2026-02-10 19:21:13,858 INFO org.apache.hadoop.mapreduce.v2.hs.JobHistory: Starting scan to move intermediate done files
2026-02-10 19:24:13,858 INFO org.apache.hadoop.mapreduce.v2.hs.JobHistory: Starting scan to move intermediate done files
2026-02-10 19:27:13,858 INFO org.apache.hadoop.mapreduce.v2.hs.JobHistory: Starting scan to move intermediate done files
2026-02-10 19:30:13,858 INFO org.apache.hadoop.mapreduce.v2.hs.JobHistory: Starting scan to move intermediate done files
2026-02-10 19:33:13,858 INFO org.apache.hadoop.mapreduce.v2.hs.JobHistory: Starting scan to move intermediate done files
2026-02-10 19:36:13,858 INFO org.apache.hadoop.mapreduce.v2.hs.JobHistory: Starting scan to move intermediate done files
2026-02-10 19:39:13,858 INFO org.apache.hadoop.mapreduce.v2.hs.JobHistory: Starting scan to move intermediate done files
2026-02-10 19:42:13,858 INFO org.apache.hadoop.mapreduce.v2.hs.JobHistory: Starting scan to move intermediate done files
2026-02-10 19:45:13,858 INFO org.apache.hadoop.mapreduce.v2.hs.JobHistory: Starting scan to move intermediate done files
2026-02-10 19:48:13,858 INFO org.apache.hadoop.mapreduce.v2.hs.JobHistory: Starting scan to move intermediate done files
2026-02-10 19:51:13,858 INFO org.apache.hadoop.mapreduce.v2.hs.JobHistory: Starting scan to move intermediate done files
2026-02-10 19:54:13,858 INFO org.apache.hadoop.mapreduce.v2.hs.JobHistory: Starting scan to move intermediate done files
2026-02-10 19:57:13,858 INFO org.apache.hadoop.mapreduce.v2.hs.JobHistory: Starting scan to move intermediate done files
2026-02-10 20:00:13,858 INFO org.apache.hadoop.mapreduce.v2.hs.JobHistory: Starting scan to move intermediate done files
2026-02-10 20:03:13,858 INFO org.apache.hadoop.mapreduce.v2.hs.JobHistory: Starting scan to move intermediate done files
2026-02-10 20:06:13,858 INFO org.apache.hadoop.mapreduce.v2.hs.JobHistory: Starting scan to move intermediate done files
2026-02-10 20:09:13,858 INFO org.apache.hadoop.mapreduce.v2.hs.JobHistory: Starting scan to move intermediate done files
2026-02-10 20:12:13,858 INFO org.apache.hadoop.mapreduce.v2.hs.JobHistory: Starting scan to move intermediate done files
2026-02-10 20:15:13,858 INFO org.apache.hadoop.mapreduce.v2.hs.JobHistory: Starting scan to move intermediate done files
2026-02-10 20:18:13,858 INFO org.apache.hadoop.mapreduce.v2.hs.JobHistory: Starting scan to move intermediate done files
2026-02-10 20:21:13,858 INFO org.apache.hadoop.mapreduce.v2.hs.JobHistory: Starting scan to move intermediate done files
2026-02-10 20:24:13,858 INFO org.apache.hadoop.mapreduce.v2.hs.JobHistory: Starting scan to move intermediate done files
2026-02-10 20:27:13,858 INFO org.apache.hadoop.mapreduce.v2.hs.JobHistory: Starting scan to move intermediate done files
2026-02-10 20:30:13,858 INFO org.apache.hadoop.mapreduce.v2.hs.JobHistory: Starting scan to move intermediate done files
2026-02-10 20:33:13,858 INFO org.apache.hadoop.mapreduce.v2.hs.JobHistory: Starting scan to move intermediate done files
2026-02-10 20:36:13,858 INFO org.apache.hadoop.mapreduce.v2.hs.JobHistory: Starting scan to move intermediate done files
2026-02-10 20:39:13,858 INFO org.apache.hadoop.mapreduce.v2.hs.JobHistory: Starting scan to move intermediate done files
2026-02-10 20:42:13,858 INFO org.apache.hadoop.mapreduce.v2.hs.JobHistory: Starting scan to move intermediate done files
2026-02-10 20:45:13,858 INFO org.apache.hadoop.mapreduce.v2.hs.JobHistory: Starting scan to move intermediate done files
2026-02-10 20:48:13,858 INFO org.apache.hadoop.mapreduce.v2.hs.JobHistory: Starting scan to move intermediate done files
2026-02-10 20:51:13,858 INFO org.apache.hadoop.mapreduce.v2.hs.JobHistory: Starting scan to move intermediate done files
2026-02-10 20:54:13,858 INFO org.apache.hadoop.mapreduce.v2.hs.JobHistory: Starting scan to move intermediate done files
2026-02-10 20:57:13,858 INFO org.apache.hadoop.mapreduce.v2.hs.JobHistory: Starting scan to move intermediate done files
2026-02-10 21:00:13,858 INFO org.apache.hadoop.mapreduce.v2.hs.JobHistory: Starting scan to move intermediate done files
2026-02-10 21:03:13,858 INFO org.apache.hadoop.mapreduce.v2.hs.JobHistory: Starting scan to move intermediate done files
2026-02-10 21:06:13,858 INFO org.apache.hadoop.mapreduce.v2.hs.JobHistory: Starting scan to move intermediate done files
2026-02-10 21:09:13,858 INFO org.apache.hadoop.mapreduce.v2.hs.JobHistory: Starting scan to move intermediate done files
2026-02-10 21:12:13,858 INFO org.apache.hadoop.mapreduce.v2.hs.JobHistory: Starting scan to move intermediate done files
2026-02-10 21:15:13,858 INFO org.apache.hadoop.mapreduce.v2.hs.JobHistory: Starting scan to move intermediate done files
2026-02-10 21:18:13,858 INFO org.apache.hadoop.mapreduce.v2.hs.JobHistory: Starting scan to move intermediate done files
2026-02-10 21:21:13,858 INFO org.apache.hadoop.mapreduce.v2.hs.JobHistory: Starting scan to move intermediate done files
2026-02-10 21:24:13,858 INFO org.apache.hadoop.mapreduce.v2.hs.JobHistory: Starting scan to move intermediate done files
2026-02-10 21:27:13,858 INFO org.apache.hadoop.mapreduce.v2.hs.JobHistory: Starting scan to move intermediate done files
2026-02-10 21:30:13,858 INFO org.apache.hadoop.mapreduce.v2.hs.JobHistory: Starting scan to move intermediate done files
2026-02-10 21:33:13,858 INFO org.apache.hadoop.mapreduce.v2.hs.JobHistory: Starting scan to move intermediate done files
2026-02-10 21:36:13,858 INFO org.apache.hadoop.mapreduce.v2.hs.JobHistory: Starting scan to move intermediate done files
2026-02-10 21:39:13,858 INFO org.apache.hadoop.mapreduce.v2.hs.JobHistory: Starting scan to move intermediate done files
2026-02-10 21:42:13,858 INFO org.apache.hadoop.mapreduce.v2.hs.JobHistory: Starting scan to move intermediate done files
2026-02-10 21:45:13,858 INFO org.apache.hadoop.mapreduce.v2.hs.JobHistory: Starting scan to move intermediate done files
2026-02-10 21:48:13,858 INFO org.apache.hadoop.mapreduce.v2.hs.JobHistory: Starting scan to move intermediate done files
2026-02-10 21:51:13,858 INFO org.apache.hadoop.mapreduce.v2.hs.JobHistory: Starting scan to move intermediate done files
2026-02-10 21:54:13,858 INFO org.apache.hadoop.mapreduce.v2.hs.JobHistory: Starting scan to move intermediate done files
2026-02-10 21:57:13,858 INFO org.apache.hadoop.mapreduce.v2.hs.JobHistory: Starting scan to move intermediate done files
2026-02-10 22:00:13,858 INFO org.apache.hadoop.mapreduce.v2.hs.JobHistory: Starting scan to move intermediate done files
2026-02-10 22:03:13,858 INFO org.apache.hadoop.mapreduce.v2.hs.JobHistory: Starting scan to move intermediate done files
2026-02-10 22:06:13,858 INFO org.apache.hadoop.mapreduce.v2.hs.JobHistory: Starting scan to move intermediate done files
2026-02-10 22:09:13,858 INFO org.apache.hadoop.mapreduce.v2.hs.JobHistory: Starting scan to move intermediate done files
2026-02-10 22:12:13,858 INFO org.apache.hadoop.mapreduce.v2.hs.JobHistory: Starting scan to move intermediate done files
2026-02-10 22:15:13,858 INFO org.apache.hadoop.mapreduce.v2.hs.JobHistory: Starting scan to move intermediate done files
2026-02-10 22:18:13,858 INFO org.apache.hadoop.mapreduce.v2.hs.JobHistory: Starting scan to move intermediate done files
2026-02-10 22:21:13,858 INFO org.apache.hadoop.mapreduce.v2.hs.JobHistory: Starting scan to move intermediate done files
2026-02-10 22:24:13,858 INFO org.apache.hadoop.mapreduce.v2.hs.JobHistory: Starting scan to move intermediate done files
2026-02-10 22:27:13,858 INFO org.apache.hadoop.mapreduce.v2.hs.JobHistory: Starting scan to move intermediate done files
2026-02-10 22:30:13,858 INFO org.apache.hadoop.mapreduce.v2.hs.JobHistory: Starting scan to move intermediate done files
2026-02-10 22:33:13,858 INFO org.apache.hadoop.mapreduce.v2.hs.JobHistory: Starting scan to move intermediate done files
2026-02-10 22:36:13,858 INFO org.apache.hadoop.mapreduce.v2.hs.JobHistory: Starting scan to move intermediate done files
2026-02-10 22:39:13,858 INFO org.apache.hadoop.mapreduce.v2.hs.JobHistory: Starting scan to move intermediate done files
2026-02-10 22:42:13,858 INFO org.apache.hadoop.mapreduce.v2.hs.JobHistory: Starting scan to move intermediate done files
2026-02-10 22:45:13,858 INFO org.apache.hadoop.mapreduce.v2.hs.JobHistory: Starting scan to move intermediate done files
2026-02-10 22:48:13,858 INFO org.apache.hadoop.mapreduce.v2.hs.JobHistory: Starting scan to move intermediate done files
2026-02-10 22:51:13,858 INFO org.apache.hadoop.mapreduce.v2.hs.JobHistory: Starting scan to move intermediate done files
2026-02-10 22:54:13,858 INFO org.apache.hadoop.mapreduce.v2.hs.JobHistory: Starting scan to move intermediate done files
2026-02-10 22:57:13,858 INFO org.apache.hadoop.mapreduce.v2.hs.JobHistory: Starting scan to move intermediate done files
2026-02-10 23:00:13,858 INFO org.apache.hadoop.mapreduce.v2.hs.JobHistory: Starting scan to move intermediate done files
2026-02-10 23:03:13,858 INFO org.apache.hadoop.mapreduce.v2.hs.JobHistory: Starting scan to move intermediate done files
2026-02-10 23:06:13,858 INFO org.apache.hadoop.mapreduce.v2.hs.JobHistory: Starting scan to move intermediate done files
2026-02-10 23:09:13,858 INFO org.apache.hadoop.mapreduce.v2.hs.JobHistory: Starting scan to move intermediate done files
2026-02-10 23:12:13,858 INFO org.apache.hadoop.mapreduce.v2.hs.JobHistory: Starting scan to move intermediate done files
2026-02-10 23:15:13,858 INFO org.apache.hadoop.mapreduce.v2.hs.JobHistory: Starting scan to move intermediate done files
2026-02-10 23:18:13,858 INFO org.apache.hadoop.mapreduce.v2.hs.JobHistory: Starting scan to move intermediate done files
2026-02-10 23:21:13,858 INFO org.apache.hadoop.mapreduce.v2.hs.JobHistory: Starting scan to move intermediate done files
2026-02-10 23:24:13,858 INFO org.apache.hadoop.mapreduce.v2.hs.JobHistory: Starting scan to move intermediate done files
2026-02-10 23:27:13,858 INFO org.apache.hadoop.mapreduce.v2.hs.JobHistory: Starting scan to move intermediate done files
2026-02-10 23:30:13,858 INFO org.apache.hadoop.mapreduce.v2.hs.JobHistory: Starting scan to move intermediate done files
2026-02-10 23:33:13,858 INFO org.apache.hadoop.mapreduce.v2.hs.JobHistory: Starting scan to move intermediate done files
2026-02-10 23:36:13,858 INFO org.apache.hadoop.mapreduce.v2.hs.JobHistory: Starting scan to move intermediate done files
2026-02-10 23:39:13,858 INFO org.apache.hadoop.mapreduce.v2.hs.JobHistory: Starting scan to move intermediate done files
2026-02-10 23:42:13,858 INFO org.apache.hadoop.mapreduce.v2.hs.JobHistory: Starting scan to move intermediate done files
2026-02-10 23:45:13,858 INFO org.apache.hadoop.mapreduce.v2.hs.JobHistory: Starting scan to move intermediate done files
2026-02-10 23:48:13,858 INFO org.apache.hadoop.mapreduce.v2.hs.JobHistory: Starting scan to move intermediate done files
2026-02-10 23:51:13,858 INFO org.apache.hadoop.mapreduce.v2.hs.JobHistory: Starting scan to move intermediate done files
2026-02-10 23:54:13,858 INFO org.apache.hadoop.mapreduce.v2.hs.JobHistory: Starting scan to move intermediate done files
2026-02-10 23:57:13,858 INFO org.apache.hadoop.mapreduce.v2.hs.JobHistory: Starting scan to move intermediate done files
2026-02-11 00:00:13,858 INFO org.apache.hadoop.mapreduce.v2.hs.JobHistory: Starting scan to move intermediate done files
2026-02-11 00:03:13,858 INFO org.apache.hadoop.mapreduce.v2.hs.JobHistory: Starting scan to move intermediate done files
2026-02-11 00:06:13,858 INFO org.apache.hadoop.mapreduce.v2.hs.JobHistory: Starting scan to move intermediate done files
2026-02-11 00:09:13,858 INFO org.apache.hadoop.mapreduce.v2.hs.JobHistory: Starting scan to move intermediate done files
2026-02-11 00:12:13,858 INFO org.apache.hadoop.mapreduce.v2.hs.JobHistory: Starting scan to move intermediate done files
2026-02-11 00:15:13,858 INFO org.apache.hadoop.mapreduce.v2.hs.JobHistory: Starting scan to move intermediate done files
2026-02-11 00:18:13,858 INFO org.apache.hadoop.mapreduce.v2.hs.JobHistory: Starting scan to move intermediate done files
2026-02-11 00:21:13,858 INFO org.apache.hadoop.mapreduce.v2.hs.JobHistory: Starting scan to move intermediate done files
2026-02-11 00:24:13,858 INFO org.apache.hadoop.mapreduce.v2.hs.JobHistory: Starting scan to move intermediate done files
2026-02-11 00:27:13,858 INFO org.apache.hadoop.mapreduce.v2.hs.JobHistory: Starting scan to move intermediate done files
2026-02-11 00:30:13,858 INFO org.apache.hadoop.mapreduce.v2.hs.JobHistory: Starting scan to move intermediate done files
2026-02-11 00:33:13,858 INFO org.apache.hadoop.mapreduce.v2.hs.JobHistory: Starting scan to move intermediate done files
2026-02-11 00:36:13,858 INFO org.apache.hadoop.mapreduce.v2.hs.JobHistory: Starting scan to move intermediate done files
2026-02-11 00:39:13,858 INFO org.apache.hadoop.mapreduce.v2.hs.JobHistory: Starting scan to move intermediate done files
2026-02-11 00:42:13,858 INFO org.apache.hadoop.mapreduce.v2.hs.JobHistory: Starting scan to move intermediate done files
2026-02-11 00:45:13,858 INFO org.apache.hadoop.mapreduce.v2.hs.JobHistory: Starting scan to move intermediate done files
2026-02-11 00:48:13,858 INFO org.apache.hadoop.mapreduce.v2.hs.JobHistory: Starting scan to move intermediate done files
2026-02-11 00:51:13,858 INFO org.apache.hadoop.mapreduce.v2.hs.JobHistory: Starting scan to move intermediate done files
2026-02-11 00:54:13,858 INFO org.apache.hadoop.mapreduce.v2.hs.JobHistory: Starting scan to move intermediate done files
2026-02-11 00:57:13,858 INFO org.apache.hadoop.mapreduce.v2.hs.JobHistory: Starting scan to move intermediate done files
2026-02-11 01:00:13,858 INFO org.apache.hadoop.mapreduce.v2.hs.JobHistory: Starting scan to move intermediate done files
2026-02-11 01:03:13,858 INFO org.apache.hadoop.mapreduce.v2.hs.JobHistory: Starting scan to move intermediate done files
2026-02-11 01:06:13,858 INFO org.apache.hadoop.mapreduce.v2.hs.JobHistory: Starting scan to move intermediate done files
2026-02-11 01:09:13,858 INFO org.apache.hadoop.mapreduce.v2.hs.JobHistory: Starting scan to move intermediate done files
2026-02-11 01:12:13,858 INFO org.apache.hadoop.mapreduce.v2.hs.JobHistory: Starting scan to move intermediate done files
2026-02-11 01:15:13,858 INFO org.apache.hadoop.mapreduce.v2.hs.JobHistory: Starting scan to move intermediate done files
2026-02-11 01:18:13,858 INFO org.apache.hadoop.mapreduce.v2.hs.JobHistory: Starting scan to move intermediate done files
2026-02-11 01:21:13,858 INFO org.apache.hadoop.mapreduce.v2.hs.JobHistory: Starting scan to move intermediate done files
2026-02-11 01:24:13,858 INFO org.apache.hadoop.mapreduce.v2.hs.JobHistory: Starting scan to move intermediate done files
2026-02-11 01:27:13,858 INFO org.apache.hadoop.mapreduce.v2.hs.JobHistory: Starting scan to move intermediate done files
2026-02-11 01:30:13,858 INFO org.apache.hadoop.mapreduce.v2.hs.JobHistory: Starting scan to move intermediate done files
2026-02-11 01:33:13,858 INFO org.apache.hadoop.mapreduce.v2.hs.JobHistory: Starting scan to move intermediate done files
2026-02-11 01:36:13,858 INFO org.apache.hadoop.mapreduce.v2.hs.JobHistory: Starting scan to move intermediate done files
2026-02-11 01:39:13,858 INFO org.apache.hadoop.mapreduce.v2.hs.JobHistory: Starting scan to move intermediate done files
2026-02-11 01:42:13,858 INFO org.apache.hadoop.mapreduce.v2.hs.JobHistory: Starting scan to move intermediate done files
2026-02-11 01:45:13,858 INFO org.apache.hadoop.mapreduce.v2.hs.JobHistory: Starting scan to move intermediate done files
2026-02-11 01:48:13,858 INFO org.apache.hadoop.mapreduce.v2.hs.JobHistory: Starting scan to move intermediate done files
2026-02-11 01:51:13,858 INFO org.apache.hadoop.mapreduce.v2.hs.JobHistory: Starting scan to move intermediate done files
2026-02-11 01:54:13,858 INFO org.apache.hadoop.mapreduce.v2.hs.JobHistory: Starting scan to move intermediate done files
2026-02-11 01:57:13,858 INFO org.apache.hadoop.mapreduce.v2.hs.JobHistory: Starting scan to move intermediate done files
2026-02-11 02:00:13,858 INFO org.apache.hadoop.mapreduce.v2.hs.JobHistory: Starting scan to move intermediate done files
2026-02-11 02:03:13,858 INFO org.apache.hadoop.mapreduce.v2.hs.JobHistory: Starting scan to move intermediate done files
2026-02-11 02:06:13,858 INFO org.apache.hadoop.mapreduce.v2.hs.JobHistory: Starting scan to move intermediate done files
2026-02-11 02:09:13,858 INFO org.apache.hadoop.mapreduce.v2.hs.JobHistory: Starting scan to move intermediate done files
2026-02-11 02:12:13,858 INFO org.apache.hadoop.mapreduce.v2.hs.JobHistory: Starting scan to move intermediate done files
2026-02-11 02:15:13,858 INFO org.apache.hadoop.mapreduce.v2.hs.JobHistory: Starting scan to move intermediate done files
2026-02-11 02:18:13,858 INFO org.apache.hadoop.mapreduce.v2.hs.JobHistory: Starting scan to move intermediate done files
2026-02-11 02:21:13,858 INFO org.apache.hadoop.mapreduce.v2.hs.JobHistory: Starting scan to move intermediate done files
2026-02-11 02:24:13,858 INFO org.apache.hadoop.mapreduce.v2.hs.JobHistory: Starting scan to move intermediate done files
2026-02-11 02:27:13,858 INFO org.apache.hadoop.mapreduce.v2.hs.JobHistory: Starting scan to move intermediate done files
2026-02-11 02:30:13,858 INFO org.apache.hadoop.mapreduce.v2.hs.JobHistory: Starting scan to move intermediate done files
2026-02-11 02:33:13,858 INFO org.apache.hadoop.mapreduce.v2.hs.JobHistory: Starting scan to move intermediate done files
2026-02-11 02:36:13,858 INFO org.apache.hadoop.mapreduce.v2.hs.JobHistory: Starting scan to move intermediate done files
2026-02-11 02:39:13,858 INFO org.apache.hadoop.mapreduce.v2.hs.JobHistory: Starting scan to move intermediate done files
2026-02-11 02:42:13,858 INFO org.apache.hadoop.mapreduce.v2.hs.JobHistory: Starting scan to move intermediate done files
2026-02-11 02:45:13,858 INFO org.apache.hadoop.mapreduce.v2.hs.JobHistory: Starting scan to move intermediate done files
2026-02-11 02:48:13,858 INFO org.apache.hadoop.mapreduce.v2.hs.JobHistory: Starting scan to move intermediate done files
2026-02-11 02:51:13,858 INFO org.apache.hadoop.mapreduce.v2.hs.JobHistory: Starting scan to move intermediate done files
2026-02-11 02:54:13,858 INFO org.apache.hadoop.mapreduce.v2.hs.JobHistory: Starting scan to move intermediate done files
2026-02-11 02:57:13,858 INFO org.apache.hadoop.mapreduce.v2.hs.JobHistory: Starting scan to move intermediate done files
2026-02-11 03:00:13,858 INFO org.apache.hadoop.mapreduce.v2.hs.JobHistory: Starting scan to move intermediate done files
2026-02-11 03:03:13,858 INFO org.apache.hadoop.mapreduce.v2.hs.JobHistory: Starting scan to move intermediate done files
2026-02-11 03:06:13,858 INFO org.apache.hadoop.mapreduce.v2.hs.JobHistory: Starting scan to move intermediate done files
2026-02-11 03:09:13,858 INFO org.apache.hadoop.mapreduce.v2.hs.JobHistory: Starting scan to move intermediate done files
2026-02-11 03:12:13,858 INFO org.apache.hadoop.mapreduce.v2.hs.JobHistory: Starting scan to move intermediate done files
2026-02-11 03:15:13,858 INFO org.apache.hadoop.mapreduce.v2.hs.JobHistory: Starting scan to move intermediate done files
2026-02-11 03:18:13,858 INFO org.apache.hadoop.mapreduce.v2.hs.JobHistory: Starting scan to move intermediate done files
2026-02-11 03:21:13,858 INFO org.apache.hadoop.mapreduce.v2.hs.JobHistory: Starting scan to move intermediate done files
2026-02-11 03:24:13,858 INFO org.apache.hadoop.mapreduce.v2.hs.JobHistory: Starting scan to move intermediate done files
2026-02-11 03:27:13,858 INFO org.apache.hadoop.mapreduce.v2.hs.JobHistory: Starting scan to move intermediate done files
2026-02-11 03:30:13,858 INFO org.apache.hadoop.mapreduce.v2.hs.JobHistory: Starting scan to move intermediate done files
2026-02-11 03:33:13,858 INFO org.apache.hadoop.mapreduce.v2.hs.JobHistory: Starting scan to move intermediate done files
2026-02-11 03:36:13,858 INFO org.apache.hadoop.mapreduce.v2.hs.JobHistory: Starting scan to move intermediate done files
2026-02-11 03:39:13,858 INFO org.apache.hadoop.mapreduce.v2.hs.JobHistory: Starting scan to move intermediate done files
2026-02-11 03:42:13,858 INFO org.apache.hadoop.mapreduce.v2.hs.JobHistory: Starting scan to move intermediate done files
2026-02-11 03:45:13,858 INFO org.apache.hadoop.mapreduce.v2.hs.JobHistory: Starting scan to move intermediate done files
2026-02-11 03:48:13,858 INFO org.apache.hadoop.mapreduce.v2.hs.JobHistory: Starting scan to move intermediate done files
2026-02-11 03:51:13,858 INFO org.apache.hadoop.mapreduce.v2.hs.JobHistory: Starting scan to move intermediate done files
2026-02-11 03:54:13,858 INFO org.apache.hadoop.mapreduce.v2.hs.JobHistory: Starting scan to move intermediate done files
2026-02-11 03:57:13,858 INFO org.apache.hadoop.mapreduce.v2.hs.JobHistory: Starting scan to move intermediate done files
2026-02-11 04:00:13,858 INFO org.apache.hadoop.mapreduce.v2.hs.JobHistory: Starting scan to move intermediate done files
2026-02-11 04:03:13,858 INFO org.apache.hadoop.mapreduce.v2.hs.JobHistory: Starting scan to move intermediate done files
2026-02-11 04:06:13,858 INFO org.apache.hadoop.mapreduce.v2.hs.JobHistory: Starting scan to move intermediate done files
2026-02-11 04:09:13,858 INFO org.apache.hadoop.mapreduce.v2.hs.JobHistory: Starting scan to move intermediate done files
2026-02-11 04:12:13,858 INFO org.apache.hadoop.mapreduce.v2.hs.JobHistory: Starting scan to move intermediate done files
2026-02-11 04:15:13,858 INFO org.apache.hadoop.mapreduce.v2.hs.JobHistory: Starting scan to move intermediate done files
2026-02-11 04:18:13,858 INFO org.apache.hadoop.mapreduce.v2.hs.JobHistory: Starting scan to move intermediate done files
2026-02-11 04:21:13,858 INFO org.apache.hadoop.mapreduce.v2.hs.JobHistory: Starting scan to move intermediate done files
2026-02-11 04:24:13,858 INFO org.apache.hadoop.mapreduce.v2.hs.JobHistory: Starting scan to move intermediate done files
2026-02-11 04:27:13,858 INFO org.apache.hadoop.mapreduce.v2.hs.JobHistory: Starting scan to move intermediate done files
2026-02-11 04:30:13,858 INFO org.apache.hadoop.mapreduce.v2.hs.JobHistory: Starting scan to move intermediate done files
2026-02-11 04:33:13,858 INFO org.apache.hadoop.mapreduce.v2.hs.JobHistory: Starting scan to move intermediate done files
2026-02-11 04:36:13,858 INFO org.apache.hadoop.mapreduce.v2.hs.JobHistory: Starting scan to move intermediate done files
2026-02-11 04:39:13,858 INFO org.apache.hadoop.mapreduce.v2.hs.JobHistory: Starting scan to move intermediate done files
2026-02-11 04:42:13,858 INFO org.apache.hadoop.mapreduce.v2.hs.JobHistory: Starting scan to move intermediate done files
2026-02-11 04:45:13,858 INFO org.apache.hadoop.mapreduce.v2.hs.JobHistory: Starting scan to move intermediate done files
2026-02-11 04:48:13,858 INFO org.apache.hadoop.mapreduce.v2.hs.JobHistory: Starting scan to move intermediate done files
2026-02-11 04:51:13,858 INFO org.apache.hadoop.mapreduce.v2.hs.JobHistory: Starting scan to move intermediate done files
2026-02-11 04:54:13,858 INFO org.apache.hadoop.mapreduce.v2.hs.JobHistory: Starting scan to move intermediate done files
2026-02-11 04:57:13,858 INFO org.apache.hadoop.mapreduce.v2.hs.JobHistory: Starting scan to move intermediate done files
2026-02-11 05:00:13,858 INFO org.apache.hadoop.mapreduce.v2.hs.JobHistory: Starting scan to move intermediate done files
2026-02-11 05:03:13,858 INFO org.apache.hadoop.mapreduce.v2.hs.JobHistory: Starting scan to move intermediate done files
2026-02-11 05:06:13,858 INFO org.apache.hadoop.mapreduce.v2.hs.JobHistory: Starting scan to move intermediate done files
2026-02-11 05:09:13,858 INFO org.apache.hadoop.mapreduce.v2.hs.JobHistory: Starting scan to move intermediate done files
2026-02-11 05:12:13,858 INFO org.apache.hadoop.mapreduce.v2.hs.JobHistory: Starting scan to move intermediate done files
2026-02-11 05:15:13,858 INFO org.apache.hadoop.mapreduce.v2.hs.JobHistory: Starting scan to move intermediate done files
2026-02-11 05:18:13,858 INFO org.apache.hadoop.mapreduce.v2.hs.JobHistory: Starting scan to move intermediate done files
2026-02-11 05:21:13,858 INFO org.apache.hadoop.mapreduce.v2.hs.JobHistory: Starting scan to move intermediate done files
2026-02-11 05:24:13,858 INFO org.apache.hadoop.mapreduce.v2.hs.JobHistory: Starting scan to move intermediate done files
2026-02-11 05:27:13,858 INFO org.apache.hadoop.mapreduce.v2.hs.JobHistory: Starting scan to move intermediate done files
2026-02-11 05:30:13,858 INFO org.apache.hadoop.mapreduce.v2.hs.JobHistory: Starting scan to move intermediate done files
2026-02-11 05:33:13,858 INFO org.apache.hadoop.mapreduce.v2.hs.JobHistory: Starting scan to move intermediate done files
2026-02-11 05:36:13,858 INFO org.apache.hadoop.mapreduce.v2.hs.JobHistory: Starting scan to move intermediate done files
2026-02-11 05:39:13,858 INFO org.apache.hadoop.mapreduce.v2.hs.JobHistory: Starting scan to move intermediate done files
2026-02-11 05:42:13,858 INFO org.apache.hadoop.mapreduce.v2.hs.JobHistory: Starting scan to move intermediate done files
2026-02-11 05:45:13,858 INFO org.apache.hadoop.mapreduce.v2.hs.JobHistory: Starting scan to move intermediate done files
2026-02-11 05:48:13,858 INFO org.apache.hadoop.mapreduce.v2.hs.JobHistory: Starting scan to move intermediate done files
2026-02-11 05:51:13,858 INFO org.apache.hadoop.mapreduce.v2.hs.JobHistory: Starting scan to move intermediate done files
2026-02-11 05:54:13,858 INFO org.apache.hadoop.mapreduce.v2.hs.JobHistory: Starting scan to move intermediate done files
2026-02-11 05:57:13,858 INFO org.apache.hadoop.mapreduce.v2.hs.JobHistory: Starting scan to move intermediate done files
2026-02-11 06:00:13,858 INFO org.apache.hadoop.mapreduce.v2.hs.JobHistory: Starting scan to move intermediate done files
2026-02-11 06:03:13,858 INFO org.apache.hadoop.mapreduce.v2.hs.JobHistory: Starting scan to move intermediate done files
2026-02-11 06:06:13,858 INFO org.apache.hadoop.mapreduce.v2.hs.JobHistory: Starting scan to move intermediate done files
2026-02-11 06:09:13,858 INFO org.apache.hadoop.mapreduce.v2.hs.JobHistory: Starting scan to move intermediate done files
2026-02-11 06:12:13,858 INFO org.apache.hadoop.mapreduce.v2.hs.JobHistory: Starting scan to move intermediate done files
2026-02-11 06:15:13,858 INFO org.apache.hadoop.mapreduce.v2.hs.JobHistory: Starting scan to move intermediate done files
2026-02-11 06:18:13,858 INFO org.apache.hadoop.mapreduce.v2.hs.JobHistory: Starting scan to move intermediate done files
2026-02-11 06:21:13,858 INFO org.apache.hadoop.mapreduce.v2.hs.JobHistory: Starting scan to move intermediate done files
2026-02-11 06:24:13,858 INFO org.apache.hadoop.mapreduce.v2.hs.JobHistory: Starting scan to move intermediate done files
2026-02-11 06:27:13,858 INFO org.apache.hadoop.mapreduce.v2.hs.JobHistory: Starting scan to move intermediate done files
2026-02-11 06:30:13,858 INFO org.apache.hadoop.mapreduce.v2.hs.JobHistory: Starting scan to move intermediate done files
2026-02-11 06:33:13,858 INFO org.apache.hadoop.mapreduce.v2.hs.JobHistory: Starting scan to move intermediate done files
2026-02-11 06:36:13,858 INFO org.apache.hadoop.mapreduce.v2.hs.JobHistory: Starting scan to move intermediate done files
2026-02-11 06:39:13,858 INFO org.apache.hadoop.mapreduce.v2.hs.JobHistory: Starting scan to move intermediate done files
2026-02-11 06:42:13,858 INFO org.apache.hadoop.mapreduce.v2.hs.JobHistory: Starting scan to move intermediate done files
2026-02-11 06:45:13,858 INFO org.apache.hadoop.mapreduce.v2.hs.JobHistory: Starting scan to move intermediate done files
2026-02-11 06:48:13,858 INFO org.apache.hadoop.mapreduce.v2.hs.JobHistory: Starting scan to move intermediate done files
2026-02-11 06:51:13,858 INFO org.apache.hadoop.mapreduce.v2.hs.JobHistory: Starting scan to move intermediate done files
2026-02-11 06:54:13,858 INFO org.apache.hadoop.mapreduce.v2.hs.JobHistory: Starting scan to move intermediate done files
2026-02-11 06:57:13,858 INFO org.apache.hadoop.mapreduce.v2.hs.JobHistory: Starting scan to move intermediate done files
2026-02-11 07:00:13,858 INFO org.apache.hadoop.mapreduce.v2.hs.JobHistory: Starting scan to move intermediate done files
2026-02-11 07:03:13,858 INFO org.apache.hadoop.mapreduce.v2.hs.JobHistory: Starting scan to move intermediate done files
2026-02-11 07:06:13,858 INFO org.apache.hadoop.mapreduce.v2.hs.JobHistory: Starting scan to move intermediate done files
2026-02-11 07:09:13,858 INFO org.apache.hadoop.mapreduce.v2.hs.JobHistory: Starting scan to move intermediate done files
2026-02-11 07:12:13,858 INFO org.apache.hadoop.mapreduce.v2.hs.JobHistory: Starting scan to move intermediate done files
2026-02-11 07:15:13,858 INFO org.apache.hadoop.mapreduce.v2.hs.JobHistory: Starting scan to move intermediate done files
2026-02-11 07:18:13,858 INFO org.apache.hadoop.mapreduce.v2.hs.JobHistory: Starting scan to move intermediate done files
2026-02-11 07:21:13,858 INFO org.apache.hadoop.mapreduce.v2.hs.JobHistory: Starting scan to move intermediate done files
2026-02-11 07:24:13,858 INFO org.apache.hadoop.mapreduce.v2.hs.JobHistory: Starting scan to move intermediate done files
2026-02-11 07:27:13,858 INFO org.apache.hadoop.mapreduce.v2.hs.JobHistory: Starting scan to move intermediate done files
2026-02-11 07:30:13,858 INFO org.apache.hadoop.mapreduce.v2.hs.JobHistory: Starting scan to move intermediate done files
2026-02-11 07:33:13,858 INFO org.apache.hadoop.mapreduce.v2.hs.JobHistory: Starting scan to move intermediate done files
2026-02-11 07:36:13,858 INFO org.apache.hadoop.mapreduce.v2.hs.JobHistory: Starting scan to move intermediate done files
2026-02-11 07:39:13,858 INFO org.apache.hadoop.mapreduce.v2.hs.JobHistory: Starting scan to move intermediate done files
2026-02-11 07:42:13,858 INFO org.apache.hadoop.mapreduce.v2.hs.JobHistory: Starting scan to move intermediate done files
2026-02-11 07:45:13,858 INFO org.apache.hadoop.mapreduce.v2.hs.JobHistory: Starting scan to move intermediate done files
2026-02-11 07:48:13,858 INFO org.apache.hadoop.mapreduce.v2.hs.JobHistory: Starting scan to move intermediate done files
2026-02-11 07:51:13,858 INFO org.apache.hadoop.mapreduce.v2.hs.JobHistory: Starting scan to move intermediate done files
2026-02-11 07:54:13,858 INFO org.apache.hadoop.mapreduce.v2.hs.JobHistory: Starting scan to move intermediate done files
2026-02-11 07:57:13,858 INFO org.apache.hadoop.mapreduce.v2.hs.JobHistory: Starting scan to move intermediate done files
2026-02-11 08:00:13,858 INFO org.apache.hadoop.mapreduce.v2.hs.JobHistory: Starting scan to move intermediate done files
2026-02-11 08:03:13,858 INFO org.apache.hadoop.mapreduce.v2.hs.JobHistory: Starting scan to move intermediate done files
2026-02-11 08:06:13,858 INFO org.apache.hadoop.mapreduce.v2.hs.JobHistory: Starting scan to move intermediate done files
2026-02-11 08:09:13,858 INFO org.apache.hadoop.mapreduce.v2.hs.JobHistory: Starting scan to move intermediate done files
2026-02-11 08:12:13,858 INFO org.apache.hadoop.mapreduce.v2.hs.JobHistory: Starting scan to move intermediate done files
2026-02-11 08:15:13,858 INFO org.apache.hadoop.mapreduce.v2.hs.JobHistory: Starting scan to move intermediate done files
2026-02-11 08:18:13,858 INFO org.apache.hadoop.mapreduce.v2.hs.JobHistory: Starting scan to move intermediate done files
2026-02-11 08:21:13,858 INFO org.apache.hadoop.mapreduce.v2.hs.JobHistory: Starting scan to move intermediate done files
2026-02-11 08:24:13,858 INFO org.apache.hadoop.mapreduce.v2.hs.JobHistory: Starting scan to move intermediate done files
2026-02-11 08:27:13,858 INFO org.apache.hadoop.mapreduce.v2.hs.JobHistory: Starting scan to move intermediate done files
2026-02-11 08:30:13,858 INFO org.apache.hadoop.mapreduce.v2.hs.JobHistory: Starting scan to move intermediate done files
2026-02-11 08:33:13,858 INFO org.apache.hadoop.mapreduce.v2.hs.JobHistory: Starting scan to move intermediate done files
2026-02-11 08:36:13,858 INFO org.apache.hadoop.mapreduce.v2.hs.JobHistory: Starting scan to move intermediate done files
2026-02-11 08:39:13,858 INFO org.apache.hadoop.mapreduce.v2.hs.JobHistory: Starting scan to move intermediate done files
2026-02-11 08:42:13,858 INFO org.apache.hadoop.mapreduce.v2.hs.JobHistory: Starting scan to move intermediate done files
2026-02-11 08:45:13,858 INFO org.apache.hadoop.mapreduce.v2.hs.JobHistory: Starting scan to move intermediate done files
2026-02-11 08:48:13,858 INFO org.apache.hadoop.mapreduce.v2.hs.JobHistory: Starting scan to move intermediate done files
2026-02-11 08:51:13,858 INFO org.apache.hadoop.mapreduce.v2.hs.JobHistory: Starting scan to move intermediate done files
2026-02-11 08:54:13,858 INFO org.apache.hadoop.mapreduce.v2.hs.JobHistory: Starting scan to move intermediate done files
2026-02-11 08:57:13,858 INFO org.apache.hadoop.mapreduce.v2.hs.JobHistory: Starting scan to move intermediate done files
2026-02-11 09:00:13,858 INFO org.apache.hadoop.mapreduce.v2.hs.JobHistory: Starting scan to move intermediate done files
2026-02-11 09:03:13,858 INFO org.apache.hadoop.mapreduce.v2.hs.JobHistory: Starting scan to move intermediate done files
2026-02-11 09:06:13,858 INFO org.apache.hadoop.mapreduce.v2.hs.JobHistory: Starting scan to move intermediate done files
2026-02-11 09:09:13,858 INFO org.apache.hadoop.mapreduce.v2.hs.JobHistory: Starting scan to move intermediate done files
2026-02-11 09:12:13,858 INFO org.apache.hadoop.mapreduce.v2.hs.JobHistory: Starting scan to move intermediate done files
2026-02-11 09:15:13,858 INFO org.apache.hadoop.mapreduce.v2.hs.JobHistory: Starting scan to move intermediate done files
2026-02-11 09:18:13,858 INFO org.apache.hadoop.mapreduce.v2.hs.JobHistory: Starting scan to move intermediate done files
2026-02-11 09:21:13,858 INFO org.apache.hadoop.mapreduce.v2.hs.JobHistory: Starting scan to move intermediate done files
2026-02-11 09:24:13,858 INFO org.apache.hadoop.mapreduce.v2.hs.JobHistory: Starting scan to move intermediate done files
2026-02-11 09:27:13,858 INFO org.apache.hadoop.mapreduce.v2.hs.JobHistory: Starting scan to move intermediate done files
2026-02-11 09:30:13,858 INFO org.apache.hadoop.mapreduce.v2.hs.JobHistory: Starting scan to move intermediate done files
2026-02-11 09:33:13,858 INFO org.apache.hadoop.mapreduce.v2.hs.JobHistory: Starting scan to move intermediate done files
2026-02-11 09:36:13,858 INFO org.apache.hadoop.mapreduce.v2.hs.JobHistory: Starting scan to move intermediate done files
2026-02-11 09:39:13,858 INFO org.apache.hadoop.mapreduce.v2.hs.JobHistory: Starting scan to move intermediate done files
2026-02-11 09:42:13,858 INFO org.apache.hadoop.mapreduce.v2.hs.JobHistory: Starting scan to move intermediate done files
2026-02-11 09:45:13,858 INFO org.apache.hadoop.mapreduce.v2.hs.JobHistory: Starting scan to move intermediate done files
2026-02-11 09:48:13,858 INFO org.apache.hadoop.mapreduce.v2.hs.JobHistory: Starting scan to move intermediate done files
2026-02-11 09:51:13,858 INFO org.apache.hadoop.mapreduce.v2.hs.JobHistory: Starting scan to move intermediate done files
2026-02-11 09:54:13,858 INFO org.apache.hadoop.mapreduce.v2.hs.JobHistory: Starting scan to move intermediate done files
2026-02-11 09:57:13,858 INFO org.apache.hadoop.mapreduce.v2.hs.JobHistory: Starting scan to move intermediate done files
2026-02-11 10:00:13,858 INFO org.apache.hadoop.mapreduce.v2.hs.JobHistory: Starting scan to move intermediate done files
2026-02-11 10:03:13,858 INFO org.apache.hadoop.mapreduce.v2.hs.JobHistory: Starting scan to move intermediate done files
2026-02-11 10:06:13,858 INFO org.apache.hadoop.mapreduce.v2.hs.JobHistory: Starting scan to move intermediate done files
2026-02-11 10:09:13,858 INFO org.apache.hadoop.mapreduce.v2.hs.JobHistory: Starting scan to move intermediate done files
2026-02-11 10:12:13,858 INFO org.apache.hadoop.mapreduce.v2.hs.JobHistory: Starting scan to move intermediate done files
2026-02-11 10:15:13,858 INFO org.apache.hadoop.mapreduce.v2.hs.JobHistory: Starting scan to move intermediate done files
2026-02-11 10:18:13,858 INFO org.apache.hadoop.mapreduce.v2.hs.JobHistory: Starting scan to move intermediate done files
2026-02-11 10:21:13,858 INFO org.apache.hadoop.mapreduce.v2.hs.JobHistory: Starting scan to move intermediate done files
2026-02-11 10:24:13,858 INFO org.apache.hadoop.mapreduce.v2.hs.JobHistory: Starting scan to move intermediate done files
2026-02-11 10:27:13,858 INFO org.apache.hadoop.mapreduce.v2.hs.JobHistory: Starting scan to move intermediate done files
2026-02-11 10:30:13,858 INFO org.apache.hadoop.mapreduce.v2.hs.JobHistory: Starting scan to move intermediate done files
2026-02-11 10:33:13,858 INFO org.apache.hadoop.mapreduce.v2.hs.JobHistory: Starting scan to move intermediate done files
2026-02-11 10:36:13,858 INFO org.apache.hadoop.mapreduce.v2.hs.JobHistory: Starting scan to move intermediate done files
2026-02-11 10:39:13,858 INFO org.apache.hadoop.mapreduce.v2.hs.JobHistory: Starting scan to move intermediate done files
2026-02-11 10:42:13,858 INFO org.apache.hadoop.mapreduce.v2.hs.JobHistory: Starting scan to move intermediate done files
2026-02-11 10:45:13,858 INFO org.apache.hadoop.mapreduce.v2.hs.JobHistory: Starting scan to move intermediate done files
2026-02-11 10:48:13,858 INFO org.apache.hadoop.mapreduce.v2.hs.JobHistory: Starting scan to move intermediate done files
2026-02-11 10:51:13,858 INFO org.apache.hadoop.mapreduce.v2.hs.JobHistory: Starting scan to move intermediate done files
2026-02-11 10:54:13,858 INFO org.apache.hadoop.mapreduce.v2.hs.JobHistory: Starting scan to move intermediate done files
2026-02-11 10:57:13,858 INFO org.apache.hadoop.mapreduce.v2.hs.JobHistory: Starting scan to move intermediate done files
2026-02-11 11:00:13,858 INFO org.apache.hadoop.mapreduce.v2.hs.JobHistory: Starting scan to move intermediate done files
2026-02-11 11:03:13,858 INFO org.apache.hadoop.mapreduce.v2.hs.JobHistory: Starting scan to move intermediate done files
2026-02-11 11:06:13,858 INFO org.apache.hadoop.mapreduce.v2.hs.JobHistory: Starting scan to move intermediate done files
2026-02-11 11:09:13,858 INFO org.apache.hadoop.mapreduce.v2.hs.JobHistory: Starting scan to move intermediate done files
2026-02-11 11:12:13,858 INFO org.apache.hadoop.mapreduce.v2.hs.JobHistory: Starting scan to move intermediate done files
2026-02-11 11:15:13,858 INFO org.apache.hadoop.mapreduce.v2.hs.JobHistory: Starting scan to move intermediate done files
2026-02-11 11:18:13,858 INFO org.apache.hadoop.mapreduce.v2.hs.JobHistory: Starting scan to move intermediate done files
2026-02-11 11:21:13,858 INFO org.apache.hadoop.mapreduce.v2.hs.JobHistory: Starting scan to move intermediate done files
2026-02-11 11:24:13,858 INFO org.apache.hadoop.mapreduce.v2.hs.JobHistory: Starting scan to move intermediate done files
2026-02-11 11:27:13,858 INFO org.apache.hadoop.mapreduce.v2.hs.JobHistory: Starting scan to move intermediate done files
2026-02-11 11:30:13,858 INFO org.apache.hadoop.mapreduce.v2.hs.JobHistory: Starting scan to move intermediate done files
2026-02-11 11:33:13,858 INFO org.apache.hadoop.mapreduce.v2.hs.JobHistory: Starting scan to move intermediate done files
2026-02-11 11:36:13,858 INFO org.apache.hadoop.mapreduce.v2.hs.JobHistory: Starting scan to move intermediate done files
2026-02-11 11:39:13,858 INFO org.apache.hadoop.mapreduce.v2.hs.JobHistory: Starting scan to move intermediate done files
2026-02-11 11:42:13,858 INFO org.apache.hadoop.mapreduce.v2.hs.JobHistory: Starting scan to move intermediate done files
2026-02-11 11:45:13,858 INFO org.apache.hadoop.mapreduce.v2.hs.JobHistory: Starting scan to move intermediate done files
2026-02-11 11:48:13,858 INFO org.apache.hadoop.mapreduce.v2.hs.JobHistory: Starting scan to move intermediate done files
2026-02-11 11:51:13,858 INFO org.apache.hadoop.mapreduce.v2.hs.JobHistory: Starting scan to move intermediate done files
2026-02-11 11:54:13,858 INFO org.apache.hadoop.mapreduce.v2.hs.JobHistory: Starting scan to move intermediate done files
2026-02-11 11:57:13,858 INFO org.apache.hadoop.mapreduce.v2.hs.JobHistory: Starting scan to move intermediate done files
2026-02-11 12:00:13,858 INFO org.apache.hadoop.mapreduce.v2.hs.JobHistory: Starting scan to move intermediate done files
2026-02-11 12:03:13,858 INFO org.apache.hadoop.mapreduce.v2.hs.JobHistory: Starting scan to move intermediate done files
2026-02-11 12:06:13,858 INFO org.apache.hadoop.mapreduce.v2.hs.JobHistory: Starting scan to move intermediate done files
2026-02-11 12:09:13,858 INFO org.apache.hadoop.mapreduce.v2.hs.JobHistory: Starting scan to move intermediate done files
2026-02-11 12:12:13,858 INFO org.apache.hadoop.mapreduce.v2.hs.JobHistory: Starting scan to move intermediate done files
2026-02-11 12:15:13,858 INFO org.apache.hadoop.mapreduce.v2.hs.JobHistory: Starting scan to move intermediate done files
2026-02-11 12:18:13,858 INFO org.apache.hadoop.mapreduce.v2.hs.JobHistory: Starting scan to move intermediate done files
2026-02-11 12:21:13,858 INFO org.apache.hadoop.mapreduce.v2.hs.JobHistory: Starting scan to move intermediate done files
2026-02-11 12:24:13,858 INFO org.apache.hadoop.mapreduce.v2.hs.JobHistory: Starting scan to move intermediate done files
2026-02-11 12:27:13,858 INFO org.apache.hadoop.mapreduce.v2.hs.JobHistory: Starting scan to move intermediate done files
2026-02-11 12:30:13,858 INFO org.apache.hadoop.mapreduce.v2.hs.JobHistory: Starting scan to move intermediate done files
2026-02-11 12:33:13,858 INFO org.apache.hadoop.mapreduce.v2.hs.JobHistory: Starting scan to move intermediate done files
2026-02-11 12:36:13,858 INFO org.apache.hadoop.mapreduce.v2.hs.JobHistory: Starting scan to move intermediate done files
2026-02-11 12:39:13,858 INFO org.apache.hadoop.mapreduce.v2.hs.JobHistory: Starting scan to move intermediate done files
2026-02-11 12:42:13,858 INFO org.apache.hadoop.mapreduce.v2.hs.JobHistory: Starting scan to move intermediate done files
2026-02-11 12:45:13,858 INFO org.apache.hadoop.mapreduce.v2.hs.JobHistory: Starting scan to move intermediate done files
2026-02-11 12:48:13,858 INFO org.apache.hadoop.mapreduce.v2.hs.JobHistory: Starting scan to move intermediate done files
2026-02-11 12:51:13,858 INFO org.apache.hadoop.mapreduce.v2.hs.JobHistory: Starting scan to move intermediate done files
2026-02-11 12:54:13,858 INFO org.apache.hadoop.mapreduce.v2.hs.JobHistory: Starting scan to move intermediate done files
2026-02-11 12:57:13,858 INFO org.apache.hadoop.mapreduce.v2.hs.JobHistory: Starting scan to move intermediate done files
2026-02-11 13:00:13,858 INFO org.apache.hadoop.mapreduce.v2.hs.JobHistory: Starting scan to move intermediate done files
2026-02-11 13:03:13,858 INFO org.apache.hadoop.mapreduce.v2.hs.JobHistory: Starting scan to move intermediate done files
2026-02-11 13:06:13,858 INFO org.apache.hadoop.mapreduce.v2.hs.JobHistory: Starting scan to move intermediate done files
2026-02-11 13:09:13,858 INFO org.apache.hadoop.mapreduce.v2.hs.JobHistory: Starting scan to move intermediate done files
2026-02-11 13:12:13,858 INFO org.apache.hadoop.mapreduce.v2.hs.JobHistory: Starting scan to move intermediate done files
2026-02-11 13:15:13,858 INFO org.apache.hadoop.mapreduce.v2.hs.JobHistory: Starting scan to move intermediate done files
2026-02-11 13:18:13,858 INFO org.apache.hadoop.mapreduce.v2.hs.JobHistory: Starting scan to move intermediate done files
2026-02-11 13:21:13,858 INFO org.apache.hadoop.mapreduce.v2.hs.JobHistory: Starting scan to move intermediate done files
2026-02-11 13:24:13,858 INFO org.apache.hadoop.mapreduce.v2.hs.JobHistory: Starting scan to move intermediate done files
2026-02-11 13:27:13,858 INFO org.apache.hadoop.mapreduce.v2.hs.JobHistory: Starting scan to move intermediate done files
2026-02-11 13:30:13,858 INFO org.apache.hadoop.mapreduce.v2.hs.JobHistory: Starting scan to move intermediate done files
2026-02-11 13:33:13,858 INFO org.apache.hadoop.mapreduce.v2.hs.JobHistory: Starting scan to move intermediate done files
2026-02-11 13:36:13,858 INFO org.apache.hadoop.mapreduce.v2.hs.JobHistory: Starting scan to move intermediate done files
2026-02-11 13:39:13,858 INFO org.apache.hadoop.mapreduce.v2.hs.JobHistory: Starting scan to move intermediate done files
2026-02-11 13:42:13,858 INFO org.apache.hadoop.mapreduce.v2.hs.JobHistory: Starting scan to move intermediate done files
2026-02-11 13:45:13,858 INFO org.apache.hadoop.mapreduce.v2.hs.JobHistory: Starting scan to move intermediate done files
2026-02-11 13:48:13,858 INFO org.apache.hadoop.mapreduce.v2.hs.JobHistory: Starting scan to move intermediate done files
2026-02-11 13:51:13,858 INFO org.apache.hadoop.mapreduce.v2.hs.JobHistory: Starting scan to move intermediate done files
2026-02-11 13:54:13,858 INFO org.apache.hadoop.mapreduce.v2.hs.JobHistory: Starting scan to move intermediate done files
2026-02-11 13:57:13,858 INFO org.apache.hadoop.mapreduce.v2.hs.JobHistory: Starting scan to move intermediate done files
2026-02-11 14:00:13,858 INFO org.apache.hadoop.mapreduce.v2.hs.JobHistory: Starting scan to move intermediate done files
2026-02-11 14:03:13,858 INFO org.apache.hadoop.mapreduce.v2.hs.JobHistory: Starting scan to move intermediate done files
2026-02-11 14:06:13,858 INFO org.apache.hadoop.mapreduce.v2.hs.JobHistory: Starting scan to move intermediate done files
2026-02-11 14:09:13,858 INFO org.apache.hadoop.mapreduce.v2.hs.JobHistory: Starting scan to move intermediate done files
2026-02-11 14:12:13,858 INFO org.apache.hadoop.mapreduce.v2.hs.JobHistory: Starting scan to move intermediate done files
2026-02-11 14:15:13,858 INFO org.apache.hadoop.mapreduce.v2.hs.JobHistory: Starting scan to move intermediate done files
2026-02-11 14:18:13,858 INFO org.apache.hadoop.mapreduce.v2.hs.JobHistory: Starting scan to move intermediate done files
2026-02-11 14:21:13,858 INFO org.apache.hadoop.mapreduce.v2.hs.JobHistory: Starting scan to move intermediate done files
2026-02-11 14:24:13,858 INFO org.apache.hadoop.mapreduce.v2.hs.JobHistory: Starting scan to move intermediate done files
2026-02-11 14:27:13,858 INFO org.apache.hadoop.mapreduce.v2.hs.JobHistory: Starting scan to move intermediate done files
2026-02-11 14:30:13,858 INFO org.apache.hadoop.mapreduce.v2.hs.JobHistory: Starting scan to move intermediate done files
2026-02-11 14:33:13,858 INFO org.apache.hadoop.mapreduce.v2.hs.JobHistory: Starting scan to move intermediate done files
2026-02-11 14:36:13,858 INFO org.apache.hadoop.mapreduce.v2.hs.JobHistory: Starting scan to move intermediate done files
2026-02-11 14:39:13,858 INFO org.apache.hadoop.mapreduce.v2.hs.JobHistory: Starting scan to move intermediate done files
2026-02-11 14:42:13,858 INFO org.apache.hadoop.mapreduce.v2.hs.JobHistory: Starting scan to move intermediate done files
2026-02-11 14:45:13,858 INFO org.apache.hadoop.mapreduce.v2.hs.JobHistory: Starting scan to move intermediate done files
2026-02-11 14:48:13,858 INFO org.apache.hadoop.mapreduce.v2.hs.JobHistory: Starting scan to move intermediate done files
2026-02-11 14:51:13,858 INFO org.apache.hadoop.mapreduce.v2.hs.JobHistory: Starting scan to move intermediate done files
2026-02-11 14:54:13,858 INFO org.apache.hadoop.mapreduce.v2.hs.JobHistory: Starting scan to move intermediate done files
2026-02-11 14:57:13,858 INFO org.apache.hadoop.mapreduce.v2.hs.JobHistory: Starting scan to move intermediate done files
2026-02-11 15:00:13,858 INFO org.apache.hadoop.mapreduce.v2.hs.JobHistory: Starting scan to move intermediate done files
2026-02-11 15:03:13,858 INFO org.apache.hadoop.mapreduce.v2.hs.JobHistory: Starting scan to move intermediate done files
2026-02-11 15:06:13,858 INFO org.apache.hadoop.mapreduce.v2.hs.JobHistory: Starting scan to move intermediate done files
2026-02-11 15:09:13,858 INFO org.apache.hadoop.mapreduce.v2.hs.JobHistory: Starting scan to move intermediate done files
2026-02-11 15:12:13,858 INFO org.apache.hadoop.mapreduce.v2.hs.JobHistory: Starting scan to move intermediate done files
2026-02-11 15:15:13,858 INFO org.apache.hadoop.mapreduce.v2.hs.JobHistory: Starting scan to move intermediate done files
2026-02-11 15:18:13,858 INFO org.apache.hadoop.mapreduce.v2.hs.JobHistory: Starting scan to move intermediate done files
2026-02-11 15:21:13,858 INFO org.apache.hadoop.mapreduce.v2.hs.JobHistory: Starting scan to move intermediate done files
2026-02-11 15:24:13,858 INFO org.apache.hadoop.mapreduce.v2.hs.JobHistory: Starting scan to move intermediate done files
2026-02-11 15:27:13,858 INFO org.apache.hadoop.mapreduce.v2.hs.JobHistory: Starting scan to move intermediate done files
2026-02-11 15:30:13,858 INFO org.apache.hadoop.mapreduce.v2.hs.JobHistory: Starting scan to move intermediate done files
2026-02-11 15:33:13,858 INFO org.apache.hadoop.mapreduce.v2.hs.JobHistory: Starting scan to move intermediate done files
2026-02-11 15:36:13,858 INFO org.apache.hadoop.mapreduce.v2.hs.JobHistory: Starting scan to move intermediate done files
2026-02-11 15:39:13,858 INFO org.apache.hadoop.mapreduce.v2.hs.JobHistory: Starting scan to move intermediate done files
2026-02-11 15:42:13,858 INFO org.apache.hadoop.mapreduce.v2.hs.JobHistory: Starting scan to move intermediate done files
2026-02-11 15:45:13,858 INFO org.apache.hadoop.mapreduce.v2.hs.JobHistory: Starting scan to move intermediate done files
2026-02-11 15:48:13,858 INFO org.apache.hadoop.mapreduce.v2.hs.JobHistory: Starting scan to move intermediate done files
2026-02-11 15:51:13,858 INFO org.apache.hadoop.mapreduce.v2.hs.JobHistory: Starting scan to move intermediate done files
2026-02-11 15:54:13,858 INFO org.apache.hadoop.mapreduce.v2.hs.JobHistory: Starting scan to move intermediate done files
2026-02-11 15:57:13,858 INFO org.apache.hadoop.mapreduce.v2.hs.JobHistory: Starting scan to move intermediate done files
2026-02-11 16:00:13,858 INFO org.apache.hadoop.mapreduce.v2.hs.JobHistory: Starting scan to move intermediate done files
2026-02-11 16:03:13,858 INFO org.apache.hadoop.mapreduce.v2.hs.JobHistory: Starting scan to move intermediate done files
2026-02-11 16:06:13,858 INFO org.apache.hadoop.mapreduce.v2.hs.JobHistory: Starting scan to move intermediate done files
2026-02-11 16:09:13,858 INFO org.apache.hadoop.mapreduce.v2.hs.JobHistory: Starting scan to move intermediate done files
2026-02-11 16:12:13,858 INFO org.apache.hadoop.mapreduce.v2.hs.JobHistory: Starting scan to move intermediate done files
2026-02-11 16:15:13,858 INFO org.apache.hadoop.mapreduce.v2.hs.JobHistory: Starting scan to move intermediate done files
2026-02-11 16:18:13,858 INFO org.apache.hadoop.mapreduce.v2.hs.JobHistory: Starting scan to move intermediate done files
2026-02-11 16:21:13,858 INFO org.apache.hadoop.mapreduce.v2.hs.JobHistory: Starting scan to move intermediate done files
2026-02-11 16:24:13,858 INFO org.apache.hadoop.mapreduce.v2.hs.JobHistory: Starting scan to move intermediate done files
2026-02-11 16:27:13,858 INFO org.apache.hadoop.mapreduce.v2.hs.JobHistory: Starting scan to move intermediate done files
2026-02-11 16:30:13,858 INFO org.apache.hadoop.mapreduce.v2.hs.JobHistory: Starting scan to move intermediate done files
2026-02-11 16:33:13,858 INFO org.apache.hadoop.mapreduce.v2.hs.JobHistory: Starting scan to move intermediate done files
2026-02-11 16:36:13,858 INFO org.apache.hadoop.mapreduce.v2.hs.JobHistory: Starting scan to move intermediate done files
2026-02-11 16:39:13,858 INFO org.apache.hadoop.mapreduce.v2.hs.JobHistory: Starting scan to move intermediate done files
2026-02-11 16:42:13,858 INFO org.apache.hadoop.mapreduce.v2.hs.JobHistory: Starting scan to move intermediate done files
2026-02-11 16:45:13,858 INFO org.apache.hadoop.mapreduce.v2.hs.JobHistory: Starting scan to move intermediate done files
2026-02-11 16:48:13,858 INFO org.apache.hadoop.mapreduce.v2.hs.JobHistory: Starting scan to move intermediate done files
2026-02-11 16:51:13,858 INFO org.apache.hadoop.mapreduce.v2.hs.JobHistory: Starting scan to move intermediate done files
2026-02-11 16:54:13,858 INFO org.apache.hadoop.mapreduce.v2.hs.JobHistory: Starting scan to move intermediate done files
2026-02-11 16:57:13,858 INFO org.apache.hadoop.mapreduce.v2.hs.JobHistory: Starting scan to move intermediate done files
2026-02-11 17:00:13,858 INFO org.apache.hadoop.mapreduce.v2.hs.JobHistory: Starting scan to move intermediate done files
2026-02-11 17:03:13,858 INFO org.apache.hadoop.mapreduce.v2.hs.JobHistory: Starting scan to move intermediate done files
2026-02-11 17:06:13,858 INFO org.apache.hadoop.mapreduce.v2.hs.JobHistory: Starting scan to move intermediate done files
2026-02-11 17:09:13,858 INFO org.apache.hadoop.mapreduce.v2.hs.JobHistory: Starting scan to move intermediate done files
2026-02-11 17:12:13,858 INFO org.apache.hadoop.mapreduce.v2.hs.JobHistory: Starting scan to move intermediate done files
2026-02-11 17:15:13,858 INFO org.apache.hadoop.mapreduce.v2.hs.JobHistory: Starting scan to move intermediate done files
2026-02-11 17:18:13,858 INFO org.apache.hadoop.mapreduce.v2.hs.JobHistory: Starting scan to move intermediate done files
2026-02-11 17:21:13,858 INFO org.apache.hadoop.mapreduce.v2.hs.JobHistory: Starting scan to move intermediate done files
2026-02-11 17:24:13,858 INFO org.apache.hadoop.mapreduce.v2.hs.JobHistory: Starting scan to move intermediate done files
2026-02-11 17:27:13,858 INFO org.apache.hadoop.mapreduce.v2.hs.JobHistory: Starting scan to move intermediate done files
2026-02-11 17:30:13,858 INFO org.apache.hadoop.mapreduce.v2.hs.JobHistory: Starting scan to move intermediate done files
2026-02-11 17:33:13,858 INFO org.apache.hadoop.mapreduce.v2.hs.JobHistory: Starting scan to move intermediate done files
2026-02-11 17:36:13,858 INFO org.apache.hadoop.mapreduce.v2.hs.JobHistory: Starting scan to move intermediate done files
2026-02-11 17:39:13,858 INFO org.apache.hadoop.mapreduce.v2.hs.JobHistory: Starting scan to move intermediate done files
2026-02-11 17:42:13,858 INFO org.apache.hadoop.mapreduce.v2.hs.JobHistory: Starting scan to move intermediate done files
2026-02-11 17:45:13,858 INFO org.apache.hadoop.mapreduce.v2.hs.JobHistory: Starting scan to move intermediate done files
2026-02-11 17:48:13,858 INFO org.apache.hadoop.mapreduce.v2.hs.JobHistory: Starting scan to move intermediate done files
2026-02-11 17:51:13,858 INFO org.apache.hadoop.mapreduce.v2.hs.JobHistory: Starting scan to move intermediate done files
2026-02-11 17:54:13,858 INFO org.apache.hadoop.mapreduce.v2.hs.JobHistory: Starting scan to move intermediate done files
2026-02-11 17:57:13,858 INFO org.apache.hadoop.mapreduce.v2.hs.JobHistory: Starting scan to move intermediate done files
2026-02-11 18:00:13,858 INFO org.apache.hadoop.mapreduce.v2.hs.JobHistory: Starting scan to move intermediate done files
2026-02-11 18:03:13,858 INFO org.apache.hadoop.mapreduce.v2.hs.JobHistory: Starting scan to move intermediate done files
2026-02-11 18:06:13,858 INFO org.apache.hadoop.mapreduce.v2.hs.JobHistory: Starting scan to move intermediate done files
2026-02-11 18:09:13,858 INFO org.apache.hadoop.mapreduce.v2.hs.JobHistory: Starting scan to move intermediate done files
2026-02-11 18:12:13,858 INFO org.apache.hadoop.mapreduce.v2.hs.JobHistory: Starting scan to move intermediate done files
2026-02-11 18:15:13,858 INFO org.apache.hadoop.mapreduce.v2.hs.JobHistory: Starting scan to move intermediate done files
2026-02-11 18:18:13,858 INFO org.apache.hadoop.mapreduce.v2.hs.JobHistory: Starting scan to move intermediate done files
2026-02-11 18:21:13,858 INFO org.apache.hadoop.mapreduce.v2.hs.JobHistory: Starting scan to move intermediate done files
2026-02-11 18:24:13,858 INFO org.apache.hadoop.mapreduce.v2.hs.JobHistory: Starting scan to move intermediate done files
2026-02-11 18:27:13,858 INFO org.apache.hadoop.mapreduce.v2.hs.JobHistory: Starting scan to move intermediate done files
2026-02-11 18:30:13,858 INFO org.apache.hadoop.mapreduce.v2.hs.JobHistory: Starting scan to move intermediate done files
2026-02-11 18:33:13,858 INFO org.apache.hadoop.mapreduce.v2.hs.JobHistory: Starting scan to move intermediate done files
2026-02-11 18:36:13,858 INFO org.apache.hadoop.mapreduce.v2.hs.JobHistory: Starting scan to move intermediate done files
2026-02-11 18:39:13,858 INFO org.apache.hadoop.mapreduce.v2.hs.JobHistory: Starting scan to move intermediate done files
2026-02-11 18:42:13,858 INFO org.apache.hadoop.mapreduce.v2.hs.JobHistory: Starting scan to move intermediate done files
2026-02-11 18:45:13,858 INFO org.apache.hadoop.mapreduce.v2.hs.JobHistory: Starting scan to move intermediate done files
2026-02-11 18:48:13,858 INFO org.apache.hadoop.mapreduce.v2.hs.JobHistory: Starting scan to move intermediate done files
2026-02-11 18:51:13,858 INFO org.apache.hadoop.mapreduce.v2.hs.JobHistory: Starting scan to move intermediate done files
2026-02-11 18:54:13,858 INFO org.apache.hadoop.mapreduce.v2.hs.JobHistory: Starting scan to move intermediate done files
2026-02-11 18:54:15,193 INFO org.apache.hadoop.security.token.delegation.AbstractDelegationTokenSecretManager: Updating the current master key for generating delegation tokens
2026-02-11 18:54:43,859 INFO org.apache.hadoop.mapreduce.v2.hs.JobHistory: History Cleaner started
2026-02-11 18:54:43,860 INFO org.apache.hadoop.mapreduce.v2.hs.JobHistory: History Cleaner complete
2026-02-11 18:57:13,858 INFO org.apache.hadoop.mapreduce.v2.hs.JobHistory: Starting scan to move intermediate done files
2026-02-11 19:00:13,858 INFO org.apache.hadoop.mapreduce.v2.hs.JobHistory: Starting scan to move intermediate done files
2026-02-11 19:03:13,858 INFO org.apache.hadoop.mapreduce.v2.hs.JobHistory: Starting scan to move intermediate done files
2026-02-11 19:06:13,858 INFO org.apache.hadoop.mapreduce.v2.hs.JobHistory: Starting scan to move intermediate done files
2026-02-11 19:09:13,858 INFO org.apache.hadoop.mapreduce.v2.hs.JobHistory: Starting scan to move intermediate done files
2026-02-11 19:12:13,858 INFO org.apache.hadoop.mapreduce.v2.hs.JobHistory: Starting scan to move intermediate done files
2026-02-11 19:15:13,858 INFO org.apache.hadoop.mapreduce.v2.hs.JobHistory: Starting scan to move intermediate done files
2026-02-11 19:18:13,858 INFO org.apache.hadoop.mapreduce.v2.hs.JobHistory: Starting scan to move intermediate done files
2026-02-11 19:21:13,858 INFO org.apache.hadoop.mapreduce.v2.hs.JobHistory: Starting scan to move intermediate done files
2026-02-11 19:24:13,858 INFO org.apache.hadoop.mapreduce.v2.hs.JobHistory: Starting scan to move intermediate done files
2026-02-11 19:27:13,858 INFO org.apache.hadoop.mapreduce.v2.hs.JobHistory: Starting scan to move intermediate done files
2026-02-11 19:30:13,858 INFO org.apache.hadoop.mapreduce.v2.hs.JobHistory: Starting scan to move intermediate done files
2026-02-11 19:33:13,858 INFO org.apache.hadoop.mapreduce.v2.hs.JobHistory: Starting scan to move intermediate done files
2026-02-11 19:36:13,858 INFO org.apache.hadoop.mapreduce.v2.hs.JobHistory: Starting scan to move intermediate done files
2026-02-11 19:39:13,858 INFO org.apache.hadoop.mapreduce.v2.hs.JobHistory: Starting scan to move intermediate done files
2026-02-11 19:42:13,858 INFO org.apache.hadoop.mapreduce.v2.hs.JobHistory: Starting scan to move intermediate done files
2026-02-11 19:45:13,858 INFO org.apache.hadoop.mapreduce.v2.hs.JobHistory: Starting scan to move intermediate done files
2026-02-11 19:48:13,858 INFO org.apache.hadoop.mapreduce.v2.hs.JobHistory: Starting scan to move intermediate done files
2026-02-11 19:51:13,858 INFO org.apache.hadoop.mapreduce.v2.hs.JobHistory: Starting scan to move intermediate done files
2026-02-11 19:54:13,858 INFO org.apache.hadoop.mapreduce.v2.hs.JobHistory: Starting scan to move intermediate done files
2026-02-11 19:57:13,858 INFO org.apache.hadoop.mapreduce.v2.hs.JobHistory: Starting scan to move intermediate done files
2026-02-11 20:00:13,858 INFO org.apache.hadoop.mapreduce.v2.hs.JobHistory: Starting scan to move intermediate done files
2026-02-11 20:03:13,858 INFO org.apache.hadoop.mapreduce.v2.hs.JobHistory: Starting scan to move intermediate done files
2026-02-11 20:06:13,858 INFO org.apache.hadoop.mapreduce.v2.hs.JobHistory: Starting scan to move intermediate done files
2026-02-11 20:07:11,078 ERROR org.apache.hadoop.mapreduce.v2.hs.JobHistoryServer: RECEIVED SIGNAL 15: SIGTERM
2026-02-11 20:07:11,084 INFO org.apache.hadoop.metrics2.impl.MetricsSystemImpl: Stopping JobHistoryServer metrics system...
2026-02-11 20:07:11,085 INFO org.apache.hadoop.metrics2.impl.MetricsSystemImpl: JobHistoryServer metrics system stopped.
2026-02-11 20:07:11,085 INFO org.apache.hadoop.metrics2.impl.MetricsSystemImpl: JobHistoryServer metrics system shutdown complete.
2026-02-11 20:07:11,085 INFO org.apache.hadoop.ipc.Server: Stopping server on 10033
2026-02-11 20:07:11,086 INFO org.apache.hadoop.ipc.Server: Stopping IPC Server listener on 10033
2026-02-11 20:07:11,086 INFO org.apache.hadoop.ipc.Server: Stopping server on 10020
2026-02-11 20:07:11,087 INFO org.apache.hadoop.ipc.Server: Stopping IPC Server Responder
2026-02-11 20:07:11,088 INFO org.apache.hadoop.ipc.Server: Stopping IPC Server listener on 10020
2026-02-11 20:07:11,102 INFO org.apache.hadoop.ipc.Server: Stopping IPC Server Responder
2026-02-11 20:07:11,105 INFO org.mortbay.log: Stopped HttpServer2$SelectChannelConnectorWithSafeStartup@0.0.0.0:19888
2026-02-11 20:07:11,205 INFO org.apache.hadoop.mapreduce.v2.hs.JobHistory: Stopping JobHistory
2026-02-11 20:07:11,205 INFO org.apache.hadoop.mapreduce.v2.hs.JobHistory: Stopping History Cleaner/Move To Done
2026-02-11 20:07:11,206 ERROR org.apache.hadoop.security.token.delegation.AbstractDelegationTokenSecretManager: ExpiredTokenRemover received java.lang.InterruptedException: sleep interrupted
2026-02-11 20:07:11,206 INFO org.apache.hadoop.mapreduce.v2.hs.JobHistoryServer: SHUTDOWN_MSG: 
/************************************************************
SHUTDOWN_MSG: Shutting down JobHistoryServer at 5f3efe19-7567-48d5-b729-3a098a5f313e-wcslice.novalocal/127.0.1.1
************************************************************/
