2026-02-10 18:40:30,238 INFO org.apache.hadoop.yarn.server.resourcemanager.ResourceManager: STARTUP_MSG: 
/************************************************************
STARTUP_MSG: Starting ResourceManager
STARTUP_MSG:   user = ubuntu
STARTUP_MSG:   host = wcSlice/127.0.1.1
STARTUP_MSG:   args = []
STARTUP_MSG:   version = 2.8.1
STARTUP_MSG:   classpath = /home/ubuntu/hadoop-2.8.1/etc/hadoop:/home/ubuntu/hadoop-2.8.1/etc/hadoop:/home/ubuntu/hadoop-2.8.1/etc/hadoop:/home/ubuntu/hadoop-2.8.1/share/hadoop/common/lib/jetty-util-6.1.26.jar:/home/ubuntu/hadoop-2.8.1/share/hadoop/common/lib/commons-io-2.4.jar:/home/ubuntu/hadoop-2.8.1/share/hadoop/common/lib/xmlenc-0.52.jar:/home/ubuntu/hadoop-2.8.1/share/hadoop/common/lib/jcip-annotations-1.0.jar:/home/ubuntu/hadoop-2.8.1/share/hadoop/common/lib/commons-digester-1.8.jar:/home/ubuntu/hadoop-2.8.1/share/hadoop/common/lib/htrace-core4-4.0.1-incubating.jar:/home/ubuntu/hadoop-2.8.1/share/hadoop/common/lib/commons-collections-3.2.2.jar:/home/ubuntu/hadoop-2.8.1/share/hadoop/common/lib/junit-4.11.jar:/home/ubuntu/hadoop-2.8.1/share/hadoop/common/lib/commons-cli-1.2.jar:/home/ubuntu/hadoop-2.8.1/share/hadoop/common/lib/commons-beanutils-core-1.8.0.jar:/home/ubuntu/hadoop-2.8.1/share/hadoop/common/lib/jets3t-0.9.0.jar:/home/ubuntu/hadoop-2.8.1/share/hadoop/common/lib/api-asn1-api-1.0.0-M20.jar:/home/ubuntu/hadoop-2.8.1/share/hadoop/common/lib/servlet-api-2.5.jar:/home/ubuntu/hadoop-2.8.1/share/hadoop/common/lib/jetty-sslengine-6.1.26.jar:/home/ubuntu/hadoop-2.8.1/share/hadoop/common/lib/protobuf-java-2.5.0.jar:/home/ubuntu/hadoop-2.8.1/share/hadoop/common/lib/xz-1.0.jar:/home/ubuntu/hadoop-2.8.1/share/hadoop/common/lib/jaxb-api-2.2.2.jar:/home/ubuntu/hadoop-2.8.1/share/hadoop/common/lib/jaxb-impl-2.2.3-1.jar:/home/ubuntu/hadoop-2.8.1/share/hadoop/common/lib/paranamer-2.3.jar:/home/ubuntu/hadoop-2.8.1/share/hadoop/common/lib/activation-1.1.jar:/home/ubuntu/hadoop-2.8.1/share/hadoop/common/lib/jackson-jaxrs-1.9.13.jar:/home/ubuntu/hadoop-2.8.1/share/hadoop/common/lib/nimbus-jose-jwt-3.9.jar:/home/ubuntu/hadoop-2.8.1/share/hadoop/common/lib/zookeeper-3.4.6.jar:/home/ubuntu/hadoop-2.8.1/share/hadoop/common/lib/httpclient-4.5.2.jar:/home/ubuntu/hadoop-2.8.1/share/hadoop/common/lib/slf4j-api-1.7.10.jar:/home/ubuntu/hadoop-2.8.1/share/hadoop/common/lib/jersey-core-1.9.jar:/home/ubuntu/hadoop-2.8.1/share/hadoop/common/lib/apacheds-kerberos-codec-2.0.0-M15.jar:/home/ubuntu/hadoop-2.8.1/share/hadoop/common/lib/hamcrest-core-1.3.jar:/home/ubuntu/hadoop-2.8.1/share/hadoop/common/lib/gson-2.2.4.jar:/home/ubuntu/hadoop-2.8.1/share/hadoop/common/lib/stax-api-1.0-2.jar:/home/ubuntu/hadoop-2.8.1/share/hadoop/common/lib/commons-logging-1.1.3.jar:/home/ubuntu/hadoop-2.8.1/share/hadoop/common/lib/asm-3.2.jar:/home/ubuntu/hadoop-2.8.1/share/hadoop/common/lib/jsch-0.1.51.jar:/home/ubuntu/hadoop-2.8.1/share/hadoop/common/lib/curator-client-2.7.1.jar:/home/ubuntu/hadoop-2.8.1/share/hadoop/common/lib/guava-11.0.2.jar:/home/ubuntu/hadoop-2.8.1/share/hadoop/common/lib/hadoop-annotations-2.8.1.jar:/home/ubuntu/hadoop-2.8.1/share/hadoop/common/lib/mockito-all-1.8.5.jar:/home/ubuntu/hadoop-2.8.1/share/hadoop/common/lib/commons-compress-1.4.1.jar:/home/ubuntu/hadoop-2.8.1/share/hadoop/common/lib/commons-math3-3.1.1.jar:/home/ubuntu/hadoop-2.8.1/share/hadoop/common/lib/apacheds-i18n-2.0.0-M15.jar:/home/ubuntu/hadoop-2.8.1/share/hadoop/common/lib/jersey-server-1.9.jar:/home/ubuntu/hadoop-2.8.1/share/hadoop/common/lib/log4j-1.2.17.jar:/home/ubuntu/hadoop-2.8.1/share/hadoop/common/lib/jsr305-3.0.0.jar:/home/ubuntu/hadoop-2.8.1/share/hadoop/common/lib/httpcore-4.4.4.jar:/home/ubuntu/hadoop-2.8.1/share/hadoop/common/lib/avro-1.7.4.jar:/home/ubuntu/hadoop-2.8.1/share/hadoop/common/lib/hadoop-auth-2.8.1.jar:/home/ubuntu/hadoop-2.8.1/share/hadoop/common/lib/jersey-json-1.9.jar:/home/ubuntu/hadoop-2.8.1/share/hadoop/common/lib/jsp-api-2.1.jar:/home/ubuntu/hadoop-2.8.1/share/hadoop/common/lib/curator-framework-2.7.1.jar:/home/ubuntu/hadoop-2.8.1/share/hadoop/common/lib/snappy-java-1.0.4.1.jar:/home/ubuntu/hadoop-2.8.1/share/hadoop/common/lib/commons-net-3.1.jar:/home/ubuntu/hadoop-2.8.1/share/hadoop/common/lib/commons-codec-1.4.jar:/home/ubuntu/hadoop-2.8.1/share/hadoop/common/lib/slf4j-log4j12-1.7.10.jar:/home/ubuntu/hadoop-2.8.1/share/hadoop/common/lib/jackson-core-asl-1.9.13.jar:/home/ubuntu/hadoop-2.8.1/share/hadoop/common/lib/jetty-6.1.26.jar:/home/ubuntu/hadoop-2.8.1/share/hadoop/common/lib/commons-lang-2.6.jar:/home/ubuntu/hadoop-2.8.1/share/hadoop/common/lib/commons-beanutils-1.7.0.jar:/home/ubuntu/hadoop-2.8.1/share/hadoop/common/lib/jackson-xc-1.9.13.jar:/home/ubuntu/hadoop-2.8.1/share/hadoop/common/lib/netty-3.6.2.Final.jar:/home/ubuntu/hadoop-2.8.1/share/hadoop/common/lib/commons-configuration-1.6.jar:/home/ubuntu/hadoop-2.8.1/share/hadoop/common/lib/curator-recipes-2.7.1.jar:/home/ubuntu/hadoop-2.8.1/share/hadoop/common/lib/jackson-mapper-asl-1.9.13.jar:/home/ubuntu/hadoop-2.8.1/share/hadoop/common/lib/json-smart-1.1.1.jar:/home/ubuntu/hadoop-2.8.1/share/hadoop/common/lib/api-util-1.0.0-M20.jar:/home/ubuntu/hadoop-2.8.1/share/hadoop/common/lib/jettison-1.1.jar:/home/ubuntu/hadoop-2.8.1/share/hadoop/common/lib/java-xmlbuilder-0.4.jar:/home/ubuntu/hadoop-2.8.1/share/hadoop/common/hadoop-nfs-2.8.1.jar:/home/ubuntu/hadoop-2.8.1/share/hadoop/common/hadoop-common-2.8.1.jar:/home/ubuntu/hadoop-2.8.1/share/hadoop/common/hadoop-common-2.8.1-tests.jar:/home/ubuntu/hadoop-2.8.1/share/hadoop/hdfs:/home/ubuntu/hadoop-2.8.1/share/hadoop/hdfs/lib/jetty-util-6.1.26.jar:/home/ubuntu/hadoop-2.8.1/share/hadoop/hdfs/lib/commons-io-2.4.jar:/home/ubuntu/hadoop-2.8.1/share/hadoop/hdfs/lib/xmlenc-0.52.jar:/home/ubuntu/hadoop-2.8.1/share/hadoop/hdfs/lib/htrace-core4-4.0.1-incubating.jar:/home/ubuntu/hadoop-2.8.1/share/hadoop/hdfs/lib/xercesImpl-2.9.1.jar:/home/ubuntu/hadoop-2.8.1/share/hadoop/hdfs/lib/commons-cli-1.2.jar:/home/ubuntu/hadoop-2.8.1/share/hadoop/hdfs/lib/xml-apis-1.3.04.jar:/home/ubuntu/hadoop-2.8.1/share/hadoop/hdfs/lib/servlet-api-2.5.jar:/home/ubuntu/hadoop-2.8.1/share/hadoop/hdfs/lib/protobuf-java-2.5.0.jar:/home/ubuntu/hadoop-2.8.1/share/hadoop/hdfs/lib/netty-all-4.0.23.Final.jar:/home/ubuntu/hadoop-2.8.1/share/hadoop/hdfs/lib/jersey-core-1.9.jar:/home/ubuntu/hadoop-2.8.1/share/hadoop/hdfs/lib/leveldbjni-all-1.8.jar:/home/ubuntu/hadoop-2.8.1/share/hadoop/hdfs/lib/okhttp-2.4.0.jar:/home/ubuntu/hadoop-2.8.1/share/hadoop/hdfs/lib/commons-logging-1.1.3.jar:/home/ubuntu/hadoop-2.8.1/share/hadoop/hdfs/lib/asm-3.2.jar:/home/ubuntu/hadoop-2.8.1/share/hadoop/hdfs/lib/guava-11.0.2.jar:/home/ubuntu/hadoop-2.8.1/share/hadoop/hdfs/lib/jersey-server-1.9.jar:/home/ubuntu/hadoop-2.8.1/share/hadoop/hdfs/lib/log4j-1.2.17.jar:/home/ubuntu/hadoop-2.8.1/share/hadoop/hdfs/lib/jsr305-3.0.0.jar:/home/ubuntu/hadoop-2.8.1/share/hadoop/hdfs/lib/commons-codec-1.4.jar:/home/ubuntu/hadoop-2.8.1/share/hadoop/hdfs/lib/jackson-core-asl-1.9.13.jar:/home/ubuntu/hadoop-2.8.1/share/hadoop/hdfs/lib/jetty-6.1.26.jar:/home/ubuntu/hadoop-2.8.1/share/hadoop/hdfs/lib/commons-lang-2.6.jar:/home/ubuntu/hadoop-2.8.1/share/hadoop/hdfs/lib/commons-daemon-1.0.13.jar:/home/ubuntu/hadoop-2.8.1/share/hadoop/hdfs/lib/netty-3.6.2.Final.jar:/home/ubuntu/hadoop-2.8.1/share/hadoop/hdfs/lib/jackson-mapper-asl-1.9.13.jar:/home/ubuntu/hadoop-2.8.1/share/hadoop/hdfs/lib/okio-1.4.0.jar:/home/ubuntu/hadoop-2.8.1/share/hadoop/hdfs/lib/hadoop-hdfs-client-2.8.1.jar:/home/ubuntu/hadoop-2.8.1/share/hadoop/hdfs/hadoop-hdfs-client-2.8.1-tests.jar:/home/ubuntu/hadoop-2.8.1/share/hadoop/hdfs/hadoop-hdfs-native-client-2.8.1.jar:/home/ubuntu/hadoop-2.8.1/share/hadoop/hdfs/hadoop-hdfs-nfs-2.8.1.jar:/home/ubuntu/hadoop-2.8.1/share/hadoop/hdfs/hadoop-hdfs-2.8.1.jar:/home/ubuntu/hadoop-2.8.1/share/hadoop/hdfs/hadoop-hdfs-2.8.1-tests.jar:/home/ubuntu/hadoop-2.8.1/share/hadoop/hdfs/hadoop-hdfs-native-client-2.8.1-tests.jar:/home/ubuntu/hadoop-2.8.1/share/hadoop/hdfs/hadoop-hdfs-client-2.8.1.jar:/home/ubuntu/hadoop-2.8.1/share/hadoop/yarn/lib/guice-3.0.jar:/home/ubuntu/hadoop-2.8.1/share/hadoop/yarn/lib/jetty-util-6.1.26.jar:/home/ubuntu/hadoop-2.8.1/share/hadoop/yarn/lib/objenesis-2.1.jar:/home/ubuntu/hadoop-2.8.1/share/hadoop/yarn/lib/commons-io-2.4.jar:/home/ubuntu/hadoop-2.8.1/share/hadoop/yarn/lib/jersey-guice-1.9.jar:/home/ubuntu/hadoop-2.8.1/share/hadoop/yarn/lib/javassist-3.18.1-GA.jar:/home/ubuntu/hadoop-2.8.1/share/hadoop/yarn/lib/commons-collections-3.2.2.jar:/home/ubuntu/hadoop-2.8.1/share/hadoop/yarn/lib/fst-2.24.jar:/home/ubuntu/hadoop-2.8.1/share/hadoop/yarn/lib/aopalliance-1.0.jar:/home/ubuntu/hadoop-2.8.1/share/hadoop/yarn/lib/commons-cli-1.2.jar:/home/ubuntu/hadoop-2.8.1/share/hadoop/yarn/lib/servlet-api-2.5.jar:/home/ubuntu/hadoop-2.8.1/share/hadoop/yarn/lib/protobuf-java-2.5.0.jar:/home/ubuntu/hadoop-2.8.1/share/hadoop/yarn/lib/xz-1.0.jar:/home/ubuntu/hadoop-2.8.1/share/hadoop/yarn/lib/jaxb-api-2.2.2.jar:/home/ubuntu/hadoop-2.8.1/share/hadoop/yarn/lib/jaxb-impl-2.2.3-1.jar:/home/ubuntu/hadoop-2.8.1/share/hadoop/yarn/lib/activation-1.1.jar:/home/ubuntu/hadoop-2.8.1/share/hadoop/yarn/lib/jackson-jaxrs-1.9.13.jar:/home/ubuntu/hadoop-2.8.1/share/hadoop/yarn/lib/zookeeper-3.4.6.jar:/home/ubuntu/hadoop-2.8.1/share/hadoop/yarn/lib/jersey-core-1.9.jar:/home/ubuntu/hadoop-2.8.1/share/hadoop/yarn/lib/guice-servlet-3.0.jar:/home/ubuntu/hadoop-2.8.1/share/hadoop/yarn/lib/commons-math-2.2.jar:/home/ubuntu/hadoop-2.8.1/share/hadoop/yarn/lib/leveldbjni-all-1.8.jar:/home/ubuntu/hadoop-2.8.1/share/hadoop/yarn/lib/stax-api-1.0-2.jar:/home/ubuntu/hadoop-2.8.1/share/hadoop/yarn/lib/commons-logging-1.1.3.jar:/home/ubuntu/hadoop-2.8.1/share/hadoop/yarn/lib/asm-3.2.jar:/home/ubuntu/hadoop-2.8.1/share/hadoop/yarn/lib/curator-client-2.7.1.jar:/home/ubuntu/hadoop-2.8.1/share/hadoop/yarn/lib/jersey-client-1.9.jar:/home/ubuntu/hadoop-2.8.1/share/hadoop/yarn/lib/guava-11.0.2.jar:/home/ubuntu/hadoop-2.8.1/share/hadoop/yarn/lib/commons-compress-1.4.1.jar:/home/ubuntu/hadoop-2.8.1/share/hadoop/yarn/lib/curator-test-2.7.1.jar:/home/ubuntu/hadoop-2.8.1/share/hadoop/yarn/lib/jersey-server-1.9.jar:/home/ubuntu/hadoop-2.8.1/share/hadoop/yarn/lib/log4j-1.2.17.jar:/home/ubuntu/hadoop-2.8.1/share/hadoop/yarn/lib/jsr305-3.0.0.jar:/home/ubuntu/hadoop-2.8.1/share/hadoop/yarn/lib/jersey-json-1.9.jar:/home/ubuntu/hadoop-2.8.1/share/hadoop/yarn/lib/commons-codec-1.4.jar:/home/ubuntu/hadoop-2.8.1/share/hadoop/yarn/lib/jackson-core-asl-1.9.13.jar:/home/ubuntu/hadoop-2.8.1/share/hadoop/yarn/lib/jetty-6.1.26.jar:/home/ubuntu/hadoop-2.8.1/share/hadoop/yarn/lib/commons-lang-2.6.jar:/home/ubuntu/hadoop-2.8.1/share/hadoop/yarn/lib/jackson-xc-1.9.13.jar:/home/ubuntu/hadoop-2.8.1/share/hadoop/yarn/lib/zookeeper-3.4.6-tests.jar:/home/ubuntu/hadoop-2.8.1/share/hadoop/yarn/lib/netty-3.6.2.Final.jar:/home/ubuntu/hadoop-2.8.1/share/hadoop/yarn/lib/javax.inject-1.jar:/home/ubuntu/hadoop-2.8.1/share/hadoop/yarn/lib/jackson-mapper-asl-1.9.13.jar:/home/ubuntu/hadoop-2.8.1/share/hadoop/yarn/lib/jettison-1.1.jar:/home/ubuntu/hadoop-2.8.1/share/hadoop/yarn/hadoop-yarn-server-resourcemanager-2.8.1.jar:/home/ubuntu/hadoop-2.8.1/share/hadoop/yarn/hadoop-yarn-applications-distributedshell-2.8.1.jar:/home/ubuntu/hadoop-2.8.1/share/hadoop/yarn/hadoop-yarn-server-applicationhistoryservice-2.8.1.jar:/home/ubuntu/hadoop-2.8.1/share/hadoop/yarn/hadoop-yarn-common-2.8.1.jar:/home/ubuntu/hadoop-2.8.1/share/hadoop/yarn/hadoop-yarn-api-2.8.1.jar:/home/ubuntu/hadoop-2.8.1/share/hadoop/yarn/hadoop-yarn-server-common-2.8.1.jar:/home/ubuntu/hadoop-2.8.1/share/hadoop/yarn/hadoop-yarn-server-web-proxy-2.8.1.jar:/home/ubuntu/hadoop-2.8.1/share/hadoop/yarn/hadoop-yarn-client-2.8.1.jar:/home/ubuntu/hadoop-2.8.1/share/hadoop/yarn/hadoop-yarn-server-nodemanager-2.8.1.jar:/home/ubuntu/hadoop-2.8.1/share/hadoop/yarn/hadoop-yarn-registry-2.8.1.jar:/home/ubuntu/hadoop-2.8.1/share/hadoop/yarn/hadoop-yarn-server-tests-2.8.1.jar:/home/ubuntu/hadoop-2.8.1/share/hadoop/yarn/hadoop-yarn-server-sharedcachemanager-2.8.1.jar:/home/ubuntu/hadoop-2.8.1/share/hadoop/yarn/hadoop-yarn-server-timeline-pluginstorage-2.8.1.jar:/home/ubuntu/hadoop-2.8.1/share/hadoop/yarn/hadoop-yarn-applications-unmanaged-am-launcher-2.8.1.jar:/home/ubuntu/hadoop-2.8.1/share/hadoop/mapreduce/lib/guice-3.0.jar:/home/ubuntu/hadoop-2.8.1/share/hadoop/mapreduce/lib/commons-io-2.4.jar:/home/ubuntu/hadoop-2.8.1/share/hadoop/mapreduce/lib/jersey-guice-1.9.jar:/home/ubuntu/hadoop-2.8.1/share/hadoop/mapreduce/lib/junit-4.11.jar:/home/ubuntu/hadoop-2.8.1/share/hadoop/mapreduce/lib/aopalliance-1.0.jar:/home/ubuntu/hadoop-2.8.1/share/hadoop/mapreduce/lib/protobuf-java-2.5.0.jar:/home/ubuntu/hadoop-2.8.1/share/hadoop/mapreduce/lib/xz-1.0.jar:/home/ubuntu/hadoop-2.8.1/share/hadoop/mapreduce/lib/paranamer-2.3.jar:/home/ubuntu/hadoop-2.8.1/share/hadoop/mapreduce/lib/jersey-core-1.9.jar:/home/ubuntu/hadoop-2.8.1/share/hadoop/mapreduce/lib/guice-servlet-3.0.jar:/home/ubuntu/hadoop-2.8.1/share/hadoop/mapreduce/lib/hamcrest-core-1.3.jar:/home/ubuntu/hadoop-2.8.1/share/hadoop/mapreduce/lib/leveldbjni-all-1.8.jar:/home/ubuntu/hadoop-2.8.1/share/hadoop/mapreduce/lib/asm-3.2.jar:/home/ubuntu/hadoop-2.8.1/share/hadoop/mapreduce/lib/hadoop-annotations-2.8.1.jar:/home/ubuntu/hadoop-2.8.1/share/hadoop/mapreduce/lib/commons-compress-1.4.1.jar:/home/ubuntu/hadoop-2.8.1/share/hadoop/mapreduce/lib/jersey-server-1.9.jar:/home/ubuntu/hadoop-2.8.1/share/hadoop/mapreduce/lib/log4j-1.2.17.jar:/home/ubuntu/hadoop-2.8.1/share/hadoop/mapreduce/lib/avro-1.7.4.jar:/home/ubuntu/hadoop-2.8.1/share/hadoop/mapreduce/lib/snappy-java-1.0.4.1.jar:/home/ubuntu/hadoop-2.8.1/share/hadoop/mapreduce/lib/jackson-core-asl-1.9.13.jar:/home/ubuntu/hadoop-2.8.1/share/hadoop/mapreduce/lib/netty-3.6.2.Final.jar:/home/ubuntu/hadoop-2.8.1/share/hadoop/mapreduce/lib/javax.inject-1.jar:/home/ubuntu/hadoop-2.8.1/share/hadoop/mapreduce/lib/jackson-mapper-asl-1.9.13.jar:/home/ubuntu/hadoop-2.8.1/share/hadoop/mapreduce/hadoop-mapreduce-client-hs-plugins-2.8.1.jar:/home/ubuntu/hadoop-2.8.1/share/hadoop/mapreduce/hadoop-mapreduce-examples-2.8.1.jar:/home/ubuntu/hadoop-2.8.1/share/hadoop/mapreduce/hadoop-mapreduce-client-jobclient-2.8.1.jar:/home/ubuntu/hadoop-2.8.1/share/hadoop/mapreduce/hadoop-mapreduce-client-core-2.8.1.jar:/home/ubuntu/hadoop-2.8.1/share/hadoop/mapreduce/hadoop-mapreduce-client-common-2.8.1.jar:/home/ubuntu/hadoop-2.8.1/share/hadoop/mapreduce/hadoop-mapreduce-client-jobclient-2.8.1-tests.jar:/home/ubuntu/hadoop-2.8.1/share/hadoop/mapreduce/hadoop-mapreduce-client-shuffle-2.8.1.jar:/home/ubuntu/hadoop-2.8.1/share/hadoop/mapreduce/hadoop-mapreduce-client-hs-2.8.1.jar:/home/ubuntu/hadoop-2.8.1/share/hadoop/mapreduce/hadoop-mapreduce-client-app-2.8.1.jar:/contrib/capacity-scheduler/*.jar:/contrib/capacity-scheduler/*.jar:/contrib/capacity-scheduler/*.jar:/home/ubuntu/hadoop-2.8.1/share/hadoop/yarn/hadoop-yarn-server-resourcemanager-2.8.1.jar:/home/ubuntu/hadoop-2.8.1/share/hadoop/yarn/hadoop-yarn-applications-distributedshell-2.8.1.jar:/home/ubuntu/hadoop-2.8.1/share/hadoop/yarn/hadoop-yarn-server-applicationhistoryservice-2.8.1.jar:/home/ubuntu/hadoop-2.8.1/share/hadoop/yarn/hadoop-yarn-common-2.8.1.jar:/home/ubuntu/hadoop-2.8.1/share/hadoop/yarn/hadoop-yarn-api-2.8.1.jar:/home/ubuntu/hadoop-2.8.1/share/hadoop/yarn/hadoop-yarn-server-common-2.8.1.jar:/home/ubuntu/hadoop-2.8.1/share/hadoop/yarn/hadoop-yarn-server-web-proxy-2.8.1.jar:/home/ubuntu/hadoop-2.8.1/share/hadoop/yarn/hadoop-yarn-client-2.8.1.jar:/home/ubuntu/hadoop-2.8.1/share/hadoop/yarn/hadoop-yarn-server-nodemanager-2.8.1.jar:/home/ubuntu/hadoop-2.8.1/share/hadoop/yarn/hadoop-yarn-registry-2.8.1.jar:/home/ubuntu/hadoop-2.8.1/share/hadoop/yarn/hadoop-yarn-server-tests-2.8.1.jar:/home/ubuntu/hadoop-2.8.1/share/hadoop/yarn/hadoop-yarn-server-sharedcachemanager-2.8.1.jar:/home/ubuntu/hadoop-2.8.1/share/hadoop/yarn/hadoop-yarn-server-timeline-pluginstorage-2.8.1.jar:/home/ubuntu/hadoop-2.8.1/share/hadoop/yarn/hadoop-yarn-applications-unmanaged-am-launcher-2.8.1.jar:/home/ubuntu/hadoop-2.8.1/share/hadoop/yarn/lib/guice-3.0.jar:/home/ubuntu/hadoop-2.8.1/share/hadoop/yarn/lib/jetty-util-6.1.26.jar:/home/ubuntu/hadoop-2.8.1/share/hadoop/yarn/lib/objenesis-2.1.jar:/home/ubuntu/hadoop-2.8.1/share/hadoop/yarn/lib/commons-io-2.4.jar:/home/ubuntu/hadoop-2.8.1/share/hadoop/yarn/lib/jersey-guice-1.9.jar:/home/ubuntu/hadoop-2.8.1/share/hadoop/yarn/lib/javassist-3.18.1-GA.jar:/home/ubuntu/hadoop-2.8.1/share/hadoop/yarn/lib/commons-collections-3.2.2.jar:/home/ubuntu/hadoop-2.8.1/share/hadoop/yarn/lib/fst-2.24.jar:/home/ubuntu/hadoop-2.8.1/share/hadoop/yarn/lib/aopalliance-1.0.jar:/home/ubuntu/hadoop-2.8.1/share/hadoop/yarn/lib/commons-cli-1.2.jar:/home/ubuntu/hadoop-2.8.1/share/hadoop/yarn/lib/servlet-api-2.5.jar:/home/ubuntu/hadoop-2.8.1/share/hadoop/yarn/lib/protobuf-java-2.5.0.jar:/home/ubuntu/hadoop-2.8.1/share/hadoop/yarn/lib/xz-1.0.jar:/home/ubuntu/hadoop-2.8.1/share/hadoop/yarn/lib/jaxb-api-2.2.2.jar:/home/ubuntu/hadoop-2.8.1/share/hadoop/yarn/lib/jaxb-impl-2.2.3-1.jar:/home/ubuntu/hadoop-2.8.1/share/hadoop/yarn/lib/activation-1.1.jar:/home/ubuntu/hadoop-2.8.1/share/hadoop/yarn/lib/jackson-jaxrs-1.9.13.jar:/home/ubuntu/hadoop-2.8.1/share/hadoop/yarn/lib/zookeeper-3.4.6.jar:/home/ubuntu/hadoop-2.8.1/share/hadoop/yarn/lib/jersey-core-1.9.jar:/home/ubuntu/hadoop-2.8.1/share/hadoop/yarn/lib/guice-servlet-3.0.jar:/home/ubuntu/hadoop-2.8.1/share/hadoop/yarn/lib/commons-math-2.2.jar:/home/ubuntu/hadoop-2.8.1/share/hadoop/yarn/lib/leveldbjni-all-1.8.jar:/home/ubuntu/hadoop-2.8.1/share/hadoop/yarn/lib/stax-api-1.0-2.jar:/home/ubuntu/hadoop-2.8.1/share/hadoop/yarn/lib/commons-logging-1.1.3.jar:/home/ubuntu/hadoop-2.8.1/share/hadoop/yarn/lib/asm-3.2.jar:/home/ubuntu/hadoop-2.8.1/share/hadoop/yarn/lib/curator-client-2.7.1.jar:/home/ubuntu/hadoop-2.8.1/share/hadoop/yarn/lib/jersey-client-1.9.jar:/home/ubuntu/hadoop-2.8.1/share/hadoop/yarn/lib/guava-11.0.2.jar:/home/ubuntu/hadoop-2.8.1/share/hadoop/yarn/lib/commons-compress-1.4.1.jar:/home/ubuntu/hadoop-2.8.1/share/hadoop/yarn/lib/curator-test-2.7.1.jar:/home/ubuntu/hadoop-2.8.1/share/hadoop/yarn/lib/jersey-server-1.9.jar:/home/ubuntu/hadoop-2.8.1/share/hadoop/yarn/lib/log4j-1.2.17.jar:/home/ubuntu/hadoop-2.8.1/share/hadoop/yarn/lib/jsr305-3.0.0.jar:/home/ubuntu/hadoop-2.8.1/share/hadoop/yarn/lib/jersey-json-1.9.jar:/home/ubuntu/hadoop-2.8.1/share/hadoop/yarn/lib/commons-codec-1.4.jar:/home/ubuntu/hadoop-2.8.1/share/hadoop/yarn/lib/jackson-core-asl-1.9.13.jar:/home/ubuntu/hadoop-2.8.1/share/hadoop/yarn/lib/jetty-6.1.26.jar:/home/ubuntu/hadoop-2.8.1/share/hadoop/yarn/lib/commons-lang-2.6.jar:/home/ubuntu/hadoop-2.8.1/share/hadoop/yarn/lib/jackson-xc-1.9.13.jar:/home/ubuntu/hadoop-2.8.1/share/hadoop/yarn/lib/zookeeper-3.4.6-tests.jar:/home/ubuntu/hadoop-2.8.1/share/hadoop/yarn/lib/netty-3.6.2.Final.jar:/home/ubuntu/hadoop-2.8.1/share/hadoop/yarn/lib/javax.inject-1.jar:/home/ubuntu/hadoop-2.8.1/share/hadoop/yarn/lib/jackson-mapper-asl-1.9.13.jar:/home/ubuntu/hadoop-2.8.1/share/hadoop/yarn/lib/jettison-1.1.jar:/home/ubuntu/hadoop-2.8.1/etc/hadoop/rm-config/log4j.properties
STARTUP_MSG:   build = https://git-wip-us.apache.org/repos/asf/hadoop.git -r 20fe5304904fc2f5a18053c389e43cd26f7a70fe; compiled by 'vinodkv' on 2017-06-02T06:14Z
STARTUP_MSG:   java = 1.8.0_452
************************************************************/
2026-02-10 18:40:30,243 INFO org.apache.hadoop.yarn.server.resourcemanager.ResourceManager: registered UNIX signal handlers for [TERM, HUP, INT]
2026-02-10 18:40:30,409 INFO org.apache.hadoop.conf.Configuration: found resource core-site.xml at file:/home/ubuntu/hadoop-2.8.1/etc/hadoop/core-site.xml
2026-02-10 18:40:30,442 INFO org.apache.hadoop.security.Groups: clearing userToGroupsMap cache
2026-02-10 18:40:30,474 INFO org.apache.hadoop.conf.Configuration: found resource yarn-site.xml at file:/home/ubuntu/hadoop-2.8.1/etc/hadoop/yarn-site.xml
2026-02-10 18:40:30,568 INFO org.apache.hadoop.yarn.event.AsyncDispatcher: Registering class org.apache.hadoop.yarn.server.resourcemanager.RMFatalEventType for class org.apache.hadoop.yarn.server.resourcemanager.ResourceManager$RMFatalEventDispatcher
2026-02-10 18:40:30,587 INFO org.apache.hadoop.yarn.server.resourcemanager.security.NMTokenSecretManagerInRM: NMTokenKeyRollingInterval: 86400000ms and NMTokenKeyActivationDelay: 900000ms
2026-02-10 18:40:30,589 INFO org.apache.hadoop.yarn.server.resourcemanager.security.RMContainerTokenSecretManager: ContainerTokenKeyRollingInterval: 86400000ms and ContainerTokenKeyActivationDelay: 900000ms
2026-02-10 18:40:30,594 INFO org.apache.hadoop.yarn.server.resourcemanager.security.AMRMTokenSecretManager: AMRMTokenKeyRollingInterval: 86400000ms and AMRMTokenKeyActivationDelay: 900000 ms
2026-02-10 18:40:30,608 INFO org.apache.hadoop.yarn.event.AsyncDispatcher: Registering class org.apache.hadoop.yarn.server.resourcemanager.recovery.RMStateStoreEventType for class org.apache.hadoop.yarn.server.resourcemanager.recovery.RMStateStore$ForwardingEventHandler
2026-02-10 18:40:30,609 INFO org.apache.hadoop.yarn.event.AsyncDispatcher: Registering class org.apache.hadoop.yarn.server.resourcemanager.NodesListManagerEventType for class org.apache.hadoop.yarn.server.resourcemanager.NodesListManager
2026-02-10 18:40:30,609 INFO org.apache.hadoop.yarn.server.resourcemanager.ResourceManager: Using Scheduler: org.apache.hadoop.yarn.server.resourcemanager.scheduler.capacity.CapacityScheduler
2026-02-10 18:40:30,618 INFO org.apache.hadoop.yarn.event.AsyncDispatcher: Registering class org.apache.hadoop.yarn.server.resourcemanager.scheduler.event.SchedulerEventType for class org.apache.hadoop.yarn.server.resourcemanager.ResourceManager$SchedulerEventDispatcher
2026-02-10 18:40:30,619 INFO org.apache.hadoop.yarn.event.AsyncDispatcher: Registering class org.apache.hadoop.yarn.server.resourcemanager.rmapp.RMAppEventType for class org.apache.hadoop.yarn.server.resourcemanager.ResourceManager$ApplicationEventDispatcher
2026-02-10 18:40:30,619 INFO org.apache.hadoop.yarn.event.AsyncDispatcher: Registering class org.apache.hadoop.yarn.server.resourcemanager.rmapp.attempt.RMAppAttemptEventType for class org.apache.hadoop.yarn.server.resourcemanager.ResourceManager$ApplicationAttemptEventDispatcher
2026-02-10 18:40:30,619 INFO org.apache.hadoop.yarn.event.AsyncDispatcher: Registering class org.apache.hadoop.yarn.server.resourcemanager.rmnode.RMNodeEventType for class org.apache.hadoop.yarn.server.resourcemanager.ResourceManager$NodeEventDispatcher
2026-02-10 18:40:30,640 INFO org.apache.hadoop.metrics2.impl.MetricsConfig: loaded properties from hadoop-metrics2.properties
2026-02-10 18:40:30,685 INFO org.apache.hadoop.metrics2.impl.MetricsSystemImpl: Scheduled Metric snapshot period at 10 second(s).
2026-02-10 18:40:30,685 INFO org.apache.hadoop.metrics2.impl.MetricsSystemImpl: ResourceManager metrics system started
2026-02-10 18:40:30,692 INFO org.apache.hadoop.yarn.event.AsyncDispatcher: Registering class org.apache.hadoop.yarn.server.resourcemanager.RMAppManagerEventType for class org.apache.hadoop.yarn.server.resourcemanager.RMAppManager
2026-02-10 18:40:30,696 INFO org.apache.hadoop.yarn.event.AsyncDispatcher: Registering class org.apache.hadoop.yarn.server.resourcemanager.amlauncher.AMLauncherEventType for class org.apache.hadoop.yarn.server.resourcemanager.amlauncher.ApplicationMasterLauncher
2026-02-10 18:40:30,697 INFO org.apache.hadoop.yarn.server.resourcemanager.RMNMInfo: Registered RMNMInfo MBean
2026-02-10 18:40:30,700 INFO org.apache.hadoop.yarn.security.YarnAuthorizationProvider: org.apache.hadoop.yarn.security.ConfiguredYarnAuthorizer is instiantiated.
2026-02-10 18:40:30,700 INFO org.apache.hadoop.util.HostsFileReader: Refreshing hosts (include/exclude) list
2026-02-10 18:40:30,706 INFO org.apache.hadoop.conf.Configuration: found resource capacity-scheduler.xml at file:/home/ubuntu/hadoop-2.8.1/etc/hadoop/capacity-scheduler.xml
2026-02-10 18:40:30,731 INFO org.apache.hadoop.yarn.server.resourcemanager.scheduler.capacity.CapacitySchedulerConfiguration: max alloc mb per queue for root is undefined
2026-02-10 18:40:30,732 INFO org.apache.hadoop.yarn.server.resourcemanager.scheduler.capacity.CapacitySchedulerConfiguration: max alloc vcore per queue for root is undefined
2026-02-10 18:40:30,735 INFO org.apache.hadoop.yarn.server.resourcemanager.scheduler.capacity.ParentQueue: root, capacity=1.0, asboluteCapacity=1.0, maxCapacity=1.0, asboluteMaxCapacity=1.0, state=RUNNING, acls=SUBMIT_APP:*ADMINISTER_QUEUE:*, labels=*,, offswitchPerHeartbeatLimit = 1, reservationsContinueLooking=true
2026-02-10 18:40:30,735 INFO org.apache.hadoop.yarn.server.resourcemanager.scheduler.capacity.ParentQueue: Initialized parent-queue root name=root, fullname=root
2026-02-10 18:40:30,741 INFO org.apache.hadoop.yarn.server.resourcemanager.scheduler.capacity.CapacitySchedulerConfiguration: max alloc mb per queue for root.default is undefined
2026-02-10 18:40:30,741 INFO org.apache.hadoop.yarn.server.resourcemanager.scheduler.capacity.CapacitySchedulerConfiguration: max alloc vcore per queue for root.default is undefined
2026-02-10 18:40:30,742 INFO org.apache.hadoop.yarn.server.resourcemanager.scheduler.capacity.LeafQueue: Initializing default
capacity = 1.0 [= (float) configuredCapacity / 100 ]
asboluteCapacity = 1.0 [= parentAbsoluteCapacity * capacity ]
maxCapacity = 1.0 [= configuredMaxCapacity ]
absoluteMaxCapacity = 1.0 [= 1.0 maximumCapacity undefined, (parentAbsoluteMaxCapacity * maximumCapacity) / 100 otherwise ]
userLimit = 100 [= configuredUserLimit ]
userLimitFactor = 1.0 [= configuredUserLimitFactor ]
maxApplications = 10000 [= configuredMaximumSystemApplicationsPerQueue or (int)(configuredMaximumSystemApplications * absoluteCapacity)]
maxApplicationsPerUser = 10000 [= (int)(maxApplications * (userLimit / 100.0f) * userLimitFactor) ]
usedCapacity = 0.0 [= usedResourcesMemory / (clusterResourceMemory * absoluteCapacity)]
absoluteUsedCapacity = 0.0 [= usedResourcesMemory / clusterResourceMemory]
maxAMResourcePerQueuePercent = 0.1 [= configuredMaximumAMResourcePercent ]
minimumAllocationFactor = 0.875 [= (float)(maximumAllocationMemory - minimumAllocationMemory) / maximumAllocationMemory ]
maximumAllocation = <memory:8192, vCores:4> [= configuredMaxAllocation ]
numContainers = 0 [= currentNumContainers ]
state = RUNNING [= configuredState ]
acls = SUBMIT_APP:*ADMINISTER_QUEUE:* [= configuredAcls ]
nodeLocalityDelay = 40
labels=*,
reservationsContinueLooking = true
preemptionDisabled = true
defaultAppPriorityPerQueue = 0
2026-02-10 18:40:30,742 INFO org.apache.hadoop.yarn.server.resourcemanager.scheduler.capacity.CapacityScheduler: Initialized queue: default: capacity=1.0, absoluteCapacity=1.0, usedResources=<memory:0, vCores:0>, usedCapacity=0.0, absoluteUsedCapacity=0.0, numApps=0, numContainers=0
2026-02-10 18:40:30,743 INFO org.apache.hadoop.yarn.server.resourcemanager.scheduler.capacity.CapacityScheduler: Initialized queue: root: numChildQueue= 1, capacity=1.0, absoluteCapacity=1.0, usedResources=<memory:0, vCores:0>usedCapacity=0.0, numApps=0, numContainers=0
2026-02-10 18:40:30,743 INFO org.apache.hadoop.yarn.server.resourcemanager.scheduler.capacity.CapacityScheduler: Initialized root queue root: numChildQueue= 1, capacity=1.0, absoluteCapacity=1.0, usedResources=<memory:0, vCores:0>usedCapacity=0.0, numApps=0, numContainers=0
2026-02-10 18:40:30,743 INFO org.apache.hadoop.yarn.server.resourcemanager.scheduler.capacity.CapacityScheduler: Initialized queue mappings, override: false
2026-02-10 18:40:30,743 INFO org.apache.hadoop.yarn.server.resourcemanager.scheduler.capacity.CapacityScheduler: Initialized CapacityScheduler with calculator=class org.apache.hadoop.yarn.util.resource.DefaultResourceCalculator, minimumAllocation=<<memory:1024, vCores:1>>, maximumAllocation=<<memory:8192, vCores:4>>, asynchronousScheduling=false, asyncScheduleInterval=5ms
2026-02-10 18:40:30,745 INFO org.apache.hadoop.conf.Configuration: dynamic-resources.xml not found
2026-02-10 18:40:30,750 INFO org.apache.hadoop.yarn.server.resourcemanager.metrics.SystemMetricsPublisher: YARN system metrics publishing service is not enabled
2026-02-10 18:40:30,750 INFO org.apache.hadoop.yarn.server.resourcemanager.ResourceManager: Transitioning to active state
2026-02-10 18:40:30,761 INFO org.apache.hadoop.yarn.server.resourcemanager.recovery.RMStateStore: Updating AMRMToken
2026-02-10 18:40:30,761 INFO org.apache.hadoop.yarn.server.resourcemanager.security.RMContainerTokenSecretManager: Rolling master-key for container-tokens
2026-02-10 18:40:30,761 INFO org.apache.hadoop.util.JvmPauseMonitor: Starting JVM pause monitor
2026-02-10 18:40:30,762 INFO org.apache.hadoop.yarn.server.resourcemanager.security.NMTokenSecretManagerInRM: Rolling master-key for nm-tokens
2026-02-10 18:40:30,762 INFO org.apache.hadoop.security.token.delegation.AbstractDelegationTokenSecretManager: Updating the current master key for generating delegation tokens
2026-02-10 18:40:30,762 INFO org.apache.hadoop.yarn.server.resourcemanager.security.RMDelegationTokenSecretManager: storing master key with keyID 1
2026-02-10 18:40:30,762 INFO org.apache.hadoop.yarn.server.resourcemanager.recovery.RMStateStore: Storing RMDTMasterKey.
2026-02-10 18:40:30,763 INFO org.apache.hadoop.security.token.delegation.AbstractDelegationTokenSecretManager: Starting expired delegation token remover thread, tokenRemoverScanInterval=60 min(s)
2026-02-10 18:40:30,763 INFO org.apache.hadoop.security.token.delegation.AbstractDelegationTokenSecretManager: Updating the current master key for generating delegation tokens
2026-02-10 18:40:30,763 INFO org.apache.hadoop.yarn.server.resourcemanager.security.RMDelegationTokenSecretManager: storing master key with keyID 2
2026-02-10 18:40:30,763 INFO org.apache.hadoop.yarn.server.resourcemanager.recovery.RMStateStore: Storing RMDTMasterKey.
2026-02-10 18:40:30,764 INFO org.apache.hadoop.yarn.event.AsyncDispatcher: Registering class org.apache.hadoop.yarn.nodelabels.event.NodeLabelsStoreEventType for class org.apache.hadoop.yarn.nodelabels.CommonNodeLabelsManager$ForwardingEventHandler
2026-02-10 18:40:30,788 INFO org.apache.hadoop.ipc.CallQueueManager: Using callQueue: class java.util.concurrent.LinkedBlockingQueue queueCapacity: 5000 scheduler: class org.apache.hadoop.ipc.DefaultRpcScheduler
2026-02-10 18:40:30,794 INFO org.apache.hadoop.ipc.Server: Starting Socket Reader #1 for port 8031
2026-02-10 18:40:30,871 INFO org.apache.hadoop.yarn.factories.impl.pb.RpcServerFactoryPBImpl: Adding protocol org.apache.hadoop.yarn.server.api.ResourceTrackerPB to the server
2026-02-10 18:40:30,872 INFO org.apache.hadoop.ipc.Server: IPC Server Responder: starting
2026-02-10 18:40:30,872 INFO org.apache.hadoop.ipc.Server: IPC Server listener on 8031: starting
2026-02-10 18:40:30,885 INFO org.apache.hadoop.ipc.CallQueueManager: Using callQueue: class java.util.concurrent.LinkedBlockingQueue queueCapacity: 5000 scheduler: class org.apache.hadoop.ipc.DefaultRpcScheduler
2026-02-10 18:40:30,888 INFO org.apache.hadoop.ipc.Server: Starting Socket Reader #1 for port 8030
2026-02-10 18:40:30,894 INFO org.apache.hadoop.yarn.factories.impl.pb.RpcServerFactoryPBImpl: Adding protocol org.apache.hadoop.yarn.api.ApplicationMasterProtocolPB to the server
2026-02-10 18:40:30,894 INFO org.apache.hadoop.ipc.Server: IPC Server Responder: starting
2026-02-10 18:40:30,894 INFO org.apache.hadoop.ipc.Server: IPC Server listener on 8030: starting
2026-02-10 18:40:30,942 INFO org.apache.hadoop.ipc.CallQueueManager: Using callQueue: class java.util.concurrent.LinkedBlockingQueue queueCapacity: 5000 scheduler: class org.apache.hadoop.ipc.DefaultRpcScheduler
2026-02-10 18:40:30,942 INFO org.apache.hadoop.ipc.Server: Starting Socket Reader #1 for port 8032
2026-02-10 18:40:30,945 INFO org.apache.hadoop.yarn.factories.impl.pb.RpcServerFactoryPBImpl: Adding protocol org.apache.hadoop.yarn.api.ApplicationClientProtocolPB to the server
2026-02-10 18:40:30,947 INFO org.apache.hadoop.ipc.Server: IPC Server Responder: starting
2026-02-10 18:40:30,947 INFO org.apache.hadoop.ipc.Server: IPC Server listener on 8032: starting
2026-02-10 18:40:30,953 INFO org.apache.hadoop.yarn.server.resourcemanager.ResourceManager: Transitioned to active state
2026-02-10 18:40:31,019 INFO org.mortbay.log: Logging to org.slf4j.impl.Log4jLoggerAdapter(org.mortbay.log) via org.mortbay.log.Slf4jLog
2026-02-10 18:40:31,023 INFO org.apache.hadoop.security.authentication.server.AuthenticationFilter: Unable to initialize FileSignerSecretProvider, falling back to use random secrets.
2026-02-10 18:40:31,025 INFO org.apache.hadoop.http.HttpRequestLog: Http request log for http.requests.resourcemanager is not defined
2026-02-10 18:40:31,029 INFO org.apache.hadoop.http.HttpServer2: Added global filter 'safety' (class=org.apache.hadoop.http.HttpServer2$QuotingInputFilter)
2026-02-10 18:40:31,031 INFO org.apache.hadoop.http.HttpServer2: Added filter RMAuthenticationFilter (class=org.apache.hadoop.yarn.server.security.http.RMAuthenticationFilter) to context cluster
2026-02-10 18:40:31,031 INFO org.apache.hadoop.http.HttpServer2: Added filter RMAuthenticationFilter (class=org.apache.hadoop.yarn.server.security.http.RMAuthenticationFilter) to context static
2026-02-10 18:40:31,031 INFO org.apache.hadoop.http.HttpServer2: Added filter RMAuthenticationFilter (class=org.apache.hadoop.yarn.server.security.http.RMAuthenticationFilter) to context logs
2026-02-10 18:40:31,031 INFO org.apache.hadoop.http.HttpServer2: Added filter static_user_filter (class=org.apache.hadoop.http.lib.StaticUserWebFilter$StaticUserFilter) to context cluster
2026-02-10 18:40:31,031 INFO org.apache.hadoop.http.HttpServer2: Added filter static_user_filter (class=org.apache.hadoop.http.lib.StaticUserWebFilter$StaticUserFilter) to context static
2026-02-10 18:40:31,032 INFO org.apache.hadoop.http.HttpServer2: Added filter static_user_filter (class=org.apache.hadoop.http.lib.StaticUserWebFilter$StaticUserFilter) to context logs
2026-02-10 18:40:31,034 INFO org.apache.hadoop.http.HttpServer2: adding path spec: /cluster/*
2026-02-10 18:40:31,034 INFO org.apache.hadoop.http.HttpServer2: adding path spec: /ws/*
2026-02-10 18:40:31,235 INFO org.apache.hadoop.yarn.webapp.WebApps: Registered webapp guice modules
2026-02-10 18:40:31,237 INFO org.apache.hadoop.http.HttpServer2: Jetty bound to port 8088
2026-02-10 18:40:31,237 INFO org.mortbay.log: jetty-6.1.26
2026-02-10 18:40:31,260 INFO org.mortbay.log: Extract jar:file:/home/ubuntu/hadoop-2.8.1/share/hadoop/yarn/hadoop-yarn-common-2.8.1.jar!/webapps/cluster to /tmp/Jetty_localhost_8088_cluster____.3j26f5/webapp
2026-02-10 18:40:31,358 INFO org.apache.hadoop.security.token.delegation.AbstractDelegationTokenSecretManager: Updating the current master key for generating delegation tokens
2026-02-10 18:40:31,368 INFO org.apache.hadoop.security.token.delegation.AbstractDelegationTokenSecretManager: Starting expired delegation token remover thread, tokenRemoverScanInterval=60 min(s)
2026-02-10 18:40:31,368 INFO org.apache.hadoop.security.token.delegation.AbstractDelegationTokenSecretManager: Updating the current master key for generating delegation tokens
2026-02-10 18:40:32,028 INFO org.mortbay.log: Started HttpServer2$SelectChannelConnectorWithSafeStartup@localhost:8088
2026-02-10 18:40:32,028 INFO org.apache.hadoop.yarn.webapp.WebApps: Web app cluster started at 8088
2026-02-10 18:40:32,049 INFO org.apache.hadoop.ipc.CallQueueManager: Using callQueue: class java.util.concurrent.LinkedBlockingQueue queueCapacity: 100 scheduler: class org.apache.hadoop.ipc.DefaultRpcScheduler
2026-02-10 18:40:32,069 INFO org.apache.hadoop.ipc.Server: Starting Socket Reader #1 for port 8033
2026-02-10 18:40:32,079 INFO org.apache.hadoop.yarn.factories.impl.pb.RpcServerFactoryPBImpl: Adding protocol org.apache.hadoop.yarn.server.api.ResourceManagerAdministrationProtocolPB to the server
2026-02-10 18:40:32,080 INFO org.apache.hadoop.ipc.Server: IPC Server Responder: starting
2026-02-10 18:40:32,080 INFO org.apache.hadoop.ipc.Server: IPC Server listener on 8033: starting
2026-02-10 18:40:33,715 INFO org.apache.hadoop.yarn.server.resourcemanager.ResourceTrackerService: NodeManager from node 5f3efe19-7567-48d5-b729-3a098a5f313e-wcslice.novalocal(cmPort: 39797 httpPort: 8042) registered with capability: <memory:8192, vCores:8>, assigned nodeId 5f3efe19-7567-48d5-b729-3a098a5f313e-wcslice.novalocal:39797
2026-02-10 18:40:33,717 INFO org.apache.hadoop.yarn.server.resourcemanager.rmnode.RMNodeImpl: 5f3efe19-7567-48d5-b729-3a098a5f313e-wcslice.novalocal:39797 Node Transitioned from NEW to RUNNING
2026-02-10 18:40:33,721 INFO org.apache.hadoop.yarn.server.resourcemanager.scheduler.capacity.CapacityScheduler: Added node 5f3efe19-7567-48d5-b729-3a098a5f313e-wcslice.novalocal:39797 clusterResource: <memory:8192, vCores:8>
2026-02-10 18:50:30,706 INFO org.apache.hadoop.yarn.server.resourcemanager.scheduler.AbstractYarnScheduler: Release request cache is cleaned up
2026-02-11 18:40:30,761 INFO org.apache.hadoop.yarn.server.resourcemanager.security.AMRMTokenSecretManager: Rolling master-key for amrm-tokens
2026-02-11 18:40:30,762 INFO org.apache.hadoop.yarn.server.resourcemanager.recovery.RMStateStore: Updating AMRMToken
2026-02-11 18:40:30,762 INFO org.apache.hadoop.yarn.server.resourcemanager.security.RMContainerTokenSecretManager: Rolling master-key for container-tokens
2026-02-11 18:40:30,762 INFO org.apache.hadoop.yarn.server.resourcemanager.security.RMContainerTokenSecretManager: Going to activate master-key with key-id 1878516358 in 900000ms
2026-02-11 18:40:30,762 INFO org.apache.hadoop.yarn.server.resourcemanager.security.NMTokenSecretManagerInRM: Rolling master-key for nm-tokens
2026-02-11 18:40:30,762 INFO org.apache.hadoop.yarn.server.resourcemanager.security.NMTokenSecretManagerInRM: Going to activate master-key with key-id -133810512 in 900000ms
2026-02-11 18:40:32,075 INFO org.apache.hadoop.security.token.delegation.AbstractDelegationTokenSecretManager: Updating the current master key for generating delegation tokens
2026-02-11 18:40:32,075 INFO org.apache.hadoop.yarn.server.resourcemanager.security.RMDelegationTokenSecretManager: storing master key with keyID 3
2026-02-11 18:40:32,075 INFO org.apache.hadoop.yarn.server.resourcemanager.recovery.RMStateStore: Storing RMDTMasterKey.
2026-02-11 18:40:32,646 INFO org.apache.hadoop.security.token.delegation.AbstractDelegationTokenSecretManager: Updating the current master key for generating delegation tokens
2026-02-11 18:55:30,762 INFO org.apache.hadoop.yarn.server.resourcemanager.security.AMRMTokenSecretManager: Activating next master key with id: -535710840
2026-02-11 18:55:30,762 INFO org.apache.hadoop.yarn.server.resourcemanager.recovery.RMStateStore: Updating AMRMToken
2026-02-11 18:55:30,763 INFO org.apache.hadoop.yarn.server.resourcemanager.security.RMContainerTokenSecretManager: Activating next master key with id: 1878516358
2026-02-11 18:55:30,763 INFO org.apache.hadoop.yarn.server.resourcemanager.security.NMTokenSecretManagerInRM: Activating next master key with id: -133810512
2026-02-12 18:40:30,761 INFO org.apache.hadoop.yarn.server.resourcemanager.security.RMContainerTokenSecretManager: Rolling master-key for container-tokens
2026-02-12 18:40:30,761 INFO org.apache.hadoop.yarn.server.resourcemanager.security.RMContainerTokenSecretManager: Going to activate master-key with key-id 1878516359 in 900000ms
2026-02-12 18:40:30,761 INFO org.apache.hadoop.yarn.server.resourcemanager.security.AMRMTokenSecretManager: Rolling master-key for amrm-tokens
2026-02-12 18:40:30,761 INFO org.apache.hadoop.yarn.server.resourcemanager.recovery.RMStateStore: Updating AMRMToken
2026-02-12 18:40:30,762 INFO org.apache.hadoop.yarn.server.resourcemanager.security.NMTokenSecretManagerInRM: Rolling master-key for nm-tokens
2026-02-12 18:40:30,762 INFO org.apache.hadoop.yarn.server.resourcemanager.security.NMTokenSecretManagerInRM: Going to activate master-key with key-id -133810511 in 900000ms
2026-02-12 18:40:33,392 INFO org.apache.hadoop.security.token.delegation.AbstractDelegationTokenSecretManager: Updating the current master key for generating delegation tokens
2026-02-12 18:40:33,392 INFO org.apache.hadoop.yarn.server.resourcemanager.security.RMDelegationTokenSecretManager: storing master key with keyID 4
2026-02-12 18:40:33,392 INFO org.apache.hadoop.yarn.server.resourcemanager.recovery.RMStateStore: Storing RMDTMasterKey.
2026-02-12 18:40:33,924 INFO org.apache.hadoop.security.token.delegation.AbstractDelegationTokenSecretManager: Updating the current master key for generating delegation tokens
2026-02-12 18:55:30,761 INFO org.apache.hadoop.yarn.server.resourcemanager.security.RMContainerTokenSecretManager: Activating next master key with id: 1878516359
2026-02-12 18:55:30,762 INFO org.apache.hadoop.yarn.server.resourcemanager.security.AMRMTokenSecretManager: Activating next master key with id: -535710839
2026-02-12 18:55:30,762 INFO org.apache.hadoop.yarn.server.resourcemanager.recovery.RMStateStore: Updating AMRMToken
2026-02-12 18:55:30,762 INFO org.apache.hadoop.yarn.server.resourcemanager.security.NMTokenSecretManagerInRM: Activating next master key with id: -133810511
2026-02-13 18:40:30,761 INFO org.apache.hadoop.yarn.server.resourcemanager.security.AMRMTokenSecretManager: Rolling master-key for amrm-tokens
2026-02-13 18:40:30,761 INFO org.apache.hadoop.yarn.server.resourcemanager.recovery.RMStateStore: Updating AMRMToken
2026-02-13 18:40:30,761 INFO org.apache.hadoop.yarn.server.resourcemanager.security.RMContainerTokenSecretManager: Rolling master-key for container-tokens
2026-02-13 18:40:30,761 INFO org.apache.hadoop.yarn.server.resourcemanager.security.RMContainerTokenSecretManager: Going to activate master-key with key-id 1878516360 in 900000ms
2026-02-13 18:40:30,762 INFO org.apache.hadoop.yarn.server.resourcemanager.security.NMTokenSecretManagerInRM: Rolling master-key for nm-tokens
2026-02-13 18:40:30,762 INFO org.apache.hadoop.yarn.server.resourcemanager.security.NMTokenSecretManagerInRM: Going to activate master-key with key-id -133810510 in 900000ms
2026-02-13 18:40:34,717 INFO org.apache.hadoop.security.token.delegation.AbstractDelegationTokenSecretManager: Updating the current master key for generating delegation tokens
2026-02-13 18:40:34,717 INFO org.apache.hadoop.yarn.server.resourcemanager.security.RMDelegationTokenSecretManager: storing master key with keyID 5
2026-02-13 18:40:34,717 INFO org.apache.hadoop.yarn.server.resourcemanager.recovery.RMStateStore: Storing RMDTMasterKey.
2026-02-13 18:40:35,168 INFO org.apache.hadoop.security.token.delegation.AbstractDelegationTokenSecretManager: Updating the current master key for generating delegation tokens
2026-02-13 18:55:30,761 INFO org.apache.hadoop.yarn.server.resourcemanager.security.AMRMTokenSecretManager: Activating next master key with id: -535710838
2026-02-13 18:55:30,761 INFO org.apache.hadoop.yarn.server.resourcemanager.recovery.RMStateStore: Updating AMRMToken
2026-02-13 18:55:30,762 INFO org.apache.hadoop.yarn.server.resourcemanager.security.RMContainerTokenSecretManager: Activating next master key with id: 1878516360
2026-02-13 18:55:30,762 INFO org.apache.hadoop.yarn.server.resourcemanager.security.NMTokenSecretManagerInRM: Activating next master key with id: -133810510
2026-02-14 18:40:30,761 INFO org.apache.hadoop.yarn.server.resourcemanager.security.RMContainerTokenSecretManager: Rolling master-key for container-tokens
2026-02-14 18:40:30,761 INFO org.apache.hadoop.yarn.server.resourcemanager.security.RMContainerTokenSecretManager: Going to activate master-key with key-id 1878516361 in 900000ms
2026-02-14 18:40:30,762 INFO org.apache.hadoop.yarn.server.resourcemanager.security.AMRMTokenSecretManager: Rolling master-key for amrm-tokens
2026-02-14 18:40:30,762 INFO org.apache.hadoop.yarn.server.resourcemanager.recovery.RMStateStore: Updating AMRMToken
2026-02-14 18:40:30,762 INFO org.apache.hadoop.yarn.server.resourcemanager.security.NMTokenSecretManagerInRM: Rolling master-key for nm-tokens
2026-02-14 18:40:30,762 INFO org.apache.hadoop.yarn.server.resourcemanager.security.NMTokenSecretManagerInRM: Going to activate master-key with key-id -133810509 in 900000ms
2026-02-14 18:40:35,953 INFO org.apache.hadoop.security.token.delegation.AbstractDelegationTokenSecretManager: Updating the current master key for generating delegation tokens
2026-02-14 18:40:35,953 INFO org.apache.hadoop.yarn.server.resourcemanager.security.RMDelegationTokenSecretManager: storing master key with keyID 6
2026-02-14 18:40:35,953 INFO org.apache.hadoop.yarn.server.resourcemanager.recovery.RMStateStore: Storing RMDTMasterKey.
2026-02-14 18:40:36,392 INFO org.apache.hadoop.security.token.delegation.AbstractDelegationTokenSecretManager: Updating the current master key for generating delegation tokens
2026-02-14 18:55:30,761 INFO org.apache.hadoop.yarn.server.resourcemanager.security.RMContainerTokenSecretManager: Activating next master key with id: 1878516361
2026-02-14 18:55:30,762 INFO org.apache.hadoop.yarn.server.resourcemanager.security.AMRMTokenSecretManager: Activating next master key with id: -535710837
2026-02-14 18:55:30,762 INFO org.apache.hadoop.yarn.server.resourcemanager.recovery.RMStateStore: Updating AMRMToken
2026-02-14 18:55:30,762 INFO org.apache.hadoop.yarn.server.resourcemanager.security.NMTokenSecretManagerInRM: Activating next master key with id: -133810509
2026-02-15 18:40:30,761 INFO org.apache.hadoop.yarn.server.resourcemanager.security.AMRMTokenSecretManager: Rolling master-key for amrm-tokens
2026-02-15 18:40:30,762 INFO org.apache.hadoop.yarn.server.resourcemanager.recovery.RMStateStore: Updating AMRMToken
2026-02-15 18:40:30,762 INFO org.apache.hadoop.yarn.server.resourcemanager.security.RMContainerTokenSecretManager: Rolling master-key for container-tokens
2026-02-15 18:40:30,762 INFO org.apache.hadoop.yarn.server.resourcemanager.security.RMContainerTokenSecretManager: Going to activate master-key with key-id 1878516362 in 900000ms
2026-02-15 18:40:30,762 INFO org.apache.hadoop.yarn.server.resourcemanager.security.NMTokenSecretManagerInRM: Rolling master-key for nm-tokens
2026-02-15 18:40:30,762 INFO org.apache.hadoop.yarn.server.resourcemanager.security.NMTokenSecretManagerInRM: Going to activate master-key with key-id -133810508 in 900000ms
2026-02-15 18:40:37,165 INFO org.apache.hadoop.security.token.delegation.AbstractDelegationTokenSecretManager: Updating the current master key for generating delegation tokens
2026-02-15 18:40:37,165 INFO org.apache.hadoop.yarn.server.resourcemanager.security.RMDelegationTokenSecretManager: storing master key with keyID 7
2026-02-15 18:40:37,165 INFO org.apache.hadoop.yarn.server.resourcemanager.recovery.RMStateStore: Storing RMDTMasterKey.
2026-02-15 18:40:37,625 INFO org.apache.hadoop.security.token.delegation.AbstractDelegationTokenSecretManager: Updating the current master key for generating delegation tokens
2026-02-15 18:55:30,762 INFO org.apache.hadoop.yarn.server.resourcemanager.security.AMRMTokenSecretManager: Activating next master key with id: -535710836
2026-02-15 18:55:30,762 INFO org.apache.hadoop.yarn.server.resourcemanager.recovery.RMStateStore: Updating AMRMToken
2026-02-15 18:55:30,762 INFO org.apache.hadoop.yarn.server.resourcemanager.security.RMContainerTokenSecretManager: Activating next master key with id: 1878516362
2026-02-15 18:55:30,763 INFO org.apache.hadoop.yarn.server.resourcemanager.security.NMTokenSecretManagerInRM: Activating next master key with id: -133810508
2026-02-16 18:40:30,761 INFO org.apache.hadoop.yarn.server.resourcemanager.security.AMRMTokenSecretManager: Rolling master-key for amrm-tokens
2026-02-16 18:40:30,761 INFO org.apache.hadoop.yarn.server.resourcemanager.recovery.RMStateStore: Updating AMRMToken
2026-02-16 18:40:30,761 INFO org.apache.hadoop.yarn.server.resourcemanager.security.RMContainerTokenSecretManager: Rolling master-key for container-tokens
2026-02-16 18:40:30,761 INFO org.apache.hadoop.yarn.server.resourcemanager.security.RMContainerTokenSecretManager: Going to activate master-key with key-id 1878516363 in 900000ms
2026-02-16 18:40:30,762 INFO org.apache.hadoop.yarn.server.resourcemanager.security.NMTokenSecretManagerInRM: Rolling master-key for nm-tokens
2026-02-16 18:40:30,762 INFO org.apache.hadoop.yarn.server.resourcemanager.security.NMTokenSecretManagerInRM: Going to activate master-key with key-id -133810507 in 900000ms
2026-02-16 18:40:38,402 INFO org.apache.hadoop.security.token.delegation.AbstractDelegationTokenSecretManager: Updating the current master key for generating delegation tokens
2026-02-16 18:40:38,402 INFO org.apache.hadoop.yarn.server.resourcemanager.security.RMDelegationTokenSecretManager: storing master key with keyID 8
2026-02-16 18:40:38,402 INFO org.apache.hadoop.yarn.server.resourcemanager.recovery.RMStateStore: Storing RMDTMasterKey.
2026-02-16 18:40:38,856 INFO org.apache.hadoop.security.token.delegation.AbstractDelegationTokenSecretManager: Updating the current master key for generating delegation tokens
2026-02-16 18:55:30,761 INFO org.apache.hadoop.yarn.server.resourcemanager.security.AMRMTokenSecretManager: Activating next master key with id: -535710835
2026-02-16 18:55:30,761 INFO org.apache.hadoop.yarn.server.resourcemanager.recovery.RMStateStore: Updating AMRMToken
2026-02-16 18:55:30,762 INFO org.apache.hadoop.yarn.server.resourcemanager.security.RMContainerTokenSecretManager: Activating next master key with id: 1878516363
2026-02-16 18:55:30,762 INFO org.apache.hadoop.yarn.server.resourcemanager.security.NMTokenSecretManagerInRM: Activating next master key with id: -133810507
2026-02-17 18:40:30,761 INFO org.apache.hadoop.yarn.server.resourcemanager.security.AMRMTokenSecretManager: Rolling master-key for amrm-tokens
2026-02-17 18:40:30,761 INFO org.apache.hadoop.yarn.server.resourcemanager.recovery.RMStateStore: Updating AMRMToken
2026-02-17 18:40:30,761 INFO org.apache.hadoop.yarn.server.resourcemanager.security.RMContainerTokenSecretManager: Rolling master-key for container-tokens
2026-02-17 18:40:30,761 INFO org.apache.hadoop.yarn.server.resourcemanager.security.RMContainerTokenSecretManager: Going to activate master-key with key-id 1878516364 in 900000ms
2026-02-17 18:40:30,762 INFO org.apache.hadoop.yarn.server.resourcemanager.security.NMTokenSecretManagerInRM: Rolling master-key for nm-tokens
2026-02-17 18:40:30,762 INFO org.apache.hadoop.yarn.server.resourcemanager.security.NMTokenSecretManagerInRM: Going to activate master-key with key-id -133810506 in 900000ms
2026-02-17 18:40:39,628 INFO org.apache.hadoop.yarn.server.resourcemanager.security.RMDelegationTokenSecretManager: removing master key with keyID 1
2026-02-17 18:40:39,628 INFO org.apache.hadoop.yarn.server.resourcemanager.recovery.RMStateStore: Removing RMDTMasterKey.
2026-02-17 18:40:39,628 INFO org.apache.hadoop.security.token.delegation.AbstractDelegationTokenSecretManager: Updating the current master key for generating delegation tokens
2026-02-17 18:40:39,628 INFO org.apache.hadoop.yarn.server.resourcemanager.security.RMDelegationTokenSecretManager: storing master key with keyID 9
2026-02-17 18:40:39,628 INFO org.apache.hadoop.yarn.server.resourcemanager.recovery.RMStateStore: Storing RMDTMasterKey.
2026-02-17 18:40:40,088 INFO org.apache.hadoop.security.token.delegation.AbstractDelegationTokenSecretManager: Updating the current master key for generating delegation tokens
2026-02-17 18:55:30,761 INFO org.apache.hadoop.yarn.server.resourcemanager.security.AMRMTokenSecretManager: Activating next master key with id: -535710834
2026-02-17 18:55:30,761 INFO org.apache.hadoop.yarn.server.resourcemanager.recovery.RMStateStore: Updating AMRMToken
2026-02-17 18:55:30,761 INFO org.apache.hadoop.yarn.server.resourcemanager.security.RMContainerTokenSecretManager: Activating next master key with id: 1878516364
2026-02-17 18:55:30,762 INFO org.apache.hadoop.yarn.server.resourcemanager.security.NMTokenSecretManagerInRM: Activating next master key with id: -133810506
2026-02-18 18:40:30,761 INFO org.apache.hadoop.yarn.server.resourcemanager.security.AMRMTokenSecretManager: Rolling master-key for amrm-tokens
2026-02-18 18:40:30,762 INFO org.apache.hadoop.yarn.server.resourcemanager.recovery.RMStateStore: Updating AMRMToken
2026-02-18 18:40:30,762 INFO org.apache.hadoop.yarn.server.resourcemanager.security.NMTokenSecretManagerInRM: Rolling master-key for nm-tokens
2026-02-18 18:40:30,762 INFO org.apache.hadoop.yarn.server.resourcemanager.security.NMTokenSecretManagerInRM: Going to activate master-key with key-id -133810505 in 900000ms
2026-02-18 18:40:30,761 INFO org.apache.hadoop.yarn.server.resourcemanager.security.RMContainerTokenSecretManager: Rolling master-key for container-tokens
2026-02-18 18:40:30,762 INFO org.apache.hadoop.yarn.server.resourcemanager.security.RMContainerTokenSecretManager: Going to activate master-key with key-id 1878516365 in 900000ms
2026-02-18 18:40:40,832 INFO org.apache.hadoop.yarn.server.resourcemanager.security.RMDelegationTokenSecretManager: removing master key with keyID 2
2026-02-18 18:40:40,833 INFO org.apache.hadoop.yarn.server.resourcemanager.recovery.RMStateStore: Removing RMDTMasterKey.
2026-02-18 18:40:40,833 INFO org.apache.hadoop.security.token.delegation.AbstractDelegationTokenSecretManager: Updating the current master key for generating delegation tokens
2026-02-18 18:40:40,833 INFO org.apache.hadoop.yarn.server.resourcemanager.security.RMDelegationTokenSecretManager: storing master key with keyID 10
2026-02-18 18:40:40,833 INFO org.apache.hadoop.yarn.server.resourcemanager.recovery.RMStateStore: Storing RMDTMasterKey.
2026-02-18 18:40:41,329 INFO org.apache.hadoop.security.token.delegation.AbstractDelegationTokenSecretManager: Updating the current master key for generating delegation tokens
2026-02-18 18:55:30,762 INFO org.apache.hadoop.yarn.server.resourcemanager.security.AMRMTokenSecretManager: Activating next master key with id: -535710833
2026-02-18 18:55:30,763 INFO org.apache.hadoop.yarn.server.resourcemanager.recovery.RMStateStore: Updating AMRMToken
2026-02-18 18:55:30,763 INFO org.apache.hadoop.yarn.server.resourcemanager.security.NMTokenSecretManagerInRM: Activating next master key with id: -133810505
2026-02-18 18:55:30,763 INFO org.apache.hadoop.yarn.server.resourcemanager.security.RMContainerTokenSecretManager: Activating next master key with id: 1878516365
2026-02-19 18:40:30,761 INFO org.apache.hadoop.yarn.server.resourcemanager.security.AMRMTokenSecretManager: Rolling master-key for amrm-tokens
2026-02-19 18:40:30,761 INFO org.apache.hadoop.yarn.server.resourcemanager.recovery.RMStateStore: Updating AMRMToken
2026-02-19 18:40:30,761 INFO org.apache.hadoop.yarn.server.resourcemanager.security.RMContainerTokenSecretManager: Rolling master-key for container-tokens
2026-02-19 18:40:30,761 INFO org.apache.hadoop.yarn.server.resourcemanager.security.RMContainerTokenSecretManager: Going to activate master-key with key-id 1878516366 in 900000ms
2026-02-19 18:40:30,762 INFO org.apache.hadoop.yarn.server.resourcemanager.security.NMTokenSecretManagerInRM: Rolling master-key for nm-tokens
2026-02-19 18:40:30,762 INFO org.apache.hadoop.yarn.server.resourcemanager.security.NMTokenSecretManagerInRM: Going to activate master-key with key-id -133810504 in 900000ms
2026-02-19 18:40:42,058 INFO org.apache.hadoop.yarn.server.resourcemanager.security.RMDelegationTokenSecretManager: removing master key with keyID 3
2026-02-19 18:40:42,058 INFO org.apache.hadoop.yarn.server.resourcemanager.recovery.RMStateStore: Removing RMDTMasterKey.
2026-02-19 18:40:42,058 INFO org.apache.hadoop.security.token.delegation.AbstractDelegationTokenSecretManager: Updating the current master key for generating delegation tokens
2026-02-19 18:40:42,058 INFO org.apache.hadoop.yarn.server.resourcemanager.security.RMDelegationTokenSecretManager: storing master key with keyID 11
2026-02-19 18:40:42,058 INFO org.apache.hadoop.yarn.server.resourcemanager.recovery.RMStateStore: Storing RMDTMasterKey.
2026-02-19 18:40:42,553 INFO org.apache.hadoop.security.token.delegation.AbstractDelegationTokenSecretManager: Updating the current master key for generating delegation tokens
2026-02-19 18:55:30,761 INFO org.apache.hadoop.yarn.server.resourcemanager.security.AMRMTokenSecretManager: Activating next master key with id: -535710832
2026-02-19 18:55:30,761 INFO org.apache.hadoop.yarn.server.resourcemanager.recovery.RMStateStore: Updating AMRMToken
2026-02-19 18:55:30,761 INFO org.apache.hadoop.yarn.server.resourcemanager.security.RMContainerTokenSecretManager: Activating next master key with id: 1878516366
2026-02-19 18:55:30,762 INFO org.apache.hadoop.yarn.server.resourcemanager.security.NMTokenSecretManagerInRM: Activating next master key with id: -133810504
2026-02-20 18:40:30,761 INFO org.apache.hadoop.yarn.server.resourcemanager.security.AMRMTokenSecretManager: Rolling master-key for amrm-tokens
2026-02-20 18:40:30,761 INFO org.apache.hadoop.yarn.server.resourcemanager.security.RMContainerTokenSecretManager: Rolling master-key for container-tokens
2026-02-20 18:40:30,762 INFO org.apache.hadoop.yarn.server.resourcemanager.recovery.RMStateStore: Updating AMRMToken
2026-02-20 18:40:30,762 INFO org.apache.hadoop.yarn.server.resourcemanager.security.NMTokenSecretManagerInRM: Rolling master-key for nm-tokens
2026-02-20 18:40:30,762 INFO org.apache.hadoop.yarn.server.resourcemanager.security.NMTokenSecretManagerInRM: Going to activate master-key with key-id -133810503 in 900000ms
2026-02-20 18:40:30,762 INFO org.apache.hadoop.yarn.server.resourcemanager.security.RMContainerTokenSecretManager: Going to activate master-key with key-id 1878516367 in 900000ms
2026-02-20 18:40:43,268 INFO org.apache.hadoop.yarn.server.resourcemanager.security.RMDelegationTokenSecretManager: removing master key with keyID 4
2026-02-20 18:40:43,269 INFO org.apache.hadoop.yarn.server.resourcemanager.recovery.RMStateStore: Removing RMDTMasterKey.
2026-02-20 18:40:43,269 INFO org.apache.hadoop.security.token.delegation.AbstractDelegationTokenSecretManager: Updating the current master key for generating delegation tokens
2026-02-20 18:40:43,269 INFO org.apache.hadoop.yarn.server.resourcemanager.security.RMDelegationTokenSecretManager: storing master key with keyID 12
2026-02-20 18:40:43,269 INFO org.apache.hadoop.yarn.server.resourcemanager.recovery.RMStateStore: Storing RMDTMasterKey.
2026-02-20 18:40:43,791 INFO org.apache.hadoop.security.token.delegation.AbstractDelegationTokenSecretManager: Updating the current master key for generating delegation tokens
2026-02-20 18:55:30,762 INFO org.apache.hadoop.yarn.server.resourcemanager.security.AMRMTokenSecretManager: Activating next master key with id: -535710831
2026-02-20 18:55:30,762 INFO org.apache.hadoop.yarn.server.resourcemanager.recovery.RMStateStore: Updating AMRMToken
2026-02-20 18:55:30,762 INFO org.apache.hadoop.yarn.server.resourcemanager.security.NMTokenSecretManagerInRM: Activating next master key with id: -133810503
2026-02-20 18:55:30,762 INFO org.apache.hadoop.yarn.server.resourcemanager.security.RMContainerTokenSecretManager: Activating next master key with id: 1878516367
2026-02-21 18:40:30,761 INFO org.apache.hadoop.yarn.server.resourcemanager.security.AMRMTokenSecretManager: Rolling master-key for amrm-tokens
2026-02-21 18:40:30,762 INFO org.apache.hadoop.yarn.server.resourcemanager.recovery.RMStateStore: Updating AMRMToken
2026-02-21 18:40:30,762 INFO org.apache.hadoop.yarn.server.resourcemanager.security.RMContainerTokenSecretManager: Rolling master-key for container-tokens
2026-02-21 18:40:30,762 INFO org.apache.hadoop.yarn.server.resourcemanager.security.RMContainerTokenSecretManager: Going to activate master-key with key-id 1878516368 in 900000ms
2026-02-21 18:40:30,762 INFO org.apache.hadoop.yarn.server.resourcemanager.security.NMTokenSecretManagerInRM: Rolling master-key for nm-tokens
2026-02-21 18:40:30,763 INFO org.apache.hadoop.yarn.server.resourcemanager.security.NMTokenSecretManagerInRM: Going to activate master-key with key-id -133810502 in 900000ms
2026-02-21 18:40:44,481 INFO org.apache.hadoop.yarn.server.resourcemanager.security.RMDelegationTokenSecretManager: removing master key with keyID 5
2026-02-21 18:40:44,481 INFO org.apache.hadoop.yarn.server.resourcemanager.recovery.RMStateStore: Removing RMDTMasterKey.
2026-02-21 18:40:44,481 INFO org.apache.hadoop.security.token.delegation.AbstractDelegationTokenSecretManager: Updating the current master key for generating delegation tokens
2026-02-21 18:40:44,481 INFO org.apache.hadoop.yarn.server.resourcemanager.security.RMDelegationTokenSecretManager: storing master key with keyID 13
2026-02-21 18:40:44,481 INFO org.apache.hadoop.yarn.server.resourcemanager.recovery.RMStateStore: Storing RMDTMasterKey.
2026-02-21 18:40:45,026 INFO org.apache.hadoop.security.token.delegation.AbstractDelegationTokenSecretManager: Updating the current master key for generating delegation tokens
2026-02-21 18:55:30,762 INFO org.apache.hadoop.yarn.server.resourcemanager.security.AMRMTokenSecretManager: Activating next master key with id: -535710830
2026-02-21 18:55:30,762 INFO org.apache.hadoop.yarn.server.resourcemanager.recovery.RMStateStore: Updating AMRMToken
2026-02-21 18:55:30,762 INFO org.apache.hadoop.yarn.server.resourcemanager.security.RMContainerTokenSecretManager: Activating next master key with id: 1878516368
2026-02-21 18:55:30,763 INFO org.apache.hadoop.yarn.server.resourcemanager.security.NMTokenSecretManagerInRM: Activating next master key with id: -133810502
2026-02-22 18:40:30,761 INFO org.apache.hadoop.yarn.server.resourcemanager.security.AMRMTokenSecretManager: Rolling master-key for amrm-tokens
2026-02-22 18:40:30,761 INFO org.apache.hadoop.yarn.server.resourcemanager.recovery.RMStateStore: Updating AMRMToken
2026-02-22 18:40:30,761 INFO org.apache.hadoop.yarn.server.resourcemanager.security.RMContainerTokenSecretManager: Rolling master-key for container-tokens
2026-02-22 18:40:30,761 INFO org.apache.hadoop.yarn.server.resourcemanager.security.RMContainerTokenSecretManager: Going to activate master-key with key-id 1878516369 in 900000ms
2026-02-22 18:40:30,762 INFO org.apache.hadoop.yarn.server.resourcemanager.security.NMTokenSecretManagerInRM: Rolling master-key for nm-tokens
2026-02-22 18:40:30,762 INFO org.apache.hadoop.yarn.server.resourcemanager.security.NMTokenSecretManagerInRM: Going to activate master-key with key-id -133810501 in 900000ms
2026-02-22 18:40:45,702 INFO org.apache.hadoop.yarn.server.resourcemanager.security.RMDelegationTokenSecretManager: removing master key with keyID 6
2026-02-22 18:40:45,702 INFO org.apache.hadoop.yarn.server.resourcemanager.recovery.RMStateStore: Removing RMDTMasterKey.
2026-02-22 18:40:45,703 INFO org.apache.hadoop.security.token.delegation.AbstractDelegationTokenSecretManager: Updating the current master key for generating delegation tokens
2026-02-22 18:40:45,703 INFO org.apache.hadoop.yarn.server.resourcemanager.security.RMDelegationTokenSecretManager: storing master key with keyID 14
2026-02-22 18:40:45,703 INFO org.apache.hadoop.yarn.server.resourcemanager.recovery.RMStateStore: Storing RMDTMasterKey.
2026-02-22 18:40:46,253 INFO org.apache.hadoop.security.token.delegation.AbstractDelegationTokenSecretManager: Updating the current master key for generating delegation tokens
2026-02-22 18:55:30,762 INFO org.apache.hadoop.yarn.server.resourcemanager.security.AMRMTokenSecretManager: Activating next master key with id: -535710829
2026-02-22 18:55:30,762 INFO org.apache.hadoop.yarn.server.resourcemanager.recovery.RMStateStore: Updating AMRMToken
2026-02-22 18:55:30,762 INFO org.apache.hadoop.yarn.server.resourcemanager.security.RMContainerTokenSecretManager: Activating next master key with id: 1878516369
2026-02-22 18:55:30,762 INFO org.apache.hadoop.yarn.server.resourcemanager.security.NMTokenSecretManagerInRM: Activating next master key with id: -133810501
2026-02-23 18:40:30,761 INFO org.apache.hadoop.yarn.server.resourcemanager.security.AMRMTokenSecretManager: Rolling master-key for amrm-tokens
2026-02-23 18:40:30,761 INFO org.apache.hadoop.yarn.server.resourcemanager.recovery.RMStateStore: Updating AMRMToken
2026-02-23 18:40:30,761 INFO org.apache.hadoop.yarn.server.resourcemanager.security.RMContainerTokenSecretManager: Rolling master-key for container-tokens
2026-02-23 18:40:30,761 INFO org.apache.hadoop.yarn.server.resourcemanager.security.RMContainerTokenSecretManager: Going to activate master-key with key-id 1878516370 in 900000ms
2026-02-23 18:40:30,762 INFO org.apache.hadoop.yarn.server.resourcemanager.security.NMTokenSecretManagerInRM: Rolling master-key for nm-tokens
2026-02-23 18:40:30,762 INFO org.apache.hadoop.yarn.server.resourcemanager.security.NMTokenSecretManagerInRM: Going to activate master-key with key-id -133810500 in 900000ms
2026-02-23 18:40:46,921 INFO org.apache.hadoop.yarn.server.resourcemanager.security.RMDelegationTokenSecretManager: removing master key with keyID 7
2026-02-23 18:40:46,921 INFO org.apache.hadoop.yarn.server.resourcemanager.recovery.RMStateStore: Removing RMDTMasterKey.
2026-02-23 18:40:46,921 INFO org.apache.hadoop.security.token.delegation.AbstractDelegationTokenSecretManager: Updating the current master key for generating delegation tokens
2026-02-23 18:40:46,921 INFO org.apache.hadoop.yarn.server.resourcemanager.security.RMDelegationTokenSecretManager: storing master key with keyID 15
2026-02-23 18:40:46,921 INFO org.apache.hadoop.yarn.server.resourcemanager.recovery.RMStateStore: Storing RMDTMasterKey.
2026-02-23 18:40:47,476 INFO org.apache.hadoop.security.token.delegation.AbstractDelegationTokenSecretManager: Updating the current master key for generating delegation tokens
2026-02-23 18:55:30,761 INFO org.apache.hadoop.yarn.server.resourcemanager.security.AMRMTokenSecretManager: Activating next master key with id: -535710828
2026-02-23 18:55:30,761 INFO org.apache.hadoop.yarn.server.resourcemanager.recovery.RMStateStore: Updating AMRMToken
2026-02-23 18:55:30,761 INFO org.apache.hadoop.yarn.server.resourcemanager.security.RMContainerTokenSecretManager: Activating next master key with id: 1878516370
2026-02-23 18:55:30,762 INFO org.apache.hadoop.yarn.server.resourcemanager.security.NMTokenSecretManagerInRM: Activating next master key with id: -133810500
2026-02-24 18:40:30,762 INFO org.apache.hadoop.yarn.server.resourcemanager.security.AMRMTokenSecretManager: Rolling master-key for amrm-tokens
2026-02-24 18:40:30,762 INFO org.apache.hadoop.yarn.server.resourcemanager.security.RMContainerTokenSecretManager: Rolling master-key for container-tokens
2026-02-24 18:40:30,762 INFO org.apache.hadoop.yarn.server.resourcemanager.security.RMContainerTokenSecretManager: Going to activate master-key with key-id 1878516371 in 900000ms
2026-02-24 18:40:30,762 INFO org.apache.hadoop.yarn.server.resourcemanager.recovery.RMStateStore: Updating AMRMToken
2026-02-24 18:40:30,762 INFO org.apache.hadoop.yarn.server.resourcemanager.security.NMTokenSecretManagerInRM: Rolling master-key for nm-tokens
2026-02-24 18:40:30,762 INFO org.apache.hadoop.yarn.server.resourcemanager.security.NMTokenSecretManagerInRM: Going to activate master-key with key-id -133810499 in 900000ms
2026-02-24 18:40:48,137 INFO org.apache.hadoop.yarn.server.resourcemanager.security.RMDelegationTokenSecretManager: removing master key with keyID 8
2026-02-24 18:40:48,137 INFO org.apache.hadoop.yarn.server.resourcemanager.recovery.RMStateStore: Removing RMDTMasterKey.
2026-02-24 18:40:48,137 INFO org.apache.hadoop.security.token.delegation.AbstractDelegationTokenSecretManager: Updating the current master key for generating delegation tokens
2026-02-24 18:40:48,137 INFO org.apache.hadoop.yarn.server.resourcemanager.security.RMDelegationTokenSecretManager: storing master key with keyID 16
2026-02-24 18:40:48,137 INFO org.apache.hadoop.yarn.server.resourcemanager.recovery.RMStateStore: Storing RMDTMasterKey.
2026-02-24 18:40:48,718 INFO org.apache.hadoop.security.token.delegation.AbstractDelegationTokenSecretManager: Updating the current master key for generating delegation tokens
2026-02-24 18:55:30,762 INFO org.apache.hadoop.yarn.server.resourcemanager.security.RMContainerTokenSecretManager: Activating next master key with id: 1878516371
2026-02-24 18:55:30,762 INFO org.apache.hadoop.yarn.server.resourcemanager.security.AMRMTokenSecretManager: Activating next master key with id: -535710827
2026-02-24 18:55:30,762 INFO org.apache.hadoop.yarn.server.resourcemanager.recovery.RMStateStore: Updating AMRMToken
2026-02-24 18:55:30,762 INFO org.apache.hadoop.yarn.server.resourcemanager.security.NMTokenSecretManagerInRM: Activating next master key with id: -133810499
2026-02-25 18:40:30,761 INFO org.apache.hadoop.yarn.server.resourcemanager.security.RMContainerTokenSecretManager: Rolling master-key for container-tokens
2026-02-25 18:40:30,761 INFO org.apache.hadoop.yarn.server.resourcemanager.security.AMRMTokenSecretManager: Rolling master-key for amrm-tokens
2026-02-25 18:40:30,761 INFO org.apache.hadoop.yarn.server.resourcemanager.security.RMContainerTokenSecretManager: Going to activate master-key with key-id 1878516372 in 900000ms
2026-02-25 18:40:30,761 INFO org.apache.hadoop.yarn.server.resourcemanager.recovery.RMStateStore: Updating AMRMToken
2026-02-25 18:40:30,762 INFO org.apache.hadoop.yarn.server.resourcemanager.security.NMTokenSecretManagerInRM: Rolling master-key for nm-tokens
2026-02-25 18:40:30,762 INFO org.apache.hadoop.yarn.server.resourcemanager.security.NMTokenSecretManagerInRM: Going to activate master-key with key-id -133810498 in 900000ms
2026-02-25 18:40:49,353 INFO org.apache.hadoop.yarn.server.resourcemanager.security.RMDelegationTokenSecretManager: removing master key with keyID 9
2026-02-25 18:40:49,353 INFO org.apache.hadoop.yarn.server.resourcemanager.recovery.RMStateStore: Removing RMDTMasterKey.
2026-02-25 18:40:49,353 INFO org.apache.hadoop.security.token.delegation.AbstractDelegationTokenSecretManager: Updating the current master key for generating delegation tokens
2026-02-25 18:40:49,354 INFO org.apache.hadoop.yarn.server.resourcemanager.security.RMDelegationTokenSecretManager: storing master key with keyID 17
2026-02-25 18:40:49,354 INFO org.apache.hadoop.yarn.server.resourcemanager.recovery.RMStateStore: Storing RMDTMasterKey.
2026-02-25 18:40:49,947 INFO org.apache.hadoop.security.token.delegation.AbstractDelegationTokenSecretManager: Updating the current master key for generating delegation tokens
2026-02-25 18:55:30,762 INFO org.apache.hadoop.yarn.server.resourcemanager.security.RMContainerTokenSecretManager: Activating next master key with id: 1878516372
2026-02-25 18:55:30,762 INFO org.apache.hadoop.yarn.server.resourcemanager.security.AMRMTokenSecretManager: Activating next master key with id: -535710826
2026-02-25 18:55:30,762 INFO org.apache.hadoop.yarn.server.resourcemanager.recovery.RMStateStore: Updating AMRMToken
2026-02-25 18:55:30,763 INFO org.apache.hadoop.yarn.server.resourcemanager.security.NMTokenSecretManagerInRM: Activating next master key with id: -133810498
2026-02-26 18:40:30,761 INFO org.apache.hadoop.yarn.server.resourcemanager.security.RMContainerTokenSecretManager: Rolling master-key for container-tokens
2026-02-26 18:40:30,761 INFO org.apache.hadoop.yarn.server.resourcemanager.security.AMRMTokenSecretManager: Rolling master-key for amrm-tokens
2026-02-26 18:40:30,761 INFO org.apache.hadoop.yarn.server.resourcemanager.security.RMContainerTokenSecretManager: Going to activate master-key with key-id 1878516373 in 900000ms
2026-02-26 18:40:30,761 INFO org.apache.hadoop.yarn.server.resourcemanager.recovery.RMStateStore: Updating AMRMToken
2026-02-26 18:40:30,762 INFO org.apache.hadoop.yarn.server.resourcemanager.security.NMTokenSecretManagerInRM: Rolling master-key for nm-tokens
2026-02-26 18:40:30,762 INFO org.apache.hadoop.yarn.server.resourcemanager.security.NMTokenSecretManagerInRM: Going to activate master-key with key-id -133810497 in 900000ms
2026-02-26 18:40:50,580 INFO org.apache.hadoop.yarn.server.resourcemanager.security.RMDelegationTokenSecretManager: removing master key with keyID 10
2026-02-26 18:40:50,580 INFO org.apache.hadoop.yarn.server.resourcemanager.recovery.RMStateStore: Removing RMDTMasterKey.
2026-02-26 18:40:50,580 INFO org.apache.hadoop.security.token.delegation.AbstractDelegationTokenSecretManager: Updating the current master key for generating delegation tokens
2026-02-26 18:40:50,580 INFO org.apache.hadoop.yarn.server.resourcemanager.security.RMDelegationTokenSecretManager: storing master key with keyID 18
2026-02-26 18:40:50,580 INFO org.apache.hadoop.yarn.server.resourcemanager.recovery.RMStateStore: Storing RMDTMasterKey.
2026-02-26 18:40:51,180 INFO org.apache.hadoop.security.token.delegation.AbstractDelegationTokenSecretManager: Updating the current master key for generating delegation tokens
2026-02-26 18:55:30,761 INFO org.apache.hadoop.yarn.server.resourcemanager.security.RMContainerTokenSecretManager: Activating next master key with id: 1878516373
2026-02-26 18:55:30,761 INFO org.apache.hadoop.yarn.server.resourcemanager.security.AMRMTokenSecretManager: Activating next master key with id: -535710825
2026-02-26 18:55:30,761 INFO org.apache.hadoop.yarn.server.resourcemanager.recovery.RMStateStore: Updating AMRMToken
2026-02-26 18:55:30,762 INFO org.apache.hadoop.yarn.server.resourcemanager.security.NMTokenSecretManagerInRM: Activating next master key with id: -133810497
2026-02-27 18:40:30,761 INFO org.apache.hadoop.yarn.server.resourcemanager.security.RMContainerTokenSecretManager: Rolling master-key for container-tokens
2026-02-27 18:40:30,761 INFO org.apache.hadoop.yarn.server.resourcemanager.security.AMRMTokenSecretManager: Rolling master-key for amrm-tokens
2026-02-27 18:40:30,761 INFO org.apache.hadoop.yarn.server.resourcemanager.security.RMContainerTokenSecretManager: Going to activate master-key with key-id 1878516374 in 900000ms
2026-02-27 18:40:30,762 INFO org.apache.hadoop.yarn.server.resourcemanager.recovery.RMStateStore: Updating AMRMToken
2026-02-27 18:40:30,762 INFO org.apache.hadoop.yarn.server.resourcemanager.security.NMTokenSecretManagerInRM: Rolling master-key for nm-tokens
2026-02-27 18:40:30,762 INFO org.apache.hadoop.yarn.server.resourcemanager.security.NMTokenSecretManagerInRM: Going to activate master-key with key-id -133810496 in 900000ms
2026-02-27 18:40:51,833 INFO org.apache.hadoop.yarn.server.resourcemanager.security.RMDelegationTokenSecretManager: removing master key with keyID 11
2026-02-27 18:40:51,833 INFO org.apache.hadoop.yarn.server.resourcemanager.recovery.RMStateStore: Removing RMDTMasterKey.
2026-02-27 18:40:51,833 INFO org.apache.hadoop.security.token.delegation.AbstractDelegationTokenSecretManager: Updating the current master key for generating delegation tokens
2026-02-27 18:40:51,833 INFO org.apache.hadoop.yarn.server.resourcemanager.security.RMDelegationTokenSecretManager: storing master key with keyID 19
2026-02-27 18:40:51,834 INFO org.apache.hadoop.yarn.server.resourcemanager.recovery.RMStateStore: Storing RMDTMasterKey.
2026-02-27 18:40:52,399 INFO org.apache.hadoop.security.token.delegation.AbstractDelegationTokenSecretManager: Updating the current master key for generating delegation tokens
2026-02-27 18:55:30,762 INFO org.apache.hadoop.yarn.server.resourcemanager.security.RMContainerTokenSecretManager: Activating next master key with id: 1878516374
2026-02-27 18:55:30,762 INFO org.apache.hadoop.yarn.server.resourcemanager.security.AMRMTokenSecretManager: Activating next master key with id: -535710824
2026-02-27 18:55:30,762 INFO org.apache.hadoop.yarn.server.resourcemanager.recovery.RMStateStore: Updating AMRMToken
2026-02-27 18:55:30,762 INFO org.apache.hadoop.yarn.server.resourcemanager.security.NMTokenSecretManagerInRM: Activating next master key with id: -133810496
2026-02-28 18:40:30,761 INFO org.apache.hadoop.yarn.server.resourcemanager.security.RMContainerTokenSecretManager: Rolling master-key for container-tokens
2026-02-28 18:40:30,761 INFO org.apache.hadoop.yarn.server.resourcemanager.security.AMRMTokenSecretManager: Rolling master-key for amrm-tokens
2026-02-28 18:40:30,761 INFO org.apache.hadoop.yarn.server.resourcemanager.security.RMContainerTokenSecretManager: Going to activate master-key with key-id 1878516375 in 900000ms
2026-02-28 18:40:30,761 INFO org.apache.hadoop.yarn.server.resourcemanager.recovery.RMStateStore: Updating AMRMToken
2026-02-28 18:40:30,762 INFO org.apache.hadoop.yarn.server.resourcemanager.security.NMTokenSecretManagerInRM: Rolling master-key for nm-tokens
2026-02-28 18:40:30,762 INFO org.apache.hadoop.yarn.server.resourcemanager.security.NMTokenSecretManagerInRM: Going to activate master-key with key-id -133810495 in 900000ms
2026-02-28 18:40:53,080 INFO org.apache.hadoop.yarn.server.resourcemanager.security.RMDelegationTokenSecretManager: removing master key with keyID 12
2026-02-28 18:40:53,080 INFO org.apache.hadoop.yarn.server.resourcemanager.recovery.RMStateStore: Removing RMDTMasterKey.
2026-02-28 18:40:53,080 INFO org.apache.hadoop.security.token.delegation.AbstractDelegationTokenSecretManager: Updating the current master key for generating delegation tokens
2026-02-28 18:40:53,080 INFO org.apache.hadoop.yarn.server.resourcemanager.security.RMDelegationTokenSecretManager: storing master key with keyID 20
2026-02-28 18:40:53,080 INFO org.apache.hadoop.yarn.server.resourcemanager.recovery.RMStateStore: Storing RMDTMasterKey.
2026-02-28 18:40:53,617 INFO org.apache.hadoop.security.token.delegation.AbstractDelegationTokenSecretManager: Updating the current master key for generating delegation tokens
2026-02-28 18:55:30,761 INFO org.apache.hadoop.yarn.server.resourcemanager.security.RMContainerTokenSecretManager: Activating next master key with id: 1878516375
2026-02-28 18:55:30,761 INFO org.apache.hadoop.yarn.server.resourcemanager.security.AMRMTokenSecretManager: Activating next master key with id: -535710823
2026-02-28 18:55:30,761 INFO org.apache.hadoop.yarn.server.resourcemanager.recovery.RMStateStore: Updating AMRMToken
2026-02-28 18:55:30,762 INFO org.apache.hadoop.yarn.server.resourcemanager.security.NMTokenSecretManagerInRM: Activating next master key with id: -133810495
2026-03-01 18:40:30,761 INFO org.apache.hadoop.yarn.server.resourcemanager.security.RMContainerTokenSecretManager: Rolling master-key for container-tokens
2026-03-01 18:40:30,761 INFO org.apache.hadoop.yarn.server.resourcemanager.security.AMRMTokenSecretManager: Rolling master-key for amrm-tokens
2026-03-01 18:40:30,761 INFO org.apache.hadoop.yarn.server.resourcemanager.security.RMContainerTokenSecretManager: Going to activate master-key with key-id 1878516376 in 900000ms
2026-03-01 18:40:30,761 INFO org.apache.hadoop.yarn.server.resourcemanager.recovery.RMStateStore: Updating AMRMToken
2026-03-01 18:40:30,762 INFO org.apache.hadoop.yarn.server.resourcemanager.security.NMTokenSecretManagerInRM: Rolling master-key for nm-tokens
2026-03-01 18:40:30,762 INFO org.apache.hadoop.yarn.server.resourcemanager.security.NMTokenSecretManagerInRM: Going to activate master-key with key-id -133810494 in 900000ms
2026-03-01 18:40:54,288 INFO org.apache.hadoop.yarn.server.resourcemanager.security.RMDelegationTokenSecretManager: removing master key with keyID 13
2026-03-01 18:40:54,288 INFO org.apache.hadoop.yarn.server.resourcemanager.recovery.RMStateStore: Removing RMDTMasterKey.
2026-03-01 18:40:54,288 INFO org.apache.hadoop.security.token.delegation.AbstractDelegationTokenSecretManager: Updating the current master key for generating delegation tokens
2026-03-01 18:40:54,288 INFO org.apache.hadoop.yarn.server.resourcemanager.security.RMDelegationTokenSecretManager: storing master key with keyID 21
2026-03-01 18:40:54,288 INFO org.apache.hadoop.yarn.server.resourcemanager.recovery.RMStateStore: Storing RMDTMasterKey.
2026-03-01 18:40:54,841 INFO org.apache.hadoop.security.token.delegation.AbstractDelegationTokenSecretManager: Updating the current master key for generating delegation tokens
2026-03-01 18:55:30,762 INFO org.apache.hadoop.yarn.server.resourcemanager.security.RMContainerTokenSecretManager: Activating next master key with id: 1878516376
2026-03-01 18:55:30,762 INFO org.apache.hadoop.yarn.server.resourcemanager.security.AMRMTokenSecretManager: Activating next master key with id: -535710822
2026-03-01 18:55:30,762 INFO org.apache.hadoop.yarn.server.resourcemanager.recovery.RMStateStore: Updating AMRMToken
2026-03-01 18:55:30,763 INFO org.apache.hadoop.yarn.server.resourcemanager.security.NMTokenSecretManagerInRM: Activating next master key with id: -133810494
2026-03-02 18:40:30,761 INFO org.apache.hadoop.yarn.server.resourcemanager.security.RMContainerTokenSecretManager: Rolling master-key for container-tokens
2026-03-02 18:40:30,761 INFO org.apache.hadoop.yarn.server.resourcemanager.security.AMRMTokenSecretManager: Rolling master-key for amrm-tokens
2026-03-02 18:40:30,761 INFO org.apache.hadoop.yarn.server.resourcemanager.security.RMContainerTokenSecretManager: Going to activate master-key with key-id 1878516377 in 900000ms
2026-03-02 18:40:30,761 INFO org.apache.hadoop.yarn.server.resourcemanager.recovery.RMStateStore: Updating AMRMToken
2026-03-02 18:40:30,762 INFO org.apache.hadoop.yarn.server.resourcemanager.security.NMTokenSecretManagerInRM: Rolling master-key for nm-tokens
2026-03-02 18:40:30,762 INFO org.apache.hadoop.yarn.server.resourcemanager.security.NMTokenSecretManagerInRM: Going to activate master-key with key-id -133810493 in 900000ms
2026-03-02 18:40:55,503 INFO org.apache.hadoop.yarn.server.resourcemanager.security.RMDelegationTokenSecretManager: removing master key with keyID 14
2026-03-02 18:40:55,503 INFO org.apache.hadoop.yarn.server.resourcemanager.recovery.RMStateStore: Removing RMDTMasterKey.
2026-03-02 18:40:55,503 INFO org.apache.hadoop.security.token.delegation.AbstractDelegationTokenSecretManager: Updating the current master key for generating delegation tokens
2026-03-02 18:40:55,503 INFO org.apache.hadoop.yarn.server.resourcemanager.security.RMDelegationTokenSecretManager: storing master key with keyID 22
2026-03-02 18:40:55,503 INFO org.apache.hadoop.yarn.server.resourcemanager.recovery.RMStateStore: Storing RMDTMasterKey.
2026-03-02 18:40:56,080 INFO org.apache.hadoop.security.token.delegation.AbstractDelegationTokenSecretManager: Updating the current master key for generating delegation tokens
2026-03-02 18:55:30,761 INFO org.apache.hadoop.yarn.server.resourcemanager.security.RMContainerTokenSecretManager: Activating next master key with id: 1878516377
2026-03-02 18:55:30,761 INFO org.apache.hadoop.yarn.server.resourcemanager.security.AMRMTokenSecretManager: Activating next master key with id: -535710821
2026-03-02 18:55:30,761 INFO org.apache.hadoop.yarn.server.resourcemanager.recovery.RMStateStore: Updating AMRMToken
2026-03-02 18:55:30,762 INFO org.apache.hadoop.yarn.server.resourcemanager.security.NMTokenSecretManagerInRM: Activating next master key with id: -133810493
2026-03-03 18:40:30,761 INFO org.apache.hadoop.yarn.server.resourcemanager.security.RMContainerTokenSecretManager: Rolling master-key for container-tokens
2026-03-03 18:40:30,762 INFO org.apache.hadoop.yarn.server.resourcemanager.security.AMRMTokenSecretManager: Rolling master-key for amrm-tokens
2026-03-03 18:40:30,762 INFO org.apache.hadoop.yarn.server.resourcemanager.security.RMContainerTokenSecretManager: Going to activate master-key with key-id 1878516378 in 900000ms
2026-03-03 18:40:30,762 INFO org.apache.hadoop.yarn.server.resourcemanager.recovery.RMStateStore: Updating AMRMToken
2026-03-03 18:40:30,762 INFO org.apache.hadoop.yarn.server.resourcemanager.security.NMTokenSecretManagerInRM: Rolling master-key for nm-tokens
2026-03-03 18:40:30,762 INFO org.apache.hadoop.yarn.server.resourcemanager.security.NMTokenSecretManagerInRM: Going to activate master-key with key-id -133810492 in 900000ms
2026-03-03 18:40:56,717 INFO org.apache.hadoop.yarn.server.resourcemanager.security.RMDelegationTokenSecretManager: removing master key with keyID 15
2026-03-03 18:40:56,717 INFO org.apache.hadoop.yarn.server.resourcemanager.recovery.RMStateStore: Removing RMDTMasterKey.
2026-03-03 18:40:56,717 INFO org.apache.hadoop.security.token.delegation.AbstractDelegationTokenSecretManager: Updating the current master key for generating delegation tokens
2026-03-03 18:40:56,717 INFO org.apache.hadoop.yarn.server.resourcemanager.security.RMDelegationTokenSecretManager: storing master key with keyID 23
2026-03-03 18:40:56,717 INFO org.apache.hadoop.yarn.server.resourcemanager.recovery.RMStateStore: Storing RMDTMasterKey.
2026-03-03 18:40:57,316 INFO org.apache.hadoop.security.token.delegation.AbstractDelegationTokenSecretManager: Updating the current master key for generating delegation tokens
2026-03-03 18:55:30,762 INFO org.apache.hadoop.yarn.server.resourcemanager.security.RMContainerTokenSecretManager: Activating next master key with id: 1878516378
2026-03-03 18:55:30,762 INFO org.apache.hadoop.yarn.server.resourcemanager.security.AMRMTokenSecretManager: Activating next master key with id: -535710820
2026-03-03 18:55:30,762 INFO org.apache.hadoop.yarn.server.resourcemanager.recovery.RMStateStore: Updating AMRMToken
2026-03-03 18:55:30,762 INFO org.apache.hadoop.yarn.server.resourcemanager.security.NMTokenSecretManagerInRM: Activating next master key with id: -133810492
